<?xml version="1.0" encoding="UTF-8"?>
<coverage generated="1473002544869" clover="3.2.0">
	<project timestamp="1473002544870"  name="All Files" >
		<metrics statements="1573"  coveredstatements="1359"  conditionals="740"  coveredconditionals="521"  methods="245"  coveredmethods="205"  elements="2558"  coveredelements="2085"  complexity="0"  packages="8"  files="42"  classes="42"  loc="4359"  ncloc="4359" />
		<package name="data-structures" >
			<metrics statements="686"  coveredstatements="485"  conditionals="386"  coveredconditionals="214"  methods="107"  coveredmethods="68" />
			<file name="binary-search-tree.js"  path="/home/ubuntu/workspace/src/data-structures/binary-search-tree.js" >
				<metrics statements="142"  coveredstatements="77"  conditionals="89"  coveredconditionals="36"  methods="27"  coveredmethods="9" />
				<line num="26"  count="1"  type="stmt" />
				<line num="39"  count="1"  type="stmt" />
				<line num="43"  count="19"  type="stmt" />
				<line num="44"  count="19"  type="stmt" />
				<line num="45"  count="19"  type="stmt" />
				<line num="46"  count="19"  type="stmt" />
				<line num="55"  count="1"  type="stmt" />
				<line num="56"  count="5"  type="stmt" />
				<line num="69"  count="1"  type="stmt" />
				<line num="70"  count="30"  type="cond"  truecount="2"  falsecount="0" />
				<line num="71"  count="4"  type="stmt" />
				<line num="72"  count="4"  type="stmt" />
				<line num="74"  count="26"  type="stmt" />
				<line num="75"  count="26"  type="cond"  truecount="2"  falsecount="0" />
				<line num="76"  count="26"  type="cond"  truecount="2"  falsecount="0" />
				<line num="77"  count="11"  type="stmt" />
				<line num="79"  count="15"  type="stmt" />
				<line num="81"  count="26"  type="cond"  truecount="2"  falsecount="0" />
				<line num="82"  count="15"  type="stmt" />
				<line num="84"  count="11"  type="stmt" />
				<line num="96"  count="1"  type="stmt" />
				<line num="97"  count="0"  type="cond"  truecount="0"  falsecount="2" />
				<line num="98"  count="0"  type="stmt" />
				<line num="100"  count="0"  type="stmt" />
				<line num="101"  count="0"  type="cond"  truecount="0"  falsecount="2" />
				<line num="102"  count="0"  type="stmt" />
				<line num="104"  count="0"  type="stmt" />
				<line num="115"  count="1"  type="stmt" />
				<line num="116"  count="0"  type="stmt" />
				<line num="127"  count="1"  type="stmt" />
				<line num="128"  count="0"  type="cond"  truecount="0"  falsecount="2" />
				<line num="129"  count="0"  type="stmt" />
				<line num="131"  count="0"  type="stmt" />
				<line num="132"  count="0"  type="stmt" />
				<line num="133"  count="0"  type="cond"  truecount="0"  falsecount="2" />
				<line num="134"  count="0"  type="stmt" />
				<line num="145"  count="1"  type="stmt" />
				<line num="146"  count="0"  type="stmt" />
				<line num="157"  count="1"  type="stmt" />
				<line num="158"  count="0"  type="cond"  truecount="0"  falsecount="2" />
				<line num="159"  count="0"  type="stmt" />
				<line num="161"  count="0"  type="cond"  truecount="0"  falsecount="2" />
				<line num="162"  count="0"  type="stmt" />
				<line num="164"  count="0"  type="stmt" />
				<line num="165"  count="0"  type="stmt" />
				<line num="175"  count="1"  type="stmt" />
				<line num="176"  count="0"  type="stmt" />
				<line num="186"  count="1"  type="stmt" />
				<line num="187"  count="5"  type="stmt" />
				<line num="198"  count="1"  type="stmt" />
				<line num="199"  count="10"  type="cond"  truecount="1"  falsecount="1" />
				<line num="200"  count="0"  type="stmt" />
				<line num="203"  count="10"  type="cond"  truecount="2"  falsecount="0" />
				<line num="204"  count="5"  type="stmt" />
				<line num="207"  count="5"  type="cond"  truecount="2"  falsecount="0" />
				<line num="208"  count="2"  type="stmt" />
				<line num="211"  count="3"  type="cond"  truecount="1"  falsecount="1" />
				<line num="212"  count="3"  type="stmt" />
				<line num="224"  count="1"  type="stmt" />
				<line num="226"  count="5"  type="cond"  truecount="2"  falsecount="0" />
				<line num="227"  count="2"  type="stmt" />
				<line num="228"  count="2"  type="cond"  truecount="2"  falsecount="0" />
				<line num="229"  count="1"  type="stmt" />
				<line num="232"  count="3"  type="cond"  truecount="2"  falsecount="0" />
				<line num="233"  count="1"  type="stmt" />
				<line num="235"  count="2"  type="stmt" />
				<line num="237"  count="3"  type="cond"  truecount="2"  falsecount="0" />
				<line num="238"  count="1"  type="stmt" />
				<line num="252"  count="1"  type="stmt" />
				<line num="253"  count="6"  type="cond"  truecount="1"  falsecount="1" />
				<line num="254"  count="0"  type="stmt" />
				<line num="256"  count="6"  type="cond"  truecount="4"  falsecount="0" />
				<line num="257"  count="1"  type="stmt" />
				<line num="258"  count="1"  type="stmt" />
				<line num="259"  count="1"  type="stmt" />
				<line num="260"  count="1"  type="stmt" />
				<line num="261"  count="1"  type="stmt" />
				<line num="263"  count="5"  type="cond"  truecount="1"  falsecount="1" />
				<line num="264"  count="0"  type="stmt" />
				<line num="265"  count="5"  type="cond"  truecount="2"  falsecount="0" />
				<line num="266"  count="2"  type="stmt" />
				<line num="268"  count="3"  type="stmt" />
				<line num="270"  count="5"  type="stmt" />
				<line num="282"  count="1"  type="stmt" />
				<line num="283"  count="2"  type="cond"  truecount="2"  falsecount="0" />
				<line num="284"  count="2"  type="cond"  truecount="2"  falsecount="0" />
				<line num="285"  count="1"  type="stmt" />
				<line num="287"  count="1"  type="cond"  truecount="1"  falsecount="1" />
				<line num="288"  count="1"  type="stmt" />
				<line num="290"  count="1"  type="stmt" />
				<line num="301"  count="1"  type="stmt" />
				<line num="302"  count="0"  type="cond"  truecount="0"  falsecount="2" />
				<line num="303"  count="0"  type="cond"  truecount="0"  falsecount="2" />
				<line num="304"  count="0"  type="stmt" />
				<line num="306"  count="0"  type="cond"  truecount="0"  falsecount="2" />
				<line num="307"  count="0"  type="stmt" />
				<line num="309"  count="0"  type="stmt" />
				<line num="318"  count="1"  type="stmt" />
				<line num="319"  count="0"  type="stmt" />
				<line num="329"  count="1"  type="stmt" />
				<line num="330"  count="0"  type="stmt" />
				<line num="340"  count="1"  type="stmt" />
				<line num="341"  count="0"  type="cond"  truecount="0"  falsecount="2" />
				<line num="342"  count="0"  type="stmt" />
				<line num="344"  count="0"  type="cond"  truecount="0"  falsecount="3" />
				<line num="356"  count="1"  type="stmt" />
				<line num="357"  count="0"  type="stmt" />
				<line num="366"  count="1"  type="stmt" />
				<line num="367"  count="0"  type="stmt" />
				<line num="368"  count="0"  type="cond"  truecount="0"  falsecount="2" />
				<line num="369"  count="0"  type="stmt" />
				<line num="371"  count="0"  type="stmt" />
				<line num="372"  count="0"  type="stmt" />
				<line num="373"  count="0"  type="stmt" />
				<line num="374"  count="0"  type="stmt" />
				<line num="376"  count="0"  type="stmt" />
				<line num="385"  count="1"  type="stmt" />
				<line num="386"  count="0"  type="stmt" />
				<line num="396"  count="1"  type="stmt" />
				<line num="397"  count="0"  type="cond"  truecount="0"  falsecount="2" />
				<line num="398"  count="0"  type="stmt" />
				<line num="400"  count="0"  type="stmt" />
				<line num="414"  count="1"  type="stmt" />
				<line num="416"  count="0"  type="stmt" />
				<line num="430"  count="1"  type="stmt" />
				<line num="432"  count="0"  type="stmt" />
				<line num="433"  count="0"  type="stmt" />
				<line num="434"  count="0"  type="stmt" />
				<line num="435"  count="0"  type="stmt" />
				<line num="436"  count="0"  type="cond"  truecount="0"  falsecount="6" />
				<line num="438"  count="0"  type="stmt" />
				<line num="440"  count="0"  type="cond"  truecount="0"  falsecount="4" />
				<line num="441"  count="0"  type="stmt" />
				<line num="443"  count="0"  type="cond"  truecount="0"  falsecount="4" />
				<line num="444"  count="0"  type="stmt" />
				<line num="446"  count="0"  type="stmt" />
				<line num="457"  count="1"  type="stmt" />
				<line num="458"  count="0"  type="cond"  truecount="0"  falsecount="2" />
				<line num="459"  count="0"  type="stmt" />
				<line num="461"  count="0"  type="cond"  truecount="0"  falsecount="2" />
				<line num="462"  count="0"  type="stmt" />
				<line num="464"  count="0"  type="cond"  truecount="0"  falsecount="2" />
			</file>
			<file name="edge.js"  path="/home/ubuntu/workspace/src/data-structures/edge.js" >
				<metrics statements="5"  coveredstatements="5"  conditionals="2"  coveredconditionals="1"  methods="2"  coveredmethods="2" />
				<line num="1"  count="1"  type="stmt" />
				<line num="14"  count="1"  type="stmt" />
				<line num="15"  count="3"  type="stmt" />
				<line num="16"  count="3"  type="stmt" />
				<line num="17"  count="3"  type="stmt" />
			</file>
			<file name="hash-table.js"  path="/home/ubuntu/workspace/src/data-structures/hash-table.js" >
				<metrics statements="87"  coveredstatements="79"  conditionals="58"  coveredconditionals="49"  methods="7"  coveredmethods="7" />
				<line num="26"  count="1"  type="stmt" />
				<line num="37"  count="1"  type="stmt" />
				<line num="38"  count="54"  type="stmt" />
				<line num="39"  count="54"  type="stmt" />
				<line num="40"  count="54"  type="stmt" />
				<line num="41"  count="54"  type="stmt" />
				<line num="50"  count="1"  type="stmt" />
				<line num="51"  count="25"  type="stmt" />
				<line num="53"  count="25"  type="stmt" />
				<line num="65"  count="1"  type="stmt" />
				<line num="66"  count="86"  type="stmt" />
				<line num="67"  count="86"  type="stmt" />
				<line num="68"  count="86"  type="stmt" />
				<line num="71"  count="86"  type="cond"  truecount="4"  falsecount="0" />
				<line num="72"  count="6"  type="stmt" />
				<line num="75"  count="80"  type="stmt" />
				<line num="76"  count="615"  type="stmt" />
				<line num="78"  count="615"  type="stmt" />
				<line num="79"  count="615"  type="stmt" />
				<line num="83"  count="80"  type="stmt" />
				<line num="94"  count="1"  type="stmt" />
				<line num="99"  count="54"  type="cond"  truecount="2"  falsecount="0" />
				<line num="101"  count="6"  type="stmt" />
				<line num="102"  count="48"  type="cond"  truecount="1"  falsecount="1" />
				<line num="104"  count="48"  type="stmt" />
				<line num="107"  count="54"  type="stmt" />
				<line num="109"  count="54"  type="stmt" />
				<line num="112"  count="54"  type="cond"  truecount="2"  falsecount="0" />
				<line num="113"  count="24"  type="stmt" />
				<line num="114"  count="24"  type="stmt" />
				<line num="118"  count="30"  type="cond"  truecount="1"  falsecount="1" />
				<line num="119"  count="0"  type="stmt" />
				<line num="120"  count="0"  type="stmt" />
				<line num="127"  count="30"  type="stmt" />
				<line num="128"  count="30"  type="stmt" />
				<line num="129"  count="12"  type="stmt" />
				<line num="131"  count="30"  type="stmt" />
				<line num="132"  count="30"  type="stmt" />
				<line num="142"  count="1"  type="stmt" />
				<line num="147"  count="24"  type="cond"  truecount="2"  falsecount="0" />
				<line num="149"  count="4"  type="stmt" />
				<line num="150"  count="20"  type="cond"  truecount="1"  falsecount="1" />
				<line num="152"  count="20"  type="stmt" />
				<line num="154"  count="24"  type="stmt" />
				<line num="156"  count="24"  type="cond"  truecount="2"  falsecount="0" />
				<line num="157"  count="2"  type="stmt" />
				<line num="158"  count="22"  type="cond"  truecount="2"  falsecount="0" />
				<line num="162"  count="4"  type="stmt" />
				<line num="164"  count="18"  type="stmt" />
				<line num="165"  count="18"  type="stmt" />
				<line num="170"  count="12"  type="stmt" />
				<line num="173"  count="18"  type="cond"  truecount="2"  falsecount="0" />
				<line num="174"  count="16"  type="stmt" />
				<line num="176"  count="2"  type="stmt" />
				<line num="188"  count="1"  type="stmt" />
				<line num="193"  count="8"  type="cond"  truecount="2"  falsecount="0" />
				<line num="195"  count="2"  type="stmt" />
				<line num="196"  count="6"  type="cond"  truecount="1"  falsecount="1" />
				<line num="198"  count="6"  type="stmt" />
				<line num="200"  count="8"  type="stmt" />
				<line num="202"  count="8"  type="cond"  truecount="1"  falsecount="1" />
				<line num="203"  count="0"  type="stmt" />
				<line num="204"  count="8"  type="cond"  truecount="2"  falsecount="0" />
				<line num="205"  count="2"  type="stmt" />
				<line num="207"  count="6"  type="stmt" />
				<line num="209"  count="6"  type="stmt" />
				<line num="214"  count="2"  type="stmt" />
				<line num="217"  count="6"  type="stmt" />
				<line num="221"  count="6"  type="cond"  truecount="3"  falsecount="1" />
				<line num="222"  count="0"  type="stmt" />
				<line num="223"  count="0"  type="stmt" />
				<line num="227"  count="6"  type="cond"  truecount="4"  falsecount="0" />
				<line num="228"  count="4"  type="stmt" />
				<line num="229"  count="4"  type="stmt" />
				<line num="230"  count="4"  type="cond"  truecount="2"  falsecount="0" />
				<line num="231"  count="2"  type="stmt" />
				<line num="233"  count="2"  type="stmt" />
				<line num="235"  count="4"  type="stmt" />
				<line num="239"  count="2"  type="cond"  truecount="3"  falsecount="1" />
				<line num="240"  count="0"  type="stmt" />
				<line num="241"  count="0"  type="stmt" />
				<line num="242"  count="0"  type="stmt" />
				<line num="246"  count="2"  type="cond"  truecount="3"  falsecount="1" />
				<line num="247"  count="2"  type="stmt" />
				<line num="248"  count="2"  type="stmt" />
				<line num="249"  count="2"  type="stmt" />
				<line num="250"  count="2"  type="stmt" />
			</file>
			<file name="heap.js"  path="/home/ubuntu/workspace/src/data-structures/heap.js" >
				<metrics statements="53"  coveredstatements="42"  conditionals="22"  coveredconditionals="14"  methods="11"  coveredmethods="8" />
				<line num="41"  count="1"  type="stmt" />
				<line num="52"  count="1"  type="stmt" />
				<line num="53"  count="10"  type="stmt" />
				<line num="54"  count="10"  type="cond"  truecount="2"  falsecount="0" />
				<line num="55"  count="5"  type="stmt" />
				<line num="57"  count="5"  type="stmt" />
				<line num="58"  count="13"  type="stmt" />
				<line num="73"  count="1"  type="stmt" />
				<line num="74"  count="12"  type="stmt" />
				<line num="75"  count="12"  type="stmt" />
				<line num="76"  count="12"  type="stmt" />
				<line num="77"  count="12"  type="stmt" />
				<line num="79"  count="12"  type="cond"  truecount="3"  falsecount="1" />
				<line num="81"  count="0"  type="stmt" />
				<line num="84"  count="12"  type="cond"  truecount="2"  falsecount="2" />
				<line num="86"  count="0"  type="stmt" />
				<line num="89"  count="12"  type="cond"  truecount="1"  falsecount="1" />
				<line num="90"  count="0"  type="stmt" />
				<line num="91"  count="0"  type="stmt" />
				<line num="92"  count="0"  type="stmt" />
				<line num="93"  count="0"  type="stmt" />
				<line num="106"  count="1"  type="stmt" />
				<line num="107"  count="17"  type="stmt" />
				<line num="108"  count="17"  type="stmt" />
				<line num="109"  count="17"  type="stmt" />
				<line num="110"  count="17"  type="stmt" />
				<line num="111"  count="17"  type="cond"  truecount="1"  falsecount="1" />
				<line num="112"  count="17"  type="cond"  truecount="2"  falsecount="0" />
				<line num="113"  count="5"  type="stmt" />
				<line num="114"  count="5"  type="stmt" />
				<line num="115"  count="5"  type="stmt" />
				<line num="116"  count="5"  type="stmt" />
				<line num="117"  count="5"  type="stmt" />
				<line num="120"  count="17"  type="stmt" />
				<line num="131"  count="1"  type="stmt" />
				<line num="132"  count="4"  type="stmt" />
				<line num="133"  count="4"  type="cond"  truecount="1"  falsecount="1" />
				<line num="134"  count="0"  type="stmt" />
				<line num="146"  count="1"  type="stmt" />
				<line num="147"  count="17"  type="stmt" />
				<line num="148"  count="17"  type="stmt" />
				<line num="158"  count="1"  type="stmt" />
				<line num="159"  count="0"  type="stmt" />
				<line num="170"  count="1"  type="stmt" />
				<line num="171"  count="12"  type="cond"  truecount="1"  falsecount="1" />
				<line num="172"  count="0"  type="stmt" />
				<line num="174"  count="12"  type="stmt" />
				<line num="175"  count="12"  type="stmt" />
				<line num="176"  count="12"  type="stmt" />
				<line num="179"  count="1"  type="stmt" />
				<line num="180"  count="0"  type="stmt" />
				<line num="189"  count="1"  type="stmt" />
				<line num="190"  count="0"  type="stmt" />
			</file>
			<file name="linked-list.js"  path="/home/ubuntu/workspace/src/data-structures/linked-list.js" >
				<metrics statements="105"  coveredstatements="79"  conditionals="36"  coveredconditionals="17"  methods="13"  coveredmethods="12" />
				<line num="36"  count="1"  type="stmt" />
				<line num="47"  count="1"  type="stmt" />
				<line num="52"  count="1396"  type="stmt" />
				<line num="57"  count="1396"  type="stmt" />
				<line num="62"  count="1396"  type="stmt" />
				<line num="71"  count="1"  type="stmt" />
				<line num="72"  count="411"  type="stmt" />
				<line num="73"  count="411"  type="stmt" />
				<line num="83"  count="1"  type="stmt" />
				<line num="84"  count="1392"  type="stmt" />
				<line num="85"  count="1392"  type="cond"  truecount="2"  falsecount="0" />
				<line num="86"  count="410"  type="stmt" />
				<line num="88"  count="982"  type="stmt" />
				<line num="89"  count="982"  type="stmt" />
				<line num="90"  count="982"  type="stmt" />
				<line num="91"  count="982"  type="stmt" />
				<line num="102"  count="1"  type="stmt" />
				<line num="103"  count="1"  type="stmt" />
				<line num="104"  count="1"  type="cond"  truecount="1"  falsecount="1" />
				<line num="105"  count="0"  type="stmt" />
				<line num="107"  count="1"  type="stmt" />
				<line num="108"  count="1"  type="stmt" />
				<line num="109"  count="1"  type="stmt" />
				<line num="110"  count="1"  type="stmt" />
				<line num="121"  count="1"  type="stmt" />
				<line num="122"  count="1"  type="stmt" />
				<line num="123"  count="1"  type="stmt" />
				<line num="124"  count="5"  type="stmt" />
				<line num="125"  count="5"  type="stmt" />
				<line num="137"  count="1"  type="stmt" />
				<line num="138"  count="0"  type="cond"  truecount="0"  falsecount="2" />
				<line num="139"  count="0"  type="stmt" />
				<line num="141"  count="0"  type="stmt" />
				<line num="142"  count="0"  type="stmt" />
				<line num="143"  count="0"  type="stmt" />
				<line num="144"  count="0"  type="stmt" />
				<line num="145"  count="0"  type="cond"  truecount="0"  falsecount="2" />
				<line num="146"  count="0"  type="stmt" />
				<line num="147"  count="0"  type="stmt" />
				<line num="148"  count="0"  type="cond"  truecount="0"  falsecount="2" />
				<line num="149"  count="0"  type="stmt" />
				<line num="151"  count="0"  type="cond"  truecount="0"  falsecount="2" />
				<line num="152"  count="0"  type="stmt" />
				<line num="154"  count="0"  type="cond"  truecount="0"  falsecount="2" />
				<line num="155"  count="0"  type="stmt" />
				<line num="157"  count="0"  type="cond"  truecount="0"  falsecount="2" />
				<line num="158"  count="0"  type="stmt" />
				<line num="160"  count="0"  type="stmt" />
				<line num="162"  count="0"  type="stmt" />
				<line num="164"  count="0"  type="stmt" />
				<line num="174"  count="1"  type="stmt" />
				<line num="175"  count="2"  type="stmt" />
				<line num="176"  count="2"  type="stmt" />
				<line num="177"  count="2"  type="stmt" />
				<line num="178"  count="5"  type="cond"  truecount="1"  falsecount="1" />
				<line num="179"  count="0"  type="stmt" />
				<line num="181"  count="5"  type="stmt" />
				<line num="182"  count="5"  type="cond"  truecount="2"  falsecount="0" />
				<line num="183"  count="1"  type="stmt" />
				<line num="185"  count="4"  type="stmt" />
				<line num="186"  count="4"  type="stmt" />
				<line num="187"  count="4"  type="cond"  truecount="2"  falsecount="0" />
				<line num="188"  count="1"  type="stmt" />
				<line num="200"  count="1"  type="stmt" />
				<line num="201"  count="5"  type="cond"  truecount="1"  falsecount="1" />
				<line num="202"  count="0"  type="stmt" />
				<line num="204"  count="5"  type="stmt" />
				<line num="205"  count="5"  type="stmt" />
				<line num="206"  count="5"  type="stmt" />
				<line num="216"  count="1"  type="stmt" />
				<line num="217"  count="1373"  type="cond"  truecount="1"  falsecount="1" />
				<line num="218"  count="0"  type="stmt" />
				<line num="220"  count="1373"  type="stmt" />
				<line num="221"  count="1373"  type="stmt" />
				<line num="222"  count="1373"  type="stmt" />
				<line num="231"  count="1"  type="stmt" />
				<line num="233"  count="1"  type="stmt" />
				<line num="234"  count="5"  type="cond"  truecount="2"  falsecount="0" />
				<line num="235"  count="1"  type="stmt" />
				<line num="237"  count="4"  type="stmt" />
				<line num="238"  count="4"  type="stmt" />
				<line num="241"  count="1"  type="cond"  truecount="1"  falsecount="1" />
				<line num="242"  count="0"  type="stmt" />
				<line num="244"  count="1"  type="stmt" />
				<line num="245"  count="1"  type="stmt" />
				<line num="246"  count="1"  type="stmt" />
				<line num="247"  count="1"  type="stmt" />
				<line num="248"  count="1"  type="stmt" />
				<line num="257"  count="1"  type="stmt" />
				<line num="258"  count="1"  type="cond"  truecount="3"  falsecount="1" />
				<line num="259"  count="0"  type="stmt" />
				<line num="261"  count="1"  type="stmt" />
				<line num="262"  count="1"  type="stmt" />
				<line num="263"  count="1"  type="stmt" />
				<line num="264"  count="1"  type="stmt" />
				<line num="265"  count="4"  type="stmt" />
				<line num="266"  count="4"  type="stmt" />
				<line num="267"  count="4"  type="stmt" />
				<line num="268"  count="4"  type="stmt" />
				<line num="269"  count="4"  type="stmt" />
				<line num="271"  count="1"  type="stmt" />
				<line num="272"  count="1"  type="stmt" />
				<line num="273"  count="1"  type="stmt" />
				<line num="274"  count="1"  type="stmt" />
				<line num="275"  count="1"  type="stmt" />
			</file>
			<file name="red-black-tree.js"  path="/home/ubuntu/workspace/src/data-structures/red-black-tree.js" >
				<metrics statements="78"  coveredstatements="68"  conditionals="34"  coveredconditionals="28"  methods="16"  coveredmethods="15" />
				<line num="31"  count="1"  type="stmt" />
				<line num="38"  count="1"  type="stmt" />
				<line num="42"  count="1"  type="stmt" />
				<line num="55"  count="1"  type="stmt" />
				<line num="56"  count="16"  type="stmt" />
				<line num="57"  count="16"  type="stmt" />
				<line num="58"  count="16"  type="stmt" />
				<line num="59"  count="16"  type="stmt" />
				<line num="60"  count="16"  type="stmt" />
				<line num="70"  count="1"  type="stmt" />
				<line num="71"  count="50"  type="stmt" />
				<line num="80"  count="1"  type="stmt" />
				<line num="81"  count="10"  type="cond"  truecount="2"  falsecount="0" />
				<line num="82"  count="9"  type="stmt" />
				<line num="84"  count="1"  type="stmt" />
				<line num="92"  count="1"  type="stmt" />
				<line num="95"  count="5"  type="stmt" />
				<line num="96"  count="5"  type="stmt" />
				<line num="97"  count="171"  type="stmt" />
				<line num="99"  count="5"  type="stmt" />
				<line num="100"  count="44"  type="stmt" />
				<line num="104"  count="1"  type="stmt" />
				<line num="112"  count="1"  type="stmt" />
				<line num="113"  count="5"  type="stmt" />
				<line num="125"  count="1"  type="stmt" />
				<line num="126"  count="14"  type="stmt" />
				<line num="127"  count="14"  type="stmt" />
				<line num="139"  count="1"  type="stmt" />
				<line num="140"  count="62"  type="cond"  truecount="2"  falsecount="0" />
				<line num="141"  count="22"  type="stmt" />
				<line num="143"  count="40"  type="stmt" />
				<line num="156"  count="1"  type="stmt" />
				<line num="157"  count="27"  type="stmt" />
				<line num="158"  count="27"  type="cond"  truecount="2"  falsecount="0" />
				<line num="159"  count="13"  type="stmt" />
				<line num="161"  count="14"  type="cond"  truecount="2"  falsecount="0" />
				<line num="162"  count="1"  type="stmt" />
				<line num="163"  count="13"  type="cond"  truecount="2"  falsecount="0" />
				<line num="164"  count="12"  type="stmt" />
				<line num="166"  count="1"  type="stmt" />
				<line num="168"  count="14"  type="cond"  truecount="4"  falsecount="0" />
				<line num="169"  count="4"  type="stmt" />
				<line num="171"  count="14"  type="cond"  truecount="3"  falsecount="1" />
				<line num="172"  count="0"  type="stmt" />
				<line num="174"  count="14"  type="cond"  truecount="4"  falsecount="0" />
				<line num="175"  count="4"  type="stmt" />
				<line num="177"  count="14"  type="stmt" />
				<line num="188"  count="1"  type="stmt" />
				<line num="189"  count="4"  type="stmt" />
				<line num="190"  count="4"  type="stmt" />
				<line num="202"  count="1"  type="stmt" />
				<line num="203"  count="4"  type="stmt" />
				<line num="204"  count="4"  type="cond"  truecount="1"  falsecount="1" />
				<line num="205"  count="4"  type="stmt" />
				<line num="206"  count="4"  type="stmt" />
				<line num="207"  count="4"  type="stmt" />
				<line num="208"  count="4"  type="stmt" />
				<line num="209"  count="4"  type="stmt" />
				<line num="211"  count="4"  type="stmt" />
				<line num="223"  count="1"  type="stmt" />
				<line num="224"  count="0"  type="stmt" />
				<line num="225"  count="0"  type="cond"  truecount="0"  falsecount="2" />
				<line num="226"  count="0"  type="stmt" />
				<line num="227"  count="0"  type="stmt" />
				<line num="228"  count="0"  type="stmt" />
				<line num="229"  count="0"  type="stmt" />
				<line num="230"  count="0"  type="stmt" />
				<line num="232"  count="0"  type="stmt" />
				<line num="243"  count="1"  type="stmt" />
				<line num="244"  count="7"  type="stmt" />
				<line num="255"  count="1"  type="stmt" />
				<line num="256"  count="12"  type="cond"  truecount="2"  falsecount="0" />
				<line num="257"  count="2"  type="stmt" />
				<line num="259"  count="10"  type="cond"  truecount="2"  falsecount="0" />
				<line num="260"  count="5"  type="stmt" />
				<line num="262"  count="5"  type="cond"  truecount="1"  falsecount="1" />
				<line num="263"  count="0"  type="stmt" />
				<line num="265"  count="5"  type="stmt" />
			</file>
			<file name="splay-tree.js"  path="/home/ubuntu/workspace/src/data-structures/splay-tree.js" >
				<metrics statements="213"  coveredstatements="132"  conditionals="143"  coveredconditionals="68"  methods="29"  coveredmethods="13" />
				<line num="22"  count="1"  type="stmt" />
				<line num="35"  count="1"  type="stmt" />
				<line num="39"  count="20"  type="stmt" />
				<line num="40"  count="20"  type="stmt" />
				<line num="41"  count="20"  type="stmt" />
				<line num="42"  count="20"  type="stmt" />
				<line num="51"  count="1"  type="stmt" />
				<line num="52"  count="5"  type="stmt" />
				<line num="63"  count="1"  type="stmt" />
				<line num="64"  count="14"  type="stmt" />
				<line num="65"  count="20"  type="stmt" />
				<line num="66"  count="20"  type="cond"  truecount="2"  falsecount="0" />
				<line num="67"  count="20"  type="cond"  truecount="4"  falsecount="0" />
				<line num="68"  count="10"  type="stmt" />
				<line num="69"  count="10"  type="stmt" />
				<line num="70"  count="10"  type="cond"  truecount="2"  falsecount="0" />
				<line num="74"  count="4"  type="stmt" />
				<line num="76"  count="6"  type="stmt" />
				<line num="79"  count="10"  type="stmt" />
				<line num="82"  count="14"  type="stmt" />
				<line num="93"  count="1"  type="stmt" />
				<line num="95"  count="4"  type="stmt" />
				<line num="96"  count="4"  type="stmt" />
				<line num="97"  count="4"  type="cond"  truecount="1"  falsecount="1" />
				<line num="100"  count="4"  type="cond"  truecount="2"  falsecount="0" />
				<line num="101"  count="4"  type="cond"  truecount="2"  falsecount="0" />
				<line num="102"  count="4"  type="cond"  truecount="2"  falsecount="2" />
				<line num="106"  count="4"  type="cond"  truecount="1"  falsecount="1" />
				<line num="107"  count="4"  type="stmt" />
				<line num="109"  count="0"  type="stmt" />
				<line num="111"  count="4"  type="stmt" />
				<line num="113"  count="4"  type="stmt" />
				<line num="114"  count="4"  type="cond"  truecount="2"  falsecount="0" />
				<line num="115"  count="1"  type="stmt" />
				<line num="118"  count="4"  type="stmt" />
				<line num="119"  count="4"  type="stmt" />
				<line num="120"  count="4"  type="cond"  truecount="1"  falsecount="1" />
				<line num="121"  count="0"  type="stmt" />
				<line num="123"  count="4"  type="stmt" />
				<line num="125"  count="4"  type="stmt" />
				<line num="126"  count="4"  type="cond"  truecount="1"  falsecount="1" />
				<line num="127"  count="4"  type="stmt" />
				<line num="128"  count="0"  type="cond"  truecount="0"  falsecount="2" />
				<line num="129"  count="0"  type="stmt" />
				<line num="132"  count="4"  type="stmt" />
				<line num="143"  count="1"  type="stmt" />
				<line num="145"  count="6"  type="stmt" />
				<line num="146"  count="6"  type="stmt" />
				<line num="147"  count="6"  type="cond"  truecount="1"  falsecount="1" />
				<line num="150"  count="6"  type="cond"  truecount="1"  falsecount="1" />
				<line num="151"  count="6"  type="cond"  truecount="1"  falsecount="1" />
				<line num="152"  count="6"  type="cond"  truecount="4"  falsecount="0" />
				<line num="156"  count="6"  type="cond"  truecount="1"  falsecount="1" />
				<line num="157"  count="0"  type="stmt" />
				<line num="159"  count="6"  type="stmt" />
				<line num="161"  count="6"  type="stmt" />
				<line num="163"  count="6"  type="stmt" />
				<line num="164"  count="6"  type="cond"  truecount="1"  falsecount="1" />
				<line num="165"  count="0"  type="stmt" />
				<line num="168"  count="6"  type="stmt" />
				<line num="169"  count="6"  type="cond"  truecount="1"  falsecount="1" />
				<line num="170"  count="0"  type="stmt" />
				<line num="172"  count="6"  type="stmt" />
				<line num="174"  count="6"  type="stmt" />
				<line num="175"  count="6"  type="stmt" />
				<line num="176"  count="6"  type="cond"  truecount="1"  falsecount="1" />
				<line num="177"  count="0"  type="stmt" />
				<line num="178"  count="6"  type="cond"  truecount="1"  falsecount="1" />
				<line num="179"  count="6"  type="stmt" />
				<line num="182"  count="6"  type="stmt" />
				<line num="193"  count="1"  type="stmt" />
				<line num="195"  count="10"  type="stmt" />
				<line num="196"  count="10"  type="cond"  truecount="2"  falsecount="0" />
				<line num="197"  count="10"  type="cond"  truecount="2"  falsecount="0" />
				<line num="199"  count="10"  type="cond"  truecount="1"  falsecount="1" />
				<line num="200"  count="10"  type="stmt" />
				<line num="203"  count="10"  type="stmt" />
				<line num="204"  count="10"  type="cond"  truecount="2"  falsecount="0" />
				<line num="205"  count="6"  type="stmt" />
				<line num="207"  count="10"  type="stmt" />
				<line num="209"  count="10"  type="stmt" />
				<line num="210"  count="10"  type="stmt" />
				<line num="212"  count="10"  type="stmt" />
				<line num="225"  count="1"  type="stmt" />
				<line num="226"  count="31"  type="cond"  truecount="2"  falsecount="0" />
				<line num="227"  count="4"  type="stmt" />
				<line num="228"  count="4"  type="stmt" />
				<line num="230"  count="27"  type="stmt" />
				<line num="231"  count="27"  type="cond"  truecount="2"  falsecount="0" />
				<line num="232"  count="27"  type="cond"  truecount="2"  falsecount="0" />
				<line num="233"  count="12"  type="stmt" />
				<line num="235"  count="15"  type="stmt" />
				<line num="237"  count="27"  type="cond"  truecount="2"  falsecount="0" />
				<line num="238"  count="12"  type="stmt" />
				<line num="239"  count="12"  type="stmt" />
				<line num="241"  count="15"  type="stmt" />
				<line num="253"  count="1"  type="stmt" />
				<line num="254"  count="0"  type="cond"  truecount="0"  falsecount="2" />
				<line num="255"  count="0"  type="stmt" />
				<line num="257"  count="0"  type="stmt" />
				<line num="258"  count="0"  type="cond"  truecount="0"  falsecount="2" />
				<line num="259"  count="0"  type="stmt" />
				<line num="261"  count="0"  type="stmt" />
				<line num="272"  count="1"  type="stmt" />
				<line num="273"  count="0"  type="stmt" />
				<line num="284"  count="1"  type="stmt" />
				<line num="285"  count="0"  type="cond"  truecount="0"  falsecount="2" />
				<line num="286"  count="0"  type="stmt" />
				<line num="288"  count="0"  type="cond"  truecount="0"  falsecount="2" />
				<line num="289"  count="0"  type="stmt" />
				<line num="291"  count="0"  type="stmt" />
				<line num="292"  count="0"  type="stmt" />
				<line num="302"  count="1"  type="stmt" />
				<line num="303"  count="0"  type="stmt" />
				<line num="314"  count="1"  type="stmt" />
				<line num="315"  count="0"  type="cond"  truecount="0"  falsecount="2" />
				<line num="316"  count="0"  type="stmt" />
				<line num="318"  count="0"  type="cond"  truecount="0"  falsecount="2" />
				<line num="319"  count="0"  type="stmt" />
				<line num="321"  count="0"  type="stmt" />
				<line num="322"  count="0"  type="stmt" />
				<line num="332"  count="1"  type="stmt" />
				<line num="333"  count="0"  type="stmt" />
				<line num="343"  count="1"  type="stmt" />
				<line num="344"  count="1"  type="stmt" />
				<line num="345"  count="1"  type="stmt" />
				<line num="355"  count="1"  type="stmt" />
				<line num="356"  count="2"  type="stmt" />
				<line num="367"  count="1"  type="stmt" />
				<line num="368"  count="7"  type="cond"  truecount="1"  falsecount="1" />
				<line num="369"  count="0"  type="stmt" />
				<line num="372"  count="7"  type="cond"  truecount="2"  falsecount="0" />
				<line num="373"  count="3"  type="stmt" />
				<line num="376"  count="4"  type="cond"  truecount="2"  falsecount="0" />
				<line num="377"  count="3"  type="stmt" />
				<line num="380"  count="1"  type="cond"  truecount="1"  falsecount="1" />
				<line num="381"  count="1"  type="stmt" />
				<line num="393"  count="1"  type="stmt" />
				<line num="395"  count="1"  type="cond"  truecount="1"  falsecount="1" />
				<line num="396"  count="0"  type="stmt" />
				<line num="397"  count="0"  type="stmt" />
				<line num="399"  count="1"  type="cond"  truecount="1"  falsecount="1" />
				<line num="400"  count="0"  type="stmt" />
				<line num="402"  count="1"  type="stmt" />
				<line num="405"  count="1"  type="cond"  truecount="1"  falsecount="1" />
				<line num="406"  count="0"  type="stmt" />
				<line num="420"  count="1"  type="stmt" />
				<line num="421"  count="2"  type="stmt" />
				<line num="422"  count="2"  type="cond"  truecount="1"  falsecount="1" />
				<line num="423"  count="0"  type="stmt" />
				<line num="425"  count="2"  type="cond"  truecount="2"  falsecount="2" />
				<line num="426"  count="0"  type="stmt" />
				<line num="427"  count="0"  type="stmt" />
				<line num="429"  count="0"  type="stmt" />
				<line num="430"  count="0"  type="stmt" />
				<line num="431"  count="0"  type="stmt" />
				<line num="433"  count="2"  type="cond"  truecount="2"  falsecount="0" />
				<line num="434"  count="1"  type="cond"  truecount="1"  falsecount="1" />
				<line num="435"  count="0"  type="stmt" />
				<line num="436"  count="1"  type="cond"  truecount="1"  falsecount="1" />
				<line num="437"  count="0"  type="stmt" />
				<line num="439"  count="1"  type="stmt" />
				<line num="441"  count="1"  type="stmt" />
				<line num="443"  count="1"  type="stmt" />
				<line num="445"  count="2"  type="stmt" />
				<line num="457"  count="1"  type="stmt" />
				<line num="458"  count="0"  type="cond"  truecount="0"  falsecount="2" />
				<line num="461"  count="0"  type="cond"  truecount="0"  falsecount="2" />
				<line num="462"  count="0"  type="stmt" />
				<line num="464"  count="0"  type="cond"  truecount="0"  falsecount="2" />
				<line num="465"  count="0"  type="stmt" />
				<line num="467"  count="0"  type="stmt" />
				<line num="470"  count="1"  type="stmt" />
				<line num="471"  count="0"  type="cond"  truecount="0"  falsecount="2" />
				<line num="472"  count="0"  type="stmt" />
				<line num="474"  count="0"  type="cond"  truecount="0"  falsecount="3" />
				<line num="486"  count="1"  type="stmt" />
				<line num="487"  count="0"  type="stmt" />
				<line num="496"  count="1"  type="stmt" />
				<line num="497"  count="0"  type="stmt" />
				<line num="498"  count="0"  type="cond"  truecount="0"  falsecount="2" />
				<line num="499"  count="0"  type="stmt" />
				<line num="501"  count="0"  type="stmt" />
				<line num="502"  count="0"  type="stmt" />
				<line num="503"  count="0"  type="stmt" />
				<line num="504"  count="0"  type="stmt" />
				<line num="506"  count="0"  type="stmt" />
				<line num="515"  count="1"  type="stmt" />
				<line num="516"  count="0"  type="stmt" />
				<line num="526"  count="1"  type="stmt" />
				<line num="527"  count="0"  type="cond"  truecount="0"  falsecount="2" />
				<line num="528"  count="0"  type="stmt" />
				<line num="530"  count="0"  type="stmt" />
				<line num="540"  count="1"  type="stmt" />
				<line num="542"  count="0"  type="stmt" />
				<line num="556"  count="1"  type="stmt" />
				<line num="558"  count="0"  type="stmt" />
				<line num="559"  count="0"  type="stmt" />
				<line num="560"  count="0"  type="stmt" />
				<line num="561"  count="0"  type="stmt" />
				<line num="562"  count="0"  type="cond"  truecount="0"  falsecount="6" />
				<line num="564"  count="0"  type="stmt" />
				<line num="566"  count="0"  type="cond"  truecount="0"  falsecount="4" />
				<line num="567"  count="0"  type="stmt" />
				<line num="569"  count="0"  type="cond"  truecount="0"  falsecount="4" />
				<line num="570"  count="0"  type="stmt" />
				<line num="573"  count="0"  type="stmt" />
				<line num="584"  count="1"  type="stmt" />
				<line num="585"  count="0"  type="cond"  truecount="0"  falsecount="2" />
				<line num="586"  count="0"  type="stmt" />
				<line num="588"  count="0"  type="cond"  truecount="0"  falsecount="2" />
				<line num="589"  count="0"  type="stmt" />
				<line num="591"  count="0"  type="cond"  truecount="0"  falsecount="2" />
			</file>
			<file name="vertex.js"  path="/home/ubuntu/workspace/src/data-structures/vertex.js" >
				<metrics statements="3"  coveredstatements="3"  conditionals="2"  coveredconditionals="1"  methods="2"  coveredmethods="2" />
				<line num="1"  count="1"  type="stmt" />
				<line num="12"  count="1"  type="stmt" />
				<line num="13"  count="4"  type="stmt" />
			</file>
		</package>
		<package name="graphs.others" >
			<metrics statements="23"  coveredstatements="23"  conditionals="10"  coveredconditionals="9"  methods="4"  coveredmethods="4" />
			<file name="topological-sort.js"  path="/home/ubuntu/workspace/src/graphs/others/topological-sort.js" >
				<metrics statements="23"  coveredstatements="23"  conditionals="10"  coveredconditionals="9"  methods="4"  coveredmethods="4" />
				<line num="1"  count="1"  type="stmt" />
				<line num="4"  count="1"  type="stmt" />
				<line num="6"  count="1"  type="stmt" />
				<line num="7"  count="11"  type="stmt" />
				<line num="8"  count="11"  type="stmt" />
				<line num="9"  count="11"  type="stmt" />
				<line num="10"  count="10"  type="stmt" />
				<line num="11"  count="10"  type="cond"  truecount="2"  falsecount="0" />
				<line num="12"  count="1"  type="stmt" />
				<line num="14"  count="9"  type="cond"  truecount="2"  falsecount="0" />
				<line num="15"  count="6"  type="stmt" />
				<line num="18"  count="9"  type="stmt" />
				<line num="19"  count="9"  type="stmt" />
				<line num="20"  count="9"  type="stmt" />
				<line num="45"  count="1"  type="stmt" />
				<line num="46"  count="5"  type="stmt" />
				<line num="47"  count="5"  type="stmt" />
				<line num="48"  count="5"  type="stmt" />
				<line num="49"  count="5"  type="stmt" />
				<line num="50"  count="10"  type="cond"  truecount="4"  falsecount="0" />
				<line num="51"  count="5"  type="stmt" />
				<line num="54"  count="4"  type="stmt" />
				<line num="58"  count="1"  type="stmt" />
			</file>
		</package>
		<package name="graphs.searching" >
			<metrics statements="47"  coveredstatements="47"  conditionals="17"  coveredconditionals="15"  methods="8"  coveredmethods="8" />
			<file name="bfs.js"  path="/home/ubuntu/workspace/src/graphs/searching/bfs.js" >
				<metrics statements="27"  coveredstatements="27"  conditionals="9"  coveredconditionals="8"  methods="4"  coveredmethods="4" />
				<line num="1"  count="1"  type="stmt" />
				<line num="4"  count="1"  type="stmt" />
				<line num="6"  count="1"  type="stmt" />
				<line num="7"  count="4"  type="stmt" />
				<line num="8"  count="4"  type="stmt" />
				<line num="9"  count="4"  type="stmt" />
				<line num="10"  count="4"  type="stmt" />
				<line num="12"  count="4"  type="stmt" />
				<line num="37"  count="1"  type="stmt" />
				<line num="38"  count="5"  type="stmt" />
				<line num="39"  count="5"  type="stmt" />
				<line num="40"  count="5"  type="stmt" />
				<line num="41"  count="5"  type="stmt" />
				<line num="42"  count="5"  type="stmt" />
				<line num="43"  count="5"  type="stmt" />
				<line num="44"  count="5"  type="stmt" />
				<line num="45"  count="5"  type="stmt" />
				<line num="46"  count="14"  type="stmt" />
				<line num="47"  count="14"  type="cond"  truecount="2"  falsecount="0" />
				<line num="48"  count="4"  type="stmt" />
				<line num="50"  count="10"  type="stmt" />
				<line num="51"  count="46"  type="cond"  truecount="5"  falsecount="0" />
				<line num="52"  count="9"  type="stmt" />
				<line num="53"  count="9"  type="stmt" />
				<line num="54"  count="9"  type="stmt" />
				<line num="58"  count="1"  type="stmt" />
				<line num="62"  count="1"  type="stmt" />
			</file>
			<file name="dfs.js"  path="/home/ubuntu/workspace/src/graphs/searching/dfs.js" >
				<metrics statements="20"  coveredstatements="20"  conditionals="8"  coveredconditionals="7"  methods="4"  coveredmethods="4" />
				<line num="1"  count="1"  type="stmt" />
				<line num="4"  count="1"  type="stmt" />
				<line num="6"  count="1"  type="stmt" />
				<line num="7"  count="8"  type="stmt" />
				<line num="8"  count="8"  type="stmt" />
				<line num="9"  count="8"  type="stmt" />
				<line num="10"  count="8"  type="stmt" />
				<line num="11"  count="8"  type="stmt" />
				<line num="12"  count="8"  type="stmt" />
				<line num="13"  count="13"  type="stmt" />
				<line num="14"  count="13"  type="cond"  truecount="2"  falsecount="0" />
				<line num="15"  count="6"  type="stmt" />
				<line num="17"  count="7"  type="stmt" />
				<line num="18"  count="17"  type="cond"  truecount="4"  falsecount="0" />
				<line num="19"  count="5"  type="stmt" />
				<line num="20"  count="5"  type="stmt" />
				<line num="24"  count="2"  type="stmt" />
				<line num="49"  count="1"  type="stmt" />
				<line num="50"  count="8"  type="stmt" />
				<line num="54"  count="1"  type="stmt" />
			</file>
		</package>
		<package name="graphs.shortest-path" >
			<metrics statements="69"  coveredstatements="68"  conditionals="23"  coveredconditionals="20"  methods="8"  coveredmethods="8" />
			<file name="bellman-ford.js"  path="/home/ubuntu/workspace/src/graphs/shortest-path/bellman-ford.js" >
				<metrics statements="23"  coveredstatements="22"  conditionals="8"  coveredconditionals="6"  methods="2"  coveredmethods="2" />
				<line num="40"  count="1"  type="stmt" />
				<line num="44"  count="1"  type="stmt" />
				<line num="45"  count="1"  type="stmt" />
				<line num="59"  count="1"  type="stmt" />
				<line num="60"  count="3"  type="stmt" />
				<line num="61"  count="3"  type="stmt" />
				<line num="62"  count="3"  type="stmt" />
				<line num="63"  count="3"  type="cond"  truecount="2"  falsecount="0" />
				<line num="64"  count="2"  type="stmt" />
				<line num="65"  count="4"  type="stmt" />
				<line num="66"  count="4"  type="stmt" />
				<line num="68"  count="2"  type="stmt" />
				<line num="69"  count="2"  type="stmt" />
				<line num="70"  count="2"  type="stmt" />
				<line num="71"  count="6"  type="stmt" />
				<line num="72"  count="6"  type="cond"  truecount="2"  falsecount="0" />
				<line num="73"  count="3"  type="stmt" />
				<line num="74"  count="3"  type="stmt" />
				<line num="79"  count="2"  type="stmt" />
				<line num="80"  count="3"  type="stmt" />
				<line num="81"  count="3"  type="cond"  truecount="1"  falsecount="1" />
				<line num="82"  count="0"  type="stmt" />
				<line num="87"  count="3"  type="stmt" />
			</file>
			<file name="dijkstra.js"  path="/home/ubuntu/workspace/src/graphs/shortest-path/dijkstra.js" >
				<metrics statements="46"  coveredstatements="46"  conditionals="15"  coveredconditionals="14"  methods="6"  coveredmethods="6" />
				<line num="1"  count="1"  type="stmt" />
				<line num="4"  count="1"  type="stmt" />
				<line num="6"  count="1"  type="stmt" />
				<line num="7"  count="1"  type="stmt" />
				<line num="8"  count="1"  type="stmt" />
				<line num="9"  count="1"  type="stmt" />
				<line num="10"  count="1"  type="stmt" />
				<line num="20"  count="1"  type="stmt" />
				<line num="21"  count="6"  type="stmt" />
				<line num="22"  count="6"  type="stmt" />
				<line num="33"  count="1"  type="stmt" />
				<line num="34"  count="7"  type="stmt" />
				<line num="44"  count="1"  type="stmt" />
				<line num="45"  count="4"  type="stmt" />
				<line num="46"  count="4"  type="stmt" />
				<line num="47"  count="4"  type="stmt" />
				<line num="48"  count="4"  type="stmt" />
				<line num="49"  count="4"  type="stmt" />
				<line num="50"  count="4"  type="stmt" />
				<line num="51"  count="6"  type="stmt" />
				<line num="52"  count="6"  type="cond"  truecount="2"  falsecount="0" />
				<line num="53"  count="3"  type="stmt" />
				<line num="55"  count="3"  type="stmt" />
				<line num="57"  count="6"  type="stmt" />
				<line num="58"  count="6"  type="stmt" />
				<line num="59"  count="6"  type="stmt" />
				<line num="60"  count="6"  type="stmt" />
				<line num="62"  count="4"  type="stmt" />
				<line num="63"  count="4"  type="stmt" />
				<line num="94"  count="1"  type="stmt" />
				<line num="95"  count="4"  type="stmt" />
				<line num="96"  count="4"  type="stmt" />
				<line num="97"  count="4"  type="cond"  truecount="2"  falsecount="0" />
				<line num="98"  count="5"  type="stmt" />
				<line num="99"  count="13"  type="cond"  truecount="5"  falsecount="0" />
				<line num="104"  count="5"  type="stmt" />
				<line num="105"  count="5"  type="cond"  truecount="2"  falsecount="0" />
				<line num="106"  count="4"  type="stmt" />
				<line num="107"  count="4"  type="stmt" />
				<line num="108"  count="4"  type="stmt" />
				<line num="112"  count="5"  type="stmt" />
				<line num="113"  count="5"  type="stmt" />
				<line num="115"  count="4"  type="cond"  truecount="2"  falsecount="0" />
				<line num="116"  count="3"  type="stmt" />
				<line num="118"  count="1"  type="stmt" />
				<line num="123"  count="1"  type="stmt" />
			</file>
		</package>
		<package name="others" >
			<metrics statements="48"  coveredstatements="48"  conditionals="21"  coveredconditionals="17"  methods="8"  coveredmethods="8" />
			<file name="fibonacci.js"  path="/home/ubuntu/workspace/src/others/fibonacci.js" >
				<metrics statements="14"  coveredstatements="14"  conditionals="4"  coveredconditionals="3"  methods="2"  coveredmethods="2" />
				<line num="18"  count="1"  type="stmt" />
				<line num="21"  count="1"  type="stmt" />
				<line num="22"  count="7"  type="cond"  truecount="2"  falsecount="0" />
				<line num="23"  count="1"  type="stmt" />
				<line num="25"  count="6"  type="stmt" />
				<line num="26"  count="6"  type="stmt" />
				<line num="27"  count="6"  type="stmt" />
				<line num="29"  count="6"  type="stmt" />
				<line num="30"  count="112"  type="stmt" />
				<line num="31"  count="112"  type="stmt" />
				<line num="32"  count="112"  type="stmt" />
				<line num="33"  count="112"  type="stmt" />
				<line num="36"  count="6"  type="stmt" />
				<line num="39"  count="1"  type="stmt" />
			</file>
			<file name="levenshtein-distance.js"  path="/home/ubuntu/workspace/src/others/levenshtein-distance.js" >
				<metrics statements="18"  coveredstatements="18"  conditionals="4"  coveredconditionals="3"  methods="4"  coveredmethods="4" />
				<line num="1"  count="1"  type="stmt" />
				<line num="4"  count="1"  type="stmt" />
				<line num="6"  count="1"  type="stmt" />
				<line num="7"  count="12"  type="stmt" />
				<line num="8"  count="12"  type="stmt" />
				<line num="9"  count="12"  type="stmt" />
				<line num="10"  count="12"  type="stmt" />
				<line num="12"  count="12"  type="stmt" />
				<line num="13"  count="69"  type="stmt" />
				<line num="16"  count="12"  type="stmt" />
				<line num="17"  count="60"  type="stmt" />
				<line num="19"  count="60"  type="stmt" />
				<line num="20"  count="349"  type="stmt" />
				<line num="27"  count="60"  type="stmt" />
				<line num="30"  count="12"  type="stmt" />
				<line num="53"  count="1"  type="stmt" />
				<line num="54"  count="12"  type="stmt" />
				<line num="58"  count="1"  type="stmt" />
			</file>
			<file name="min-coins-change.js"  path="/home/ubuntu/workspace/src/others/min-coins-change.js" >
				<metrics statements="16"  coveredstatements="16"  conditionals="13"  coveredconditionals="11"  methods="2"  coveredmethods="2" />
				<line num="1"  count="1"  type="stmt" />
				<line num="25"  count="1"  type="stmt" />
				<line num="26"  count="6"  type="stmt" />
				<line num="27"  count="6"  type="cond"  truecount="2"  falsecount="0" />
				<line num="28"  count="1"  type="stmt" />
				<line num="30"  count="5"  type="stmt" />
				<line num="31"  count="15"  type="stmt" />
				<line num="32"  count="15"  type="cond"  truecount="2"  falsecount="0" />
				<line num="33"  count="38"  type="stmt" />
				<line num="34"  count="218"  type="cond"  truecount="4"  falsecount="1" />
				<line num="36"  count="34"  type="stmt" />
				<line num="41"  count="5"  type="stmt" />
				<line num="42"  count="5"  type="cond"  truecount="2"  falsecount="0" />
				<line num="43"  count="1"  type="stmt" />
				<line num="45"  count="4"  type="stmt" />
				<line num="48"  count="1"  type="stmt" />
			</file>
		</package>
		<package name="primes" >
			<metrics statements="56"  coveredstatements="55"  conditionals="28"  coveredconditionals="24"  methods="7"  coveredmethods="7" />
			<file name="is-prime.js"  path="/home/ubuntu/workspace/src/primes/is-prime.js" >
				<metrics statements="17"  coveredstatements="16"  conditionals="12"  coveredconditionals="10"  methods="2"  coveredmethods="2" />
				<line num="1"  count="1"  type="stmt" />
				<line num="18"  count="1"  type="stmt" />
				<line num="20"  count="52373"  type="cond"  truecount="1"  falsecount="1" />
				<line num="21"  count="0"  type="stmt" />
				<line num="24"  count="52373"  type="cond"  truecount="2"  falsecount="0" />
				<line num="25"  count="1"  type="stmt" />
				<line num="28"  count="52372"  type="cond"  truecount="2"  falsecount="0" />
				<line num="29"  count="17457"  type="stmt" />
				<line num="32"  count="34915"  type="stmt" />
				<line num="33"  count="34915"  type="stmt" />
				<line num="35"  count="34915"  type="stmt" />
				<line num="37"  count="477231"  type="cond"  truecount="2"  falsecount="0" />
				<line num="38"  count="14781"  type="stmt" />
				<line num="41"  count="462450"  type="cond"  truecount="2"  falsecount="0" />
				<line num="42"  count="10134"  type="stmt" />
				<line num="44"  count="452316"  type="stmt" />
				<line num="46"  count="10000"  type="stmt" />
			</file>
			<file name="prime-factor-tree.js"  path="/home/ubuntu/workspace/src/primes/prime-factor-tree.js" >
				<metrics statements="21"  coveredstatements="21"  conditionals="10"  coveredconditionals="9"  methods="2"  coveredmethods="2" />
				<line num="1"  count="1"  type="stmt" />
				<line num="20"  count="1"  type="stmt" />
				<line num="21"  count="6"  type="stmt" />
				<line num="22"  count="6"  type="stmt" />
				<line num="23"  count="6"  type="cond"  truecount="2"  falsecount="0" />
				<line num="24"  count="1"  type="stmt" />
				<line num="25"  count="1"  type="stmt" />
				<line num="27"  count="6"  type="cond"  truecount="2"  falsecount="0" />
				<line num="28"  count="2"  type="stmt" />
				<line num="29"  count="2"  type="stmt" />
				<line num="31"  count="6"  type="stmt" />
				<line num="32"  count="18600"  type="stmt" />
				<line num="33"  count="18600"  type="stmt" />
				<line num="34"  count="18600"  type="cond"  truecount="2"  falsecount="0" />
				<line num="35"  count="3"  type="stmt" />
				<line num="36"  count="3"  type="stmt" />
				<line num="38"  count="18600"  type="cond"  truecount="2"  falsecount="0" />
				<line num="39"  count="2"  type="stmt" />
				<line num="40"  count="2"  type="stmt" />
				<line num="42"  count="18600"  type="stmt" />
				<line num="44"  count="6"  type="stmt" />
			</file>
			<file name="sieve-of-eratosthenes.js"  path="/home/ubuntu/workspace/src/primes/sieve-of-eratosthenes.js" >
				<metrics statements="18"  coveredstatements="18"  conditionals="6"  coveredconditionals="5"  methods="3"  coveredmethods="3" />
				<line num="1"  count="1"  type="stmt" />
				<line num="26"  count="1"  type="stmt" />
				<line num="27"  count="5"  type="stmt" />
				<line num="28"  count="5"  type="stmt" />
				<line num="29"  count="5"  type="stmt" />
				<line num="30"  count="5"  type="stmt" />
				<line num="32"  count="5"  type="stmt" />
				<line num="34"  count="5"  type="stmt" />
				<line num="35"  count="2000010"  type="stmt" />
				<line num="38"  count="5"  type="stmt" />
				<line num="39"  count="1415"  type="cond"  truecount="2"  falsecount="0" />
				<line num="40"  count="1190"  type="stmt" />
				<line num="43"  count="225"  type="stmt" />
				<line num="44"  count="4347785"  type="stmt" />
				<line num="48"  count="5"  type="stmt" />
				<line num="49"  count="2000015"  type="cond"  truecount="2"  falsecount="0" />
				<line num="50"  count="148938"  type="stmt" />
				<line num="54"  count="5"  type="stmt" />
			</file>
		</package>
		<package name="searching" >
			<metrics statements="185"  coveredstatements="181"  conditionals="85"  coveredconditionals="76"  methods="29"  coveredmethods="28" />
			<file name="binarysearch.js"  path="/home/ubuntu/workspace/src/searching/binarysearch.js" >
				<metrics statements="19"  coveredstatements="19"  conditionals="10"  coveredconditionals="9"  methods="5"  coveredmethods="5" />
				<line num="1"  count="1"  type="stmt" />
				<line num="4"  count="18"  type="stmt" />
				<line num="5"  count="2"  type="stmt" />
				<line num="24"  count="1"  type="stmt" />
				<line num="25"  count="8"  type="cond"  truecount="4"  falsecount="0" />
				<line num="26"  count="8"  type="stmt" />
				<line num="27"  count="8"  type="stmt" />
				<line num="28"  count="8"  type="stmt" />
				<line num="29"  count="8"  type="stmt" />
				<line num="30"  count="8"  type="stmt" />
				<line num="31"  count="14"  type="stmt" />
				<line num="32"  count="14"  type="cond"  truecount="2"  falsecount="0" />
				<line num="33"  count="6"  type="stmt" />
				<line num="34"  count="8"  type="cond"  truecount="2"  falsecount="0" />
				<line num="35"  count="3"  type="stmt" />
				<line num="37"  count="5"  type="stmt" />
				<line num="39"  count="8"  type="stmt" />
				<line num="41"  count="2"  type="stmt" />
				<line num="44"  count="1"  type="stmt" />
			</file>
			<file name="knuth-morris-pratt.js"  path="/home/ubuntu/workspace/src/searching/knuth-morris-pratt.js" >
				<metrics statements="41"  coveredstatements="40"  conditionals="25"  coveredconditionals="23"  methods="4"  coveredmethods="4" />
				<line num="1"  count="1"  type="stmt" />
				<line num="4"  count="1"  type="stmt" />
				<line num="5"  count="1"  type="stmt" />
				<line num="6"  count="9"  type="stmt" />
				<line num="7"  count="9"  type="stmt" />
				<line num="8"  count="9"  type="stmt" />
				<line num="9"  count="9"  type="stmt" />
				<line num="10"  count="9"  type="stmt" />
				<line num="11"  count="9"  type="stmt" />
				<line num="12"  count="24"  type="cond"  truecount="2"  falsecount="0" />
				<line num="13"  count="24"  type="cond"  truecount="2"  falsecount="0" />
				<line num="14"  count="24"  type="stmt" />
				<line num="15"  count="24"  type="stmt" />
				<line num="16"  count="24"  type="cond"  truecount="3"  falsecount="0" />
				<line num="17"  count="16"  type="cond"  truecount="2"  falsecount="0" />
				<line num="18"  count="1"  type="stmt" />
				<line num="19"  count="1"  type="stmt" />
				<line num="21"  count="15"  type="stmt" />
				<line num="22"  count="15"  type="stmt" />
				<line num="25"  count="24"  type="stmt" />
				<line num="27"  count="9"  type="stmt" />
				<line num="48"  count="1"  type="stmt" />
				<line num="49"  count="10"  type="cond"  truecount="2"  falsecount="0" />
				<line num="50"  count="1"  type="stmt" />
				<line num="52"  count="9"  type="stmt" />
				<line num="53"  count="9"  type="stmt" />
				<line num="54"  count="9"  type="stmt" />
				<line num="55"  count="9"  type="stmt" />
				<line num="56"  count="25"  type="cond"  truecount="2"  falsecount="0" />
				<line num="57"  count="13"  type="stmt" />
				<line num="58"  count="13"  type="stmt" />
				<line num="60"  count="25"  type="cond"  truecount="2"  falsecount="0" />
				<line num="61"  count="6"  type="stmt" />
				<line num="63"  count="19"  type="cond"  truecount="4"  falsecount="0" />
				<line num="64"  count="12"  type="cond"  truecount="3"  falsecount="1" />
				<line num="65"  count="0"  type="stmt" />
				<line num="67"  count="12"  type="stmt" />
				<line num="68"  count="12"  type="stmt" />
				<line num="72"  count="3"  type="stmt" />
				<line num="74"  count="1"  type="stmt" />
				<line num="77"  count="1"  type="stmt" />
			</file>
			<file name="longest-increasing-subsequence.js"  path="/home/ubuntu/workspace/src/searching/longest-increasing-subsequence.js" >
				<metrics statements="54"  coveredstatements="53"  conditionals="18"  coveredconditionals="16"  methods="8"  coveredmethods="7" />
				<line num="1"  count="1"  type="stmt" />
				<line num="4"  count="1"  type="stmt" />
				<line num="16"  count="1"  type="stmt" />
				<line num="17"  count="19"  type="cond"  truecount="4"  falsecount="0" />
				<line num="18"  count="1"  type="stmt" />
				<line num="20"  count="18"  type="cond"  truecount="1"  falsecount="1" />
				<line num="21"  count="0"  type="stmt" />
				<line num="23"  count="18"  type="stmt" />
				<line num="24"  count="18"  type="stmt" />
				<line num="25"  count="54"  type="cond"  truecount="2"  falsecount="0" />
				<line num="26"  count="4"  type="stmt" />
				<line num="29"  count="18"  type="stmt" />
				<line num="36"  count="1"  type="stmt" />
				<line num="37"  count="54"  type="stmt" />
				<line num="49"  count="1"  type="stmt" />
				<line num="50"  count="3"  type="stmt" />
				<line num="51"  count="3"  type="stmt" />
				<line num="52"  count="18"  type="stmt" />
				<line num="53"  count="18"  type="stmt" />
				<line num="54"  count="72"  type="cond"  truecount="2"  falsecount="0" />
				<line num="55"  count="54"  type="stmt" />
				<line num="59"  count="3"  type="stmt" />
				<line num="70"  count="1"  type="stmt" />
				<line num="71"  count="72"  type="cond"  truecount="2"  falsecount="0" />
				<line num="72"  count="72"  type="cond"  truecount="2"  falsecount="0" />
				<line num="73"  count="38"  type="stmt" />
				<line num="75"  count="34"  type="stmt" />
				<line num="76"  count="34"  type="stmt" />
				<line num="77"  count="34"  type="stmt" />
				<line num="78"  count="34"  type="stmt" />
				<line num="79"  count="34"  type="stmt" />
				<line num="80"  count="34"  type="stmt" />
				<line num="82"  count="34"  type="cond"  truecount="2"  falsecount="0" />
				<line num="83"  count="18"  type="stmt" />
				<line num="86"  count="16"  type="stmt" />
				<line num="87"  count="54"  type="stmt" />
				<line num="90"  count="16"  type="stmt" />
				<line num="91"  count="16"  type="stmt" />
				<line num="92"  count="16"  type="stmt" />
				<line num="93"  count="16"  type="stmt" />
				<line num="98"  count="16"  type="stmt" />
				<line num="117"  count="1"  type="stmt" />
				<line num="118"  count="3"  type="stmt" />
				<line num="119"  count="3"  type="stmt" />
				<line num="120"  count="3"  type="stmt" />
				<line num="121"  count="3"  type="stmt" />
				<line num="122"  count="3"  type="stmt" />
				<line num="123"  count="18"  type="stmt" />
				<line num="125"  count="3"  type="stmt" />
				<line num="126"  count="3"  type="stmt" />
				<line num="127"  count="3"  type="stmt" />
				<line num="128"  count="10"  type="stmt" />
				<line num="129"  count="10"  type="stmt" />
				<line num="131"  count="3"  type="stmt" />
			</file>
			<file name="maximum-subarray-divide-and-conquer.js"  path="/home/ubuntu/workspace/src/searching/maximum-subarray-divide-and-conquer.js" >
				<metrics statements="27"  coveredstatements="27"  conditionals="8"  coveredconditionals="7"  methods="4"  coveredmethods="4" />
				<line num="1"  count="1"  type="stmt" />
				<line num="14"  count="1"  type="stmt" />
				<line num="15"  count="8"  type="stmt" />
				<line num="16"  count="8"  type="stmt" />
				<line num="17"  count="8"  type="stmt" />
				<line num="18"  count="8"  type="stmt" />
				<line num="20"  count="8"  type="stmt" />
				<line num="21"  count="18"  type="cond"  truecount="2"  falsecount="0" />
				<line num="22"  count="12"  type="stmt" />
				<line num="24"  count="18"  type="stmt" />
				<line num="26"  count="8"  type="stmt" />
				<line num="27"  count="8"  type="stmt" />
				<line num="28"  count="6"  type="cond"  truecount="2"  falsecount="0" />
				<line num="29"  count="4"  type="stmt" />
				<line num="31"  count="6"  type="stmt" />
				<line num="33"  count="8"  type="stmt" />
				<line num="44"  count="1"  type="stmt" />
				<line num="45"  count="22"  type="cond"  truecount="2"  falsecount="0" />
				<line num="46"  count="14"  type="stmt" />
				<line num="48"  count="8"  type="stmt" />
				<line num="49"  count="8"  type="stmt" />
				<line num="50"  count="8"  type="stmt" />
				<line num="51"  count="8"  type="stmt" />
				<line num="53"  count="8"  type="stmt" />
				<line num="74"  count="1"  type="stmt" />
				<line num="75"  count="6"  type="stmt" />
				<line num="78"  count="1"  type="stmt" />
			</file>
			<file name="quickselect.js"  path="/home/ubuntu/workspace/src/searching/quickselect.js" >
				<metrics statements="30"  coveredstatements="28"  conditionals="16"  coveredconditionals="14"  methods="4"  coveredmethods="4" />
				<line num="1"  count="1"  type="stmt" />
				<line num="24"  count="1"  type="stmt" />
				<line num="25"  count="1"  type="stmt" />
				<line num="26"  count="1"  type="stmt" />
				<line num="27"  count="12"  type="stmt" />
				<line num="28"  count="12"  type="stmt" />
				<line num="29"  count="12"  type="stmt" />
				<line num="31"  count="5"  type="stmt" />
				<line num="32"  count="5"  type="stmt" />
				<line num="33"  count="5"  type="stmt" />
				<line num="34"  count="7"  type="cond"  truecount="2"  falsecount="0" />
				<line num="35"  count="2"  type="stmt" />
				<line num="36"  count="2"  type="stmt" />
				<line num="39"  count="5"  type="stmt" />
				<line num="40"  count="5"  type="stmt" />
				<line num="43"  count="6"  type="cond"  truecount="2"  falsecount="0" />
				<line num="44"  count="2"  type="stmt" />
				<line num="46"  count="4"  type="cond"  truecount="2"  falsecount="0" />
				<line num="47"  count="4"  type="cond"  truecount="2"  falsecount="0" />
				<line num="48"  count="4"  type="cond"  truecount="2"  falsecount="0" />
				<line num="49"  count="1"  type="stmt" />
				<line num="51"  count="3"  type="stmt" />
				<line num="52"  count="5"  type="stmt" />
				<line num="54"  count="5"  type="cond"  truecount="2"  falsecount="0" />
				<line num="55"  count="3"  type="stmt" />
				<line num="57"  count="2"  type="cond"  truecount="1"  falsecount="1" />
				<line num="58"  count="0"  type="stmt" />
				<line num="60"  count="2"  type="stmt" />
				<line num="63"  count="0"  type="stmt" />
				<line num="65"  count="1"  type="stmt" />
			</file>
			<file name="recursive-binarysearch.js"  path="/home/ubuntu/workspace/src/searching/recursive-binarysearch.js" >
				<metrics statements="14"  coveredstatements="14"  conditionals="8"  coveredconditionals="7"  methods="4"  coveredmethods="4" />
				<line num="1"  count="1"  type="stmt" />
				<line num="4"  count="1"  type="stmt" />
				<line num="13"  count="1"  type="stmt" />
				<line num="14"  count="15"  type="cond"  truecount="2"  falsecount="0" />
				<line num="15"  count="2"  type="stmt" />
				<line num="17"  count="13"  type="stmt" />
				<line num="18"  count="13"  type="cond"  truecount="2"  falsecount="0" />
				<line num="19"  count="4"  type="stmt" />
				<line num="20"  count="9"  type="cond"  truecount="2"  falsecount="0" />
				<line num="21"  count="5"  type="stmt" />
				<line num="23"  count="4"  type="stmt" />
				<line num="45"  count="1"  type="stmt" />
				<line num="46"  count="6"  type="stmt" />
				<line num="51"  count="1"  type="stmt" />
			</file>
		</package>
		<package name="sorting" >
			<metrics statements="459"  coveredstatements="452"  conditionals="170"  coveredconditionals="146"  methods="74"  coveredmethods="74" />
			<file name="3-way-string-quicksort.js"  path="/home/ubuntu/workspace/src/sorting/3-way-string-quicksort.js" >
				<metrics statements="34"  coveredstatements="34"  conditionals="12"  coveredconditionals="10"  methods="6"  coveredmethods="6" />
				<line num="1"  count="1"  type="stmt" />
				<line num="4"  count="1"  type="stmt" />
				<line num="6"  count="1"  type="stmt" />
				<line num="7"  count="21"  type="cond"  truecount="2"  falsecount="0" />
				<line num="10"  count="1"  type="stmt" />
				<line num="11"  count="7"  type="stmt" />
				<line num="12"  count="7"  type="stmt" />
				<line num="13"  count="7"  type="stmt" />
				<line num="16"  count="1"  type="stmt" />
				<line num="17"  count="19"  type="cond"  truecount="2"  falsecount="0" />
				<line num="18"  count="14"  type="stmt" />
				<line num="20"  count="5"  type="stmt" />
				<line num="21"  count="5"  type="stmt" />
				<line num="22"  count="5"  type="stmt" />
				<line num="23"  count="5"  type="stmt" />
				<line num="24"  count="5"  type="stmt" />
				<line num="26"  count="5"  type="stmt" />
				<line num="27"  count="16"  type="stmt" />
				<line num="28"  count="16"  type="cond"  truecount="2"  falsecount="0" />
				<line num="29"  count="6"  type="stmt" />
				<line num="30"  count="6"  type="stmt" />
				<line num="31"  count="10"  type="cond"  truecount="2"  falsecount="0" />
				<line num="32"  count="1"  type="stmt" />
				<line num="33"  count="1"  type="stmt" />
				<line num="34"  count="1"  type="stmt" />
				<line num="36"  count="9"  type="stmt" />
				<line num="40"  count="5"  type="stmt" />
				<line num="41"  count="5"  type="cond"  truecount="1"  falsecount="1" />
				<line num="42"  count="5"  type="stmt" />
				<line num="44"  count="5"  type="stmt" />
				<line num="62"  count="1"  type="stmt" />
				<line num="63"  count="4"  type="stmt" />
				<line num="64"  count="4"  type="stmt" />
				<line num="68"  count="1"  type="stmt" />
			</file>
			<file name="bubblesort.js"  path="/home/ubuntu/workspace/src/sorting/bubblesort.js" >
				<metrics statements="14"  coveredstatements="14"  conditionals="6"  coveredconditionals="5"  methods="3"  coveredmethods="3" />
				<line num="1"  count="1"  type="stmt" />
				<line num="4"  count="1"  type="stmt" />
				<line num="5"  count="4956"  type="stmt" />
				<line num="25"  count="1"  type="stmt" />
				<line num="26"  count="4"  type="cond"  truecount="2"  falsecount="0" />
				<line num="27"  count="4"  type="stmt" />
				<line num="28"  count="4"  type="stmt" />
				<line num="29"  count="204"  type="stmt" />
				<line num="30"  count="9906"  type="cond"  truecount="2"  falsecount="0" />
				<line num="31"  count="4892"  type="stmt" />
				<line num="32"  count="4892"  type="stmt" />
				<line num="33"  count="4892"  type="stmt" />
				<line num="37"  count="4"  type="stmt" />
				<line num="40"  count="1"  type="stmt" />
			</file>
			<file name="bucketsort.js"  path="/home/ubuntu/workspace/src/sorting/bucketsort.js" >
				<metrics statements="41"  coveredstatements="35"  conditionals="10"  coveredconditionals="7"  methods="7"  coveredmethods="7" />
				<line num="1"  count="1"  type="stmt" />
				<line num="5"  count="1"  type="stmt" />
				<line num="14"  count="1"  type="stmt" />
				<line num="15"  count="6"  type="stmt" />
				<line num="16"  count="6"  type="stmt" />
				<line num="17"  count="6"  type="stmt" />
				<line num="18"  count="0"  type="stmt" />
				<line num="19"  count="0"  type="stmt" />
				<line num="20"  count="0"  type="cond"  truecount="0"  falsecount="2" />
				<line num="21"  count="0"  type="stmt" />
				<line num="22"  count="0"  type="stmt" />
				<line num="24"  count="0"  type="stmt" />
				<line num="26"  count="6"  type="stmt" />
				<line num="38"  count="1"  type="stmt" />
				<line num="39"  count="3"  type="stmt" />
				<line num="40"  count="3"  type="stmt" />
				<line num="41"  count="3"  type="stmt" />
				<line num="42"  count="3"  type="stmt" />
				<line num="43"  count="6"  type="stmt" />
				<line num="44"  count="6"  type="stmt" />
				<line num="45"  count="6"  type="cond"  truecount="2"  falsecount="0" />
				<line num="46"  count="6"  type="stmt" />
				<line num="48"  count="3"  type="stmt" />
				<line num="58"  count="1"  type="stmt" />
				<line num="59"  count="3"  type="stmt" />
				<line num="60"  count="48"  type="cond"  truecount="2"  falsecount="0" />
				<line num="61"  count="6"  type="stmt" />
				<line num="64"  count="3"  type="stmt" />
				<line num="75"  count="1"  type="stmt" />
				<line num="76"  count="3"  type="stmt" />
				<line num="77"  count="3"  type="stmt" />
				<line num="78"  count="3"  type="stmt" />
				<line num="79"  count="48"  type="stmt" />
				<line num="80"  count="48"  type="cond"  truecount="2"  falsecount="0" />
				<line num="81"  count="6"  type="stmt" />
				<line num="84"  count="3"  type="stmt" />
				<line num="103"  count="1"  type="stmt" />
				<line num="104"  count="3"  type="stmt" />
				<line num="105"  count="3"  type="stmt" />
				<line num="106"  count="3"  type="stmt" />
				<line num="110"  count="1"  type="stmt" />
			</file>
			<file name="countingsort.js"  path="/home/ubuntu/workspace/src/sorting/countingsort.js" >
				<metrics statements="34"  coveredstatements="34"  conditionals="10"  coveredconditionals="8"  methods="6"  coveredmethods="6" />
				<line num="1"  count="1"  type="stmt" />
				<line num="4"  count="1"  type="stmt" />
				<line num="13"  count="1"  type="stmt" />
				<line num="14"  count="3"  type="stmt" />
				<line num="15"  count="3"  type="stmt" />
				<line num="16"  count="3"  type="stmt" />
				<line num="17"  count="6"  type="stmt" />
				<line num="18"  count="6"  type="cond"  truecount="2"  falsecount="0" />
				<line num="20"  count="3"  type="stmt" />
				<line num="31"  count="1"  type="stmt" />
				<line num="32"  count="3"  type="stmt" />
				<line num="33"  count="3"  type="stmt" />
				<line num="34"  count="3"  type="cond"  truecount="2"  falsecount="0" />
				<line num="35"  count="3"  type="stmt" />
				<line num="36"  count="46"  type="cond"  truecount="2"  falsecount="0" />
				<line num="37"  count="46"  type="stmt" />
				<line num="39"  count="3"  type="stmt" />
				<line num="50"  count="1"  type="stmt" />
				<line num="51"  count="3"  type="stmt" />
				<line num="52"  count="3"  type="stmt" />
				<line num="53"  count="3"  type="stmt" />
				<line num="54"  count="3"  type="stmt" />
				<line num="55"  count="3"  type="stmt" />
				<line num="56"  count="6"  type="stmt" />
				<line num="57"  count="6"  type="stmt" />
				<line num="58"  count="6"  type="cond"  truecount="1"  falsecount="1" />
				<line num="59"  count="6"  type="stmt" />
				<line num="61"  count="6"  type="stmt" />
				<line num="62"  count="6"  type="stmt" />
				<line num="64"  count="3"  type="stmt" />
				<line num="82"  count="1"  type="stmt" />
				<line num="83"  count="3"  type="stmt" />
				<line num="84"  count="3"  type="stmt" />
				<line num="88"  count="1"  type="stmt" />
			</file>
			<file name="heapsort.js"  path="/home/ubuntu/workspace/src/sorting/heapsort.js" >
				<metrics statements="34"  coveredstatements="34"  conditionals="14"  coveredconditionals="13"  methods="6"  coveredmethods="6" />
				<line num="1"  count="1"  type="stmt" />
				<line num="4"  count="1"  type="stmt" />
				<line num="5"  count="1040"  type="stmt" />
				<line num="8"  count="1"  type="stmt" />
				<line num="20"  count="1"  type="stmt" />
				<line num="21"  count="1280"  type="stmt" />
				<line num="22"  count="1280"  type="stmt" />
				<line num="23"  count="1280"  type="stmt" />
				<line num="25"  count="1280"  type="cond"  truecount="4"  falsecount="0" />
				<line num="26"  count="922"  type="stmt" />
				<line num="29"  count="1280"  type="cond"  truecount="4"  falsecount="0" />
				<line num="30"  count="435"  type="stmt" />
				<line num="33"  count="1280"  type="cond"  truecount="2"  falsecount="0" />
				<line num="34"  count="973"  type="stmt" />
				<line num="35"  count="973"  type="stmt" />
				<line num="36"  count="973"  type="stmt" />
				<line num="37"  count="973"  type="stmt" />
				<line num="49"  count="1"  type="stmt" />
				<line num="50"  count="4"  type="stmt" />
				<line num="51"  count="106"  type="stmt" />
				<line num="53"  count="4"  type="stmt" />
				<line num="75"  count="1"  type="stmt" />
				<line num="76"  count="4"  type="cond"  truecount="2"  falsecount="0" />
				<line num="77"  count="4"  type="stmt" />
				<line num="78"  count="4"  type="stmt" />
				<line num="79"  count="4"  type="stmt" />
				<line num="80"  count="4"  type="stmt" />
				<line num="81"  count="201"  type="stmt" />
				<line num="82"  count="201"  type="stmt" />
				<line num="83"  count="201"  type="stmt" />
				<line num="84"  count="201"  type="stmt" />
				<line num="85"  count="201"  type="stmt" />
				<line num="87"  count="4"  type="stmt" />
				<line num="91"  count="1"  type="stmt" />
			</file>
			<file name="insertion-binary-sort.js"  path="/home/ubuntu/workspace/src/sorting/insertion-binary-sort.js" >
				<metrics statements="25"  coveredstatements="25"  conditionals="8"  coveredconditionals="6"  methods="3"  coveredmethods="3" />
				<line num="1"  count="1"  type="stmt" />
				<line num="4"  count="1"  type="stmt" />
				<line num="5"  count="787"  type="stmt" />
				<line num="29"  count="1"  type="stmt" />
				<line num="30"  count="4"  type="cond"  truecount="2"  falsecount="0" />
				<line num="31"  count="4"  type="stmt" />
				<line num="32"  count="4"  type="stmt" />
				<line num="33"  count="4"  type="stmt" />
				<line num="34"  count="4"  type="stmt" />
				<line num="35"  count="4"  type="stmt" />
				<line num="36"  count="201"  type="stmt" />
				<line num="37"  count="201"  type="stmt" />
				<line num="38"  count="201"  type="stmt" />
				<line num="39"  count="201"  type="stmt" />
				<line num="40"  count="201"  type="stmt" />
				<line num="41"  count="1061"  type="cond"  truecount="2"  falsecount="0" />
				<line num="42"  count="531"  type="stmt" />
				<line num="43"  count="530"  type="cond"  truecount="1"  falsecount="1" />
				<line num="44"  count="530"  type="stmt" />
				<line num="46"  count="1061"  type="stmt" />
				<line num="48"  count="201"  type="stmt" />
				<line num="49"  count="5028"  type="stmt" />
				<line num="51"  count="201"  type="stmt" />
				<line num="53"  count="4"  type="stmt" />
				<line num="56"  count="1"  type="stmt" />
			</file>
			<file name="insertionsort.js"  path="/home/ubuntu/workspace/src/sorting/insertionsort.js" >
				<metrics statements="16"  coveredstatements="16"  conditionals="6"  coveredconditionals="5"  methods="3"  coveredmethods="3" />
				<line num="1"  count="1"  type="stmt" />
				<line num="4"  count="1"  type="stmt" />
				<line num="5"  count="2898"  type="stmt" />
				<line num="26"  count="1"  type="stmt" />
				<line num="27"  count="4"  type="cond"  truecount="2"  falsecount="0" />
				<line num="28"  count="4"  type="stmt" />
				<line num="29"  count="4"  type="stmt" />
				<line num="30"  count="4"  type="stmt" />
				<line num="31"  count="201"  type="stmt" />
				<line num="32"  count="201"  type="stmt" />
				<line num="33"  count="201"  type="cond"  truecount="2"  falsecount="0" />
				<line num="34"  count="5485"  type="stmt" />
				<line num="35"  count="5485"  type="stmt" />
				<line num="37"  count="201"  type="stmt" />
				<line num="39"  count="4"  type="stmt" />
				<line num="42"  count="1"  type="stmt" />
			</file>
			<file name="lsd.js"  path="/home/ubuntu/workspace/src/sorting/lsd.js" >
				<metrics statements="24"  coveredstatements="24"  conditionals="10"  coveredconditionals="9"  methods="2"  coveredmethods="2" />
				<line num="1"  count="1"  type="stmt" />
				<line num="20"  count="1"  type="stmt" />
				<line num="21"  count="4"  type="stmt" />
				<line num="22"  count="4"  type="stmt" />
				<line num="23"  count="4"  type="cond"  truecount="2"  falsecount="0" />
				<line num="24"  count="4"  type="stmt" />
				<line num="25"  count="6"  type="stmt" />
				<line num="26"  count="6"  type="stmt" />
				<line num="27"  count="6"  type="stmt" />
				<line num="28"  count="13"  type="stmt" />
				<line num="29"  count="13"  type="cond"  truecount="2"  falsecount="0" />
				<line num="30"  count="13"  type="stmt" />
				<line num="32"  count="6"  type="stmt" />
				<line num="33"  count="496"  type="cond"  truecount="2"  falsecount="0" />
				<line num="34"  count="496"  type="cond"  truecount="2"  falsecount="0" />
				<line num="35"  count="496"  type="stmt" />
				<line num="37"  count="6"  type="stmt" />
				<line num="38"  count="13"  type="stmt" />
				<line num="39"  count="13"  type="stmt" />
				<line num="40"  count="13"  type="stmt" />
				<line num="42"  count="6"  type="stmt" />
				<line num="43"  count="13"  type="stmt" />
				<line num="46"  count="4"  type="stmt" />
				<line num="49"  count="1"  type="stmt" />
			</file>
			<file name="mergesort.js"  path="/home/ubuntu/workspace/src/sorting/mergesort.js" >
				<metrics statements="39"  coveredstatements="39"  conditionals="22"  coveredconditionals="20"  methods="4"  coveredmethods="4" />
				<line num="1"  count="1"  type="stmt" />
				<line num="7"  count="1"  type="stmt" />
				<line num="9"  count="1"  type="stmt" />
				<line num="10"  count="542"  type="stmt" />
				<line num="30"  count="1"  type="stmt" />
				<line num="31"  count="406"  type="cond"  truecount="2"  falsecount="0" />
				<line num="32"  count="406"  type="cond"  truecount="2"  falsecount="0" />
				<line num="33"  count="406"  type="cond"  truecount="2"  falsecount="0" />
				<line num="34"  count="406"  type="cond"  truecount="2"  falsecount="0" />
				<line num="35"  count="205"  type="stmt" />
				<line num="37"  count="201"  type="stmt" />
				<line num="39"  count="201"  type="stmt" />
				<line num="40"  count="201"  type="stmt" />
				<line num="42"  count="201"  type="stmt" />
				<line num="65"  count="1"  type="stmt" />
				<line num="66"  count="201"  type="stmt" />
				<line num="67"  count="201"  type="stmt" />
				<line num="69"  count="201"  type="stmt" />
				<line num="70"  count="201"  type="stmt" />
				<line num="71"  count="201"  type="stmt" />
				<line num="72"  count="201"  type="stmt" />
				<line num="73"  count="201"  type="stmt" />
				<line num="75"  count="201"  type="stmt" />
				<line num="76"  count="716"  type="cond"  truecount="1"  falsecount="1" />
				<line num="77"  count="716"  type="stmt" />
				<line num="79"  count="716"  type="cond"  truecount="2"  falsecount="0" />
				<line num="80"  count="636"  type="stmt" />
				<line num="83"  count="201"  type="stmt" />
				<line num="84"  count="201"  type="stmt" />
				<line num="85"  count="1352"  type="cond"  truecount="4"  falsecount="0" />
				<line num="86"  count="1090"  type="cond"  truecount="2"  falsecount="0" />
				<line num="87"  count="530"  type="stmt" />
				<line num="89"  count="560"  type="stmt" />
				<line num="91"  count="262"  type="cond"  truecount="2"  falsecount="0" />
				<line num="92"  count="156"  type="stmt" />
				<line num="94"  count="106"  type="stmt" />
				<line num="96"  count="1352"  type="stmt" />
				<line num="98"  count="201"  type="stmt" />
				<line num="101"  count="1"  type="stmt" />
			</file>
			<file name="msd.js"  path="/home/ubuntu/workspace/src/sorting/msd.js" >
				<metrics statements="29"  coveredstatements="29"  conditionals="12"  coveredconditionals="11"  methods="4"  coveredmethods="4" />
				<line num="1"  count="1"  type="stmt" />
				<line num="4"  count="1"  type="stmt" />
				<line num="5"  count="46"  type="cond"  truecount="2"  falsecount="0" />
				<line num="8"  count="1"  type="stmt" />
				<line num="9"  count="893"  type="stmt" />
				<line num="10"  count="893"  type="stmt" />
				<line num="11"  count="893"  type="stmt" />
				<line num="12"  count="893"  type="stmt" />
				<line num="15"  count="893"  type="stmt" />
				<line num="16"  count="23"  type="stmt" />
				<line num="17"  count="23"  type="cond"  truecount="2"  falsecount="0" />
				<line num="18"  count="23"  type="stmt" />
				<line num="20"  count="893"  type="stmt" />
				<line num="21"  count="904"  type="cond"  truecount="2"  falsecount="0" />
				<line num="22"  count="904"  type="cond"  truecount="2"  falsecount="0" />
				<line num="23"  count="904"  type="stmt" />
				<line num="25"  count="893"  type="stmt" />
				<line num="26"  count="23"  type="stmt" />
				<line num="27"  count="23"  type="stmt" />
				<line num="28"  count="23"  type="stmt" />
				<line num="30"  count="893"  type="stmt" />
				<line num="31"  count="23"  type="stmt" />
				<line num="33"  count="893"  type="stmt" />
				<line num="34"  count="889"  type="stmt" />
				<line num="57"  count="1"  type="stmt" />
				<line num="58"  count="4"  type="cond"  truecount="2"  falsecount="0" />
				<line num="59"  count="4"  type="stmt" />
				<line num="60"  count="4"  type="stmt" />
				<line num="63"  count="1"  type="stmt" />
			</file>
			<file name="oddeven-sort.js"  path="/home/ubuntu/workspace/src/sorting/oddeven-sort.js" >
				<metrics statements="19"  coveredstatements="19"  conditionals="6"  coveredconditionals="5"  methods="3"  coveredmethods="3" />
				<line num="1"  count="1"  type="stmt" />
				<line num="18"  count="1"  type="stmt" />
				<line num="19"  count="1"  type="stmt" />
				<line num="20"  count="2"  type="stmt" />
				<line num="21"  count="2"  type="stmt" />
				<line num="22"  count="2"  type="stmt" />
				<line num="25"  count="3"  type="stmt" />
				<line num="26"  count="3"  type="stmt" />
				<line num="27"  count="5"  type="stmt" />
				<line num="28"  count="5"  type="stmt" />
				<line num="29"  count="4"  type="cond"  truecount="2"  falsecount="0" />
				<line num="30"  count="1"  type="stmt" />
				<line num="31"  count="1"  type="stmt" />
				<line num="35"  count="5"  type="stmt" />
				<line num="36"  count="4"  type="cond"  truecount="2"  falsecount="0" />
				<line num="37"  count="1"  type="stmt" />
				<line num="38"  count="1"  type="stmt" />
				<line num="42"  count="3"  type="stmt" />
				<line num="45"  count="1"  type="stmt" />
			</file>
			<file name="quicksort-middle.js"  path="/home/ubuntu/workspace/src/sorting/quicksort-middle.js" >
				<metrics statements="30"  coveredstatements="30"  conditionals="10"  coveredconditionals="9"  methods="6"  coveredmethods="6" />
				<line num="1"  count="1"  type="stmt" />
				<line num="5"  count="1"  type="stmt" />
				<line num="6"  count="1020"  type="stmt" />
				<line num="16"  count="1"  type="stmt" />
				<line num="29"  count="1"  type="stmt" />
				<line num="30"  count="202"  type="stmt" />
				<line num="31"  count="202"  type="stmt" />
				<line num="32"  count="202"  type="stmt" />
				<line num="33"  count="435"  type="stmt" />
				<line num="34"  count="515"  type="stmt" />
				<line num="36"  count="435"  type="stmt" />
				<line num="37"  count="554"  type="stmt" />
				<line num="39"  count="435"  type="cond"  truecount="2"  falsecount="0" />
				<line num="40"  count="378"  type="stmt" />
				<line num="41"  count="378"  type="stmt" />
				<line num="42"  count="378"  type="stmt" />
				<line num="43"  count="378"  type="stmt" />
				<line num="44"  count="378"  type="stmt" />
				<line num="47"  count="202"  type="stmt" />
				<line num="59"  count="1"  type="stmt" />
				<line num="60"  count="202"  type="stmt" />
				<line num="61"  count="202"  type="cond"  truecount="2"  falsecount="0" />
				<line num="62"  count="103"  type="stmt" />
				<line num="64"  count="202"  type="cond"  truecount="2"  falsecount="0" />
				<line num="65"  count="95"  type="stmt" />
				<line num="88"  count="1"  type="stmt" />
				<line num="89"  count="4"  type="cond"  truecount="2"  falsecount="0" />
				<line num="90"  count="4"  type="stmt" />
				<line num="91"  count="4"  type="stmt" />
				<line num="96"  count="1"  type="stmt" />
			</file>
			<file name="quicksort.js"  path="/home/ubuntu/workspace/src/sorting/quicksort.js" >
				<metrics statements="29"  coveredstatements="29"  conditionals="8"  coveredconditionals="7"  methods="7"  coveredmethods="7" />
				<line num="1"  count="1"  type="stmt" />
				<line num="10"  count="1"  type="stmt" />
				<line num="12"  count="1"  type="stmt" />
				<line num="13"  count="603"  type="stmt" />
				<line num="25"  count="1"  type="stmt" />
				<line num="26"  count="757"  type="stmt" />
				<line num="27"  count="757"  type="stmt" />
				<line num="28"  count="757"  type="stmt" />
				<line num="29"  count="757"  type="stmt" />
				<line num="40"  count="1"  type="stmt" />
				<line num="41"  count="204"  type="stmt" />
				<line num="42"  count="204"  type="stmt" />
				<line num="43"  count="204"  type="stmt" />
				<line num="44"  count="204"  type="stmt" />
				<line num="45"  count="1181"  type="cond"  truecount="2"  falsecount="0" />
				<line num="46"  count="553"  type="stmt" />
				<line num="47"  count="553"  type="stmt" />
				<line num="50"  count="204"  type="stmt" />
				<line num="51"  count="204"  type="stmt" />
				<line num="63"  count="1"  type="stmt" />
				<line num="64"  count="412"  type="cond"  truecount="2"  falsecount="0" />
				<line num="65"  count="204"  type="stmt" />
				<line num="66"  count="204"  type="stmt" />
				<line num="67"  count="204"  type="stmt" />
				<line num="69"  count="412"  type="stmt" />
				<line num="79"  count="1"  type="stmt" />
				<line num="80"  count="4"  type="cond"  truecount="2"  falsecount="0" />
				<line num="81"  count="4"  type="stmt" />
				<line num="85"  count="1"  type="stmt" />
			</file>
			<file name="radixsort.js"  path="/home/ubuntu/workspace/src/sorting/radixsort.js" >
				<metrics statements="38"  coveredstatements="37"  conditionals="14"  coveredconditionals="12"  methods="4"  coveredmethods="4" />
				<line num="1"  count="1"  type="stmt" />
				<line num="4"  count="1"  type="stmt" />
				<line num="19"  count="1"  type="stmt" />
				<line num="20"  count="18"  type="stmt" />
				<line num="21"  count="18"  type="stmt" />
				<line num="23"  count="18"  type="cond"  truecount="4"  falsecount="0" />
				<line num="24"  count="16"  type="stmt" />
				<line num="27"  count="18"  type="stmt" />
				<line num="46"  count="1"  type="stmt" />
				<line num="47"  count="3"  type="stmt" />
				<line num="48"  count="3"  type="stmt" />
				<line num="49"  count="3"  type="stmt" />
				<line num="50"  count="3"  type="stmt" />
				<line num="51"  count="3"  type="stmt" />
				<line num="52"  count="3"  type="stmt" />
				<line num="55"  count="3"  type="cond"  truecount="2"  falsecount="0" />
				<line num="56"  count="3"  type="stmt" />
				<line num="57"  count="4"  type="stmt" />
				<line num="58"  count="4"  type="cond"  truecount="1"  falsecount="1" />
				<line num="59"  count="0"  type="stmt" />
				<line num="63"  count="3"  type="stmt" />
				<line num="65"  count="3"  type="stmt" />
				<line num="66"  count="3"  type="stmt" />
				<line num="67"  count="30"  type="stmt" />
				<line num="71"  count="3"  type="stmt" />
				<line num="72"  count="9"  type="cond"  truecount="2"  falsecount="0" />
				<line num="73"  count="9"  type="stmt" />
				<line num="77"  count="3"  type="stmt" />
				<line num="78"  count="27"  type="stmt" />
				<line num="82"  count="3"  type="stmt" />
				<line num="83"  count="3"  type="stmt" />
				<line num="84"  count="9"  type="cond"  truecount="2"  falsecount="0" />
				<line num="85"  count="9"  type="stmt" />
				<line num="86"  count="9"  type="stmt" />
				<line num="90"  count="3"  type="stmt" />
				<line num="91"  count="9"  type="stmt" />
				<line num="94"  count="3"  type="stmt" />
				<line num="98"  count="1"  type="stmt" />
			</file>
			<file name="recursive-insertionsort.js"  path="/home/ubuntu/workspace/src/sorting/recursive-insertionsort.js" >
				<metrics statements="15"  coveredstatements="15"  conditionals="10"  coveredconditionals="9"  methods="3"  coveredmethods="3" />
				<line num="1"  count="1"  type="stmt" />
				<line num="4"  count="1"  type="stmt" />
				<line num="5"  count="2738"  type="stmt" />
				<line num="28"  count="1"  type="stmt" />
				<line num="29"  count="205"  type="cond"  truecount="2"  falsecount="0" />
				<line num="30"  count="205"  type="cond"  truecount="2"  falsecount="0" />
				<line num="31"  count="4"  type="stmt" />
				<line num="33"  count="205"  type="cond"  truecount="2"  falsecount="0" />
				<line num="34"  count="4"  type="stmt" />
				<line num="36"  count="201"  type="stmt" />
				<line num="37"  count="201"  type="stmt" />
				<line num="39"  count="5384"  type="stmt" />
				<line num="41"  count="201"  type="stmt" />
				<line num="42"  count="201"  type="stmt" />
				<line num="45"  count="1"  type="stmt" />
			</file>
			<file name="selectionsort.js"  path="/home/ubuntu/workspace/src/sorting/selectionsort.js" >
				<metrics statements="20"  coveredstatements="20"  conditionals="6"  coveredconditionals="5"  methods="3"  coveredmethods="3" />
				<line num="1"  count="1"  type="stmt" />
				<line num="4"  count="1"  type="stmt" />
				<line num="5"  count="4956"  type="stmt" />
				<line num="26"  count="1"  type="stmt" />
				<line num="27"  count="4"  type="cond"  truecount="2"  falsecount="0" />
				<line num="28"  count="4"  type="stmt" />
				<line num="29"  count="4"  type="stmt" />
				<line num="30"  count="4"  type="stmt" />
				<line num="31"  count="4"  type="stmt" />
				<line num="32"  count="204"  type="stmt" />
				<line num="33"  count="204"  type="stmt" />
				<line num="34"  count="204"  type="stmt" />
				<line num="35"  count="9906"  type="cond"  truecount="2"  falsecount="0" />
				<line num="36"  count="693"  type="stmt" />
				<line num="37"  count="693"  type="stmt" />
				<line num="40"  count="204"  type="stmt" />
				<line num="41"  count="204"  type="stmt" />
				<line num="42"  count="204"  type="stmt" />
				<line num="44"  count="4"  type="stmt" />
				<line num="47"  count="1"  type="stmt" />
			</file>
			<file name="shellsort.js"  path="/home/ubuntu/workspace/src/sorting/shellsort.js" >
				<metrics statements="18"  coveredstatements="18"  conditionals="6"  coveredconditionals="5"  methods="4"  coveredmethods="4" />
				<line num="1"  count="1"  type="stmt" />
				<line num="4"  count="1"  type="stmt" />
				<line num="5"  count="2209"  type="stmt" />
				<line num="8"  count="1"  type="stmt" />
				<line num="10"  count="1"  type="stmt" />
				<line num="30"  count="1"  type="stmt" />
				<line num="31"  count="4"  type="cond"  truecount="2"  falsecount="0" />
				<line num="33"  count="4"  type="stmt" />
				<line num="34"  count="4"  type="stmt" />
				<line num="35"  count="4"  type="stmt" />
				<line num="36"  count="32"  type="stmt" />
				<line num="37"  count="32"  type="stmt" />
				<line num="38"  count="277"  type="stmt" />
				<line num="39"  count="277"  type="stmt" />
				<line num="41"  count="4266"  type="stmt" />
				<line num="43"  count="277"  type="stmt" />
				<line num="46"  count="4"  type="stmt" />
				<line num="51"  count="1"  type="stmt" />
			</file>
		</package>
	</project>
</coverage>
