<?xml version="1.0" ?>
<!DOCTYPE coverage SYSTEM "http://cobertura.sourceforge.net/xml/coverage-04.dtd">
<coverage lines-valid="1573"  lines-covered="1359"  line-rate="0.8640000000000001"  branches-valid="740"  branches-covered="521"  branch-rate="0.7041"  timestamp="1473002544923" complexity="0" version="0.1">
<sources>
	<source>/home/ubuntu/workspace</source>
</sources>
<packages>
	<package name="data-structures"  line-rate="0.7070000000000001"  branch-rate="0.5544" >
	<classes>
		<class name="binary-search-tree.js"  filename="src/data-structures/binary-search-tree.js"  line-rate="0.5423"  branch-rate="0.4045" >
		<methods>
			<method name="(anonymous_1)"  hits="1"  signature="()V" >
				<lines><line number="26"  hits="1" /></lines>
			</method>
			<method name="(anonymous_2)"  hits="19"  signature="()V" >
				<lines><line number="39"  hits="19" /></lines>
			</method>
			<method name="(anonymous_3)"  hits="5"  signature="()V" >
				<lines><line number="55"  hits="5" /></lines>
			</method>
			<method name="(anonymous_4)"  hits="30"  signature="()V" >
				<lines><line number="69"  hits="30" /></lines>
			</method>
			<method name="(anonymous_5)"  hits="0"  signature="()V" >
				<lines><line number="96"  hits="0" /></lines>
			</method>
			<method name="(anonymous_6)"  hits="0"  signature="()V" >
				<lines><line number="115"  hits="0" /></lines>
			</method>
			<method name="(anonymous_7)"  hits="0"  signature="()V" >
				<lines><line number="127"  hits="0" /></lines>
			</method>
			<method name="(anonymous_8)"  hits="0"  signature="()V" >
				<lines><line number="145"  hits="0" /></lines>
			</method>
			<method name="(anonymous_9)"  hits="0"  signature="()V" >
				<lines><line number="157"  hits="0" /></lines>
			</method>
			<method name="(anonymous_10)"  hits="0"  signature="()V" >
				<lines><line number="175"  hits="0" /></lines>
			</method>
			<method name="(anonymous_11)"  hits="5"  signature="()V" >
				<lines><line number="186"  hits="5" /></lines>
			</method>
			<method name="(anonymous_12)"  hits="10"  signature="()V" >
				<lines><line number="198"  hits="10" /></lines>
			</method>
			<method name="(anonymous_13)"  hits="5"  signature="()V" >
				<lines><line number="225"  hits="5" /></lines>
			</method>
			<method name="(anonymous_14)"  hits="6"  signature="()V" >
				<lines><line number="252"  hits="6" /></lines>
			</method>
			<method name="(anonymous_15)"  hits="2"  signature="()V" >
				<lines><line number="282"  hits="2" /></lines>
			</method>
			<method name="(anonymous_16)"  hits="0"  signature="()V" >
				<lines><line number="301"  hits="0" /></lines>
			</method>
			<method name="(anonymous_17)"  hits="0"  signature="()V" >
				<lines><line number="318"  hits="0" /></lines>
			</method>
			<method name="(anonymous_18)"  hits="0"  signature="()V" >
				<lines><line number="329"  hits="0" /></lines>
			</method>
			<method name="(anonymous_19)"  hits="0"  signature="()V" >
				<lines><line number="340"  hits="0" /></lines>
			</method>
			<method name="(anonymous_20)"  hits="0"  signature="()V" >
				<lines><line number="356"  hits="0" /></lines>
			</method>
			<method name="(anonymous_21)"  hits="0"  signature="()V" >
				<lines><line number="366"  hits="0" /></lines>
			</method>
			<method name="(anonymous_22)"  hits="0"  signature="()V" >
				<lines><line number="367"  hits="0" /></lines>
			</method>
			<method name="(anonymous_23)"  hits="0"  signature="()V" >
				<lines><line number="385"  hits="0" /></lines>
			</method>
			<method name="(anonymous_24)"  hits="0"  signature="()V" >
				<lines><line number="396"  hits="0" /></lines>
			</method>
			<method name="(anonymous_25)"  hits="0"  signature="()V" >
				<lines><line number="415"  hits="0" /></lines>
			</method>
			<method name="(anonymous_26)"  hits="0"  signature="()V" >
				<lines><line number="431"  hits="0" /></lines>
			</method>
			<method name="(anonymous_27)"  hits="0"  signature="()V" >
				<lines><line number="457"  hits="0" /></lines>
			</method>
		</methods>
		<lines>
			<line number="26"  hits="1"  branch="false" />
			<line number="39"  hits="1"  branch="false" />
			<line number="43"  hits="19"  branch="false" />
			<line number="44"  hits="19"  branch="false" />
			<line number="45"  hits="19"  branch="false" />
			<line number="46"  hits="19"  branch="false" />
			<line number="55"  hits="1"  branch="false" />
			<line number="56"  hits="5"  branch="false" />
			<line number="69"  hits="1"  branch="false" />
			<line number="70"  hits="30"  branch="true"  condition-coverage="100% (2/2)" />
			<line number="71"  hits="4"  branch="false" />
			<line number="72"  hits="4"  branch="false" />
			<line number="74"  hits="26"  branch="false" />
			<line number="75"  hits="26"  branch="true"  condition-coverage="100% (2/2)" />
			<line number="76"  hits="26"  branch="true"  condition-coverage="100% (2/2)" />
			<line number="77"  hits="11"  branch="false" />
			<line number="79"  hits="15"  branch="false" />
			<line number="81"  hits="26"  branch="true"  condition-coverage="100% (2/2)" />
			<line number="82"  hits="15"  branch="false" />
			<line number="84"  hits="11"  branch="false" />
			<line number="96"  hits="1"  branch="false" />
			<line number="97"  hits="0"  branch="true"  condition-coverage="0% (0/2)" />
			<line number="98"  hits="0"  branch="false" />
			<line number="100"  hits="0"  branch="false" />
			<line number="101"  hits="0"  branch="true"  condition-coverage="0% (0/2)" />
			<line number="102"  hits="0"  branch="false" />
			<line number="104"  hits="0"  branch="false" />
			<line number="115"  hits="1"  branch="false" />
			<line number="116"  hits="0"  branch="false" />
			<line number="127"  hits="1"  branch="false" />
			<line number="128"  hits="0"  branch="true"  condition-coverage="0% (0/2)" />
			<line number="129"  hits="0"  branch="false" />
			<line number="131"  hits="0"  branch="false" />
			<line number="132"  hits="0"  branch="false" />
			<line number="133"  hits="0"  branch="true"  condition-coverage="0% (0/2)" />
			<line number="134"  hits="0"  branch="false" />
			<line number="145"  hits="1"  branch="false" />
			<line number="146"  hits="0"  branch="false" />
			<line number="157"  hits="1"  branch="false" />
			<line number="158"  hits="0"  branch="true"  condition-coverage="0% (0/2)" />
			<line number="159"  hits="0"  branch="false" />
			<line number="161"  hits="0"  branch="true"  condition-coverage="0% (0/2)" />
			<line number="162"  hits="0"  branch="false" />
			<line number="164"  hits="0"  branch="false" />
			<line number="165"  hits="0"  branch="false" />
			<line number="175"  hits="1"  branch="false" />
			<line number="176"  hits="0"  branch="false" />
			<line number="186"  hits="1"  branch="false" />
			<line number="187"  hits="5"  branch="false" />
			<line number="198"  hits="1"  branch="false" />
			<line number="199"  hits="10"  branch="true"  condition-coverage="50% (1/2)" />
			<line number="200"  hits="0"  branch="false" />
			<line number="203"  hits="10"  branch="true"  condition-coverage="100% (2/2)" />
			<line number="204"  hits="5"  branch="false" />
			<line number="207"  hits="5"  branch="true"  condition-coverage="100% (2/2)" />
			<line number="208"  hits="2"  branch="false" />
			<line number="211"  hits="3"  branch="true"  condition-coverage="50% (1/2)" />
			<line number="212"  hits="3"  branch="false" />
			<line number="224"  hits="1"  branch="false" />
			<line number="226"  hits="5"  branch="true"  condition-coverage="100% (2/2)" />
			<line number="227"  hits="2"  branch="false" />
			<line number="228"  hits="2"  branch="true"  condition-coverage="100% (2/2)" />
			<line number="229"  hits="1"  branch="false" />
			<line number="232"  hits="3"  branch="true"  condition-coverage="100% (2/2)" />
			<line number="233"  hits="1"  branch="false" />
			<line number="235"  hits="2"  branch="false" />
			<line number="237"  hits="3"  branch="true"  condition-coverage="100% (2/2)" />
			<line number="238"  hits="1"  branch="false" />
			<line number="252"  hits="1"  branch="false" />
			<line number="253"  hits="6"  branch="true"  condition-coverage="50% (1/2)" />
			<line number="254"  hits="0"  branch="false" />
			<line number="256"  hits="6"  branch="true"  condition-coverage="100% (4/4)" />
			<line number="257"  hits="1"  branch="false" />
			<line number="258"  hits="1"  branch="false" />
			<line number="259"  hits="1"  branch="false" />
			<line number="260"  hits="1"  branch="false" />
			<line number="261"  hits="1"  branch="false" />
			<line number="263"  hits="5"  branch="true"  condition-coverage="50% (1/2)" />
			<line number="264"  hits="0"  branch="false" />
			<line number="265"  hits="5"  branch="true"  condition-coverage="100% (2/2)" />
			<line number="266"  hits="2"  branch="false" />
			<line number="268"  hits="3"  branch="false" />
			<line number="270"  hits="5"  branch="false" />
			<line number="282"  hits="1"  branch="false" />
			<line number="283"  hits="2"  branch="true"  condition-coverage="100% (2/2)" />
			<line number="284"  hits="2"  branch="true"  condition-coverage="100% (2/2)" />
			<line number="285"  hits="1"  branch="false" />
			<line number="287"  hits="1"  branch="true"  condition-coverage="50% (1/2)" />
			<line number="288"  hits="1"  branch="false" />
			<line number="290"  hits="1"  branch="false" />
			<line number="301"  hits="1"  branch="false" />
			<line number="302"  hits="0"  branch="true"  condition-coverage="0% (0/2)" />
			<line number="303"  hits="0"  branch="true"  condition-coverage="0% (0/2)" />
			<line number="304"  hits="0"  branch="false" />
			<line number="306"  hits="0"  branch="true"  condition-coverage="0% (0/2)" />
			<line number="307"  hits="0"  branch="false" />
			<line number="309"  hits="0"  branch="false" />
			<line number="318"  hits="1"  branch="false" />
			<line number="319"  hits="0"  branch="false" />
			<line number="329"  hits="1"  branch="false" />
			<line number="330"  hits="0"  branch="false" />
			<line number="340"  hits="1"  branch="false" />
			<line number="341"  hits="0"  branch="true"  condition-coverage="0% (0/2)" />
			<line number="342"  hits="0"  branch="false" />
			<line number="344"  hits="0"  branch="true"  condition-coverage="0% (0/3)" />
			<line number="356"  hits="1"  branch="false" />
			<line number="357"  hits="0"  branch="false" />
			<line number="366"  hits="1"  branch="false" />
			<line number="367"  hits="0"  branch="false" />
			<line number="368"  hits="0"  branch="true"  condition-coverage="0% (0/2)" />
			<line number="369"  hits="0"  branch="false" />
			<line number="371"  hits="0"  branch="false" />
			<line number="372"  hits="0"  branch="false" />
			<line number="373"  hits="0"  branch="false" />
			<line number="374"  hits="0"  branch="false" />
			<line number="376"  hits="0"  branch="false" />
			<line number="385"  hits="1"  branch="false" />
			<line number="386"  hits="0"  branch="false" />
			<line number="396"  hits="1"  branch="false" />
			<line number="397"  hits="0"  branch="true"  condition-coverage="0% (0/2)" />
			<line number="398"  hits="0"  branch="false" />
			<line number="400"  hits="0"  branch="false" />
			<line number="414"  hits="1"  branch="false" />
			<line number="416"  hits="0"  branch="false" />
			<line number="430"  hits="1"  branch="false" />
			<line number="432"  hits="0"  branch="false" />
			<line number="433"  hits="0"  branch="false" />
			<line number="434"  hits="0"  branch="false" />
			<line number="435"  hits="0"  branch="false" />
			<line number="436"  hits="0"  branch="true"  condition-coverage="0% (0/6)" />
			<line number="438"  hits="0"  branch="false" />
			<line number="440"  hits="0"  branch="true"  condition-coverage="0% (0/4)" />
			<line number="441"  hits="0"  branch="false" />
			<line number="443"  hits="0"  branch="true"  condition-coverage="0% (0/4)" />
			<line number="444"  hits="0"  branch="false" />
			<line number="446"  hits="0"  branch="false" />
			<line number="457"  hits="1"  branch="false" />
			<line number="458"  hits="0"  branch="true"  condition-coverage="0% (0/2)" />
			<line number="459"  hits="0"  branch="false" />
			<line number="461"  hits="0"  branch="true"  condition-coverage="0% (0/2)" />
			<line number="462"  hits="0"  branch="false" />
			<line number="464"  hits="0"  branch="true"  condition-coverage="0% (0/2)" />
		</lines>
		</class>
		<class name="edge.js"  filename="src/data-structures/edge.js"  line-rate="1"  branch-rate="0.5" >
		<methods>
			<method name="(anonymous_1)"  hits="1"  signature="()V" >
				<lines><line number="1"  hits="1" /></lines>
			</method>
			<method name="(anonymous_2)"  hits="3"  signature="()V" >
				<lines><line number="14"  hits="3" /></lines>
			</method>
		</methods>
		<lines>
			<line number="1"  hits="1"  branch="false" />
			<line number="14"  hits="1"  branch="false" />
			<line number="15"  hits="3"  branch="false" />
			<line number="16"  hits="3"  branch="false" />
			<line number="17"  hits="3"  branch="false" />
		</lines>
		</class>
		<class name="hash-table.js"  filename="src/data-structures/hash-table.js"  line-rate="0.9079999999999999"  branch-rate="0.8448" >
		<methods>
			<method name="(anonymous_1)"  hits="1"  signature="()V" >
				<lines><line number="26"  hits="1" /></lines>
			</method>
			<method name="(anonymous_2)"  hits="54"  signature="()V" >
				<lines><line number="37"  hits="54" /></lines>
			</method>
			<method name="(anonymous_3)"  hits="25"  signature="()V" >
				<lines><line number="50"  hits="25" /></lines>
			</method>
			<method name="(anonymous_4)"  hits="86"  signature="()V" >
				<lines><line number="65"  hits="86" /></lines>
			</method>
			<method name="(anonymous_5)"  hits="54"  signature="()V" >
				<lines><line number="94"  hits="54" /></lines>
			</method>
			<method name="(anonymous_6)"  hits="24"  signature="()V" >
				<lines><line number="142"  hits="24" /></lines>
			</method>
			<method name="(anonymous_7)"  hits="8"  signature="()V" >
				<lines><line number="188"  hits="8" /></lines>
			</method>
		</methods>
		<lines>
			<line number="26"  hits="1"  branch="false" />
			<line number="37"  hits="1"  branch="false" />
			<line number="38"  hits="54"  branch="false" />
			<line number="39"  hits="54"  branch="false" />
			<line number="40"  hits="54"  branch="false" />
			<line number="41"  hits="54"  branch="false" />
			<line number="50"  hits="1"  branch="false" />
			<line number="51"  hits="25"  branch="false" />
			<line number="53"  hits="25"  branch="false" />
			<line number="65"  hits="1"  branch="false" />
			<line number="66"  hits="86"  branch="false" />
			<line number="67"  hits="86"  branch="false" />
			<line number="68"  hits="86"  branch="false" />
			<line number="71"  hits="86"  branch="true"  condition-coverage="100% (4/4)" />
			<line number="72"  hits="6"  branch="false" />
			<line number="75"  hits="80"  branch="false" />
			<line number="76"  hits="615"  branch="false" />
			<line number="78"  hits="615"  branch="false" />
			<line number="79"  hits="615"  branch="false" />
			<line number="83"  hits="80"  branch="false" />
			<line number="94"  hits="1"  branch="false" />
			<line number="99"  hits="54"  branch="true"  condition-coverage="100% (2/2)" />
			<line number="101"  hits="6"  branch="false" />
			<line number="102"  hits="48"  branch="true"  condition-coverage="50% (1/2)" />
			<line number="104"  hits="48"  branch="false" />
			<line number="107"  hits="54"  branch="false" />
			<line number="109"  hits="54"  branch="false" />
			<line number="112"  hits="54"  branch="true"  condition-coverage="100% (2/2)" />
			<line number="113"  hits="24"  branch="false" />
			<line number="114"  hits="24"  branch="false" />
			<line number="118"  hits="30"  branch="true"  condition-coverage="50% (1/2)" />
			<line number="119"  hits="0"  branch="false" />
			<line number="120"  hits="0"  branch="false" />
			<line number="127"  hits="30"  branch="false" />
			<line number="128"  hits="30"  branch="false" />
			<line number="129"  hits="12"  branch="false" />
			<line number="131"  hits="30"  branch="false" />
			<line number="132"  hits="30"  branch="false" />
			<line number="142"  hits="1"  branch="false" />
			<line number="147"  hits="24"  branch="true"  condition-coverage="100% (2/2)" />
			<line number="149"  hits="4"  branch="false" />
			<line number="150"  hits="20"  branch="true"  condition-coverage="50% (1/2)" />
			<line number="152"  hits="20"  branch="false" />
			<line number="154"  hits="24"  branch="false" />
			<line number="156"  hits="24"  branch="true"  condition-coverage="100% (2/2)" />
			<line number="157"  hits="2"  branch="false" />
			<line number="158"  hits="22"  branch="true"  condition-coverage="100% (2/2)" />
			<line number="162"  hits="4"  branch="false" />
			<line number="164"  hits="18"  branch="false" />
			<line number="165"  hits="18"  branch="false" />
			<line number="170"  hits="12"  branch="false" />
			<line number="173"  hits="18"  branch="true"  condition-coverage="100% (2/2)" />
			<line number="174"  hits="16"  branch="false" />
			<line number="176"  hits="2"  branch="false" />
			<line number="188"  hits="1"  branch="false" />
			<line number="193"  hits="8"  branch="true"  condition-coverage="100% (2/2)" />
			<line number="195"  hits="2"  branch="false" />
			<line number="196"  hits="6"  branch="true"  condition-coverage="50% (1/2)" />
			<line number="198"  hits="6"  branch="false" />
			<line number="200"  hits="8"  branch="false" />
			<line number="202"  hits="8"  branch="true"  condition-coverage="50% (1/2)" />
			<line number="203"  hits="0"  branch="false" />
			<line number="204"  hits="8"  branch="true"  condition-coverage="100% (2/2)" />
			<line number="205"  hits="2"  branch="false" />
			<line number="207"  hits="6"  branch="false" />
			<line number="209"  hits="6"  branch="false" />
			<line number="214"  hits="2"  branch="false" />
			<line number="217"  hits="6"  branch="false" />
			<line number="221"  hits="6"  branch="true"  condition-coverage="75% (3/4)" />
			<line number="222"  hits="0"  branch="false" />
			<line number="223"  hits="0"  branch="false" />
			<line number="227"  hits="6"  branch="true"  condition-coverage="100% (4/4)" />
			<line number="228"  hits="4"  branch="false" />
			<line number="229"  hits="4"  branch="false" />
			<line number="230"  hits="4"  branch="true"  condition-coverage="100% (2/2)" />
			<line number="231"  hits="2"  branch="false" />
			<line number="233"  hits="2"  branch="false" />
			<line number="235"  hits="4"  branch="false" />
			<line number="239"  hits="2"  branch="true"  condition-coverage="75% (3/4)" />
			<line number="240"  hits="0"  branch="false" />
			<line number="241"  hits="0"  branch="false" />
			<line number="242"  hits="0"  branch="false" />
			<line number="246"  hits="2"  branch="true"  condition-coverage="75% (3/4)" />
			<line number="247"  hits="2"  branch="false" />
			<line number="248"  hits="2"  branch="false" />
			<line number="249"  hits="2"  branch="false" />
			<line number="250"  hits="2"  branch="false" />
		</lines>
		</class>
		<class name="heap.js"  filename="src/data-structures/heap.js"  line-rate="0.7925"  branch-rate="0.6364" >
		<methods>
			<method name="(anonymous_1)"  hits="1"  signature="()V" >
				<lines><line number="41"  hits="1" /></lines>
			</method>
			<method name="(anonymous_2)"  hits="10"  signature="()V" >
				<lines><line number="52"  hits="10" /></lines>
			</method>
			<method name="(anonymous_3)"  hits="13"  signature="()V" >
				<lines><line number="57"  hits="13" /></lines>
			</method>
			<method name="(anonymous_4)"  hits="12"  signature="()V" >
				<lines><line number="73"  hits="12" /></lines>
			</method>
			<method name="(anonymous_5)"  hits="17"  signature="()V" >
				<lines><line number="106"  hits="17" /></lines>
			</method>
			<method name="(anonymous_6)"  hits="4"  signature="()V" >
				<lines><line number="131"  hits="4" /></lines>
			</method>
			<method name="(anonymous_7)"  hits="17"  signature="()V" >
				<lines><line number="146"  hits="17" /></lines>
			</method>
			<method name="(anonymous_8)"  hits="0"  signature="()V" >
				<lines><line number="158"  hits="0" /></lines>
			</method>
			<method name="(anonymous_9)"  hits="12"  signature="()V" >
				<lines><line number="170"  hits="12" /></lines>
			</method>
			<method name="(anonymous_10)"  hits="0"  signature="()V" >
				<lines><line number="179"  hits="0" /></lines>
			</method>
			<method name="(anonymous_11)"  hits="0"  signature="()V" >
				<lines><line number="189"  hits="0" /></lines>
			</method>
		</methods>
		<lines>
			<line number="41"  hits="1"  branch="false" />
			<line number="52"  hits="1"  branch="false" />
			<line number="53"  hits="10"  branch="false" />
			<line number="54"  hits="10"  branch="true"  condition-coverage="100% (2/2)" />
			<line number="55"  hits="5"  branch="false" />
			<line number="57"  hits="5"  branch="false" />
			<line number="58"  hits="13"  branch="false" />
			<line number="73"  hits="1"  branch="false" />
			<line number="74"  hits="12"  branch="false" />
			<line number="75"  hits="12"  branch="false" />
			<line number="76"  hits="12"  branch="false" />
			<line number="77"  hits="12"  branch="false" />
			<line number="79"  hits="12"  branch="true"  condition-coverage="75% (3/4)" />
			<line number="81"  hits="0"  branch="false" />
			<line number="84"  hits="12"  branch="true"  condition-coverage="50% (2/4)" />
			<line number="86"  hits="0"  branch="false" />
			<line number="89"  hits="12"  branch="true"  condition-coverage="50% (1/2)" />
			<line number="90"  hits="0"  branch="false" />
			<line number="91"  hits="0"  branch="false" />
			<line number="92"  hits="0"  branch="false" />
			<line number="93"  hits="0"  branch="false" />
			<line number="106"  hits="1"  branch="false" />
			<line number="107"  hits="17"  branch="false" />
			<line number="108"  hits="17"  branch="false" />
			<line number="109"  hits="17"  branch="false" />
			<line number="110"  hits="17"  branch="false" />
			<line number="111"  hits="17"  branch="true"  condition-coverage="50% (1/2)" />
			<line number="112"  hits="17"  branch="true"  condition-coverage="100% (2/2)" />
			<line number="113"  hits="5"  branch="false" />
			<line number="114"  hits="5"  branch="false" />
			<line number="115"  hits="5"  branch="false" />
			<line number="116"  hits="5"  branch="false" />
			<line number="117"  hits="5"  branch="false" />
			<line number="120"  hits="17"  branch="false" />
			<line number="131"  hits="1"  branch="false" />
			<line number="132"  hits="4"  branch="false" />
			<line number="133"  hits="4"  branch="true"  condition-coverage="50% (1/2)" />
			<line number="134"  hits="0"  branch="false" />
			<line number="146"  hits="1"  branch="false" />
			<line number="147"  hits="17"  branch="false" />
			<line number="148"  hits="17"  branch="false" />
			<line number="158"  hits="1"  branch="false" />
			<line number="159"  hits="0"  branch="false" />
			<line number="170"  hits="1"  branch="false" />
			<line number="171"  hits="12"  branch="true"  condition-coverage="50% (1/2)" />
			<line number="172"  hits="0"  branch="false" />
			<line number="174"  hits="12"  branch="false" />
			<line number="175"  hits="12"  branch="false" />
			<line number="176"  hits="12"  branch="false" />
			<line number="179"  hits="1"  branch="false" />
			<line number="180"  hits="0"  branch="false" />
			<line number="189"  hits="1"  branch="false" />
			<line number="190"  hits="0"  branch="false" />
		</lines>
		</class>
		<class name="linked-list.js"  filename="src/data-structures/linked-list.js"  line-rate="0.7524"  branch-rate="0.4722" >
		<methods>
			<method name="(anonymous_1)"  hits="1"  signature="()V" >
				<lines><line number="36"  hits="1" /></lines>
			</method>
			<method name="(anonymous_2)"  hits="1396"  signature="()V" >
				<lines><line number="47"  hits="1396" /></lines>
			</method>
			<method name="(anonymous_3)"  hits="411"  signature="()V" >
				<lines><line number="71"  hits="411" /></lines>
			</method>
			<method name="(anonymous_4)"  hits="1392"  signature="()V" >
				<lines><line number="83"  hits="1392" /></lines>
			</method>
			<method name="(anonymous_5)"  hits="1"  signature="()V" >
				<lines><line number="102"  hits="1" /></lines>
			</method>
			<method name="(anonymous_6)"  hits="1"  signature="()V" >
				<lines><line number="121"  hits="1" /></lines>
			</method>
			<method name="(anonymous_7)"  hits="0"  signature="()V" >
				<lines><line number="137"  hits="0" /></lines>
			</method>
			<method name="(anonymous_8)"  hits="2"  signature="()V" >
				<lines><line number="174"  hits="2" /></lines>
			</method>
			<method name="(anonymous_9)"  hits="5"  signature="()V" >
				<lines><line number="200"  hits="5" /></lines>
			</method>
			<method name="(anonymous_10)"  hits="1373"  signature="()V" >
				<lines><line number="216"  hits="1373" /></lines>
			</method>
			<method name="(anonymous_11)"  hits="1"  signature="()V" >
				<lines><line number="231"  hits="1" /></lines>
			</method>
			<method name="inverse"  hits="5"  signature="()V" >
				<lines><line number="233"  hits="5" /></lines>
			</method>
			<method name="(anonymous_13)"  hits="1"  signature="()V" >
				<lines><line number="257"  hits="1" /></lines>
			</method>
		</methods>
		<lines>
			<line number="36"  hits="1"  branch="false" />
			<line number="47"  hits="1"  branch="false" />
			<line number="52"  hits="1396"  branch="false" />
			<line number="57"  hits="1396"  branch="false" />
			<line number="62"  hits="1396"  branch="false" />
			<line number="71"  hits="1"  branch="false" />
			<line number="72"  hits="411"  branch="false" />
			<line number="73"  hits="411"  branch="false" />
			<line number="83"  hits="1"  branch="false" />
			<line number="84"  hits="1392"  branch="false" />
			<line number="85"  hits="1392"  branch="true"  condition-coverage="100% (2/2)" />
			<line number="86"  hits="410"  branch="false" />
			<line number="88"  hits="982"  branch="false" />
			<line number="89"  hits="982"  branch="false" />
			<line number="90"  hits="982"  branch="false" />
			<line number="91"  hits="982"  branch="false" />
			<line number="102"  hits="1"  branch="false" />
			<line number="103"  hits="1"  branch="false" />
			<line number="104"  hits="1"  branch="true"  condition-coverage="50% (1/2)" />
			<line number="105"  hits="0"  branch="false" />
			<line number="107"  hits="1"  branch="false" />
			<line number="108"  hits="1"  branch="false" />
			<line number="109"  hits="1"  branch="false" />
			<line number="110"  hits="1"  branch="false" />
			<line number="121"  hits="1"  branch="false" />
			<line number="122"  hits="1"  branch="false" />
			<line number="123"  hits="1"  branch="false" />
			<line number="124"  hits="5"  branch="false" />
			<line number="125"  hits="5"  branch="false" />
			<line number="137"  hits="1"  branch="false" />
			<line number="138"  hits="0"  branch="true"  condition-coverage="0% (0/2)" />
			<line number="139"  hits="0"  branch="false" />
			<line number="141"  hits="0"  branch="false" />
			<line number="142"  hits="0"  branch="false" />
			<line number="143"  hits="0"  branch="false" />
			<line number="144"  hits="0"  branch="false" />
			<line number="145"  hits="0"  branch="true"  condition-coverage="0% (0/2)" />
			<line number="146"  hits="0"  branch="false" />
			<line number="147"  hits="0"  branch="false" />
			<line number="148"  hits="0"  branch="true"  condition-coverage="0% (0/2)" />
			<line number="149"  hits="0"  branch="false" />
			<line number="151"  hits="0"  branch="true"  condition-coverage="0% (0/2)" />
			<line number="152"  hits="0"  branch="false" />
			<line number="154"  hits="0"  branch="true"  condition-coverage="0% (0/2)" />
			<line number="155"  hits="0"  branch="false" />
			<line number="157"  hits="0"  branch="true"  condition-coverage="0% (0/2)" />
			<line number="158"  hits="0"  branch="false" />
			<line number="160"  hits="0"  branch="false" />
			<line number="162"  hits="0"  branch="false" />
			<line number="164"  hits="0"  branch="false" />
			<line number="174"  hits="1"  branch="false" />
			<line number="175"  hits="2"  branch="false" />
			<line number="176"  hits="2"  branch="false" />
			<line number="177"  hits="2"  branch="false" />
			<line number="178"  hits="5"  branch="true"  condition-coverage="50% (1/2)" />
			<line number="179"  hits="0"  branch="false" />
			<line number="181"  hits="5"  branch="false" />
			<line number="182"  hits="5"  branch="true"  condition-coverage="100% (2/2)" />
			<line number="183"  hits="1"  branch="false" />
			<line number="185"  hits="4"  branch="false" />
			<line number="186"  hits="4"  branch="false" />
			<line number="187"  hits="4"  branch="true"  condition-coverage="100% (2/2)" />
			<line number="188"  hits="1"  branch="false" />
			<line number="200"  hits="1"  branch="false" />
			<line number="201"  hits="5"  branch="true"  condition-coverage="50% (1/2)" />
			<line number="202"  hits="0"  branch="false" />
			<line number="204"  hits="5"  branch="false" />
			<line number="205"  hits="5"  branch="false" />
			<line number="206"  hits="5"  branch="false" />
			<line number="216"  hits="1"  branch="false" />
			<line number="217"  hits="1373"  branch="true"  condition-coverage="50% (1/2)" />
			<line number="218"  hits="0"  branch="false" />
			<line number="220"  hits="1373"  branch="false" />
			<line number="221"  hits="1373"  branch="false" />
			<line number="222"  hits="1373"  branch="false" />
			<line number="231"  hits="1"  branch="false" />
			<line number="233"  hits="1"  branch="false" />
			<line number="234"  hits="5"  branch="true"  condition-coverage="100% (2/2)" />
			<line number="235"  hits="1"  branch="false" />
			<line number="237"  hits="4"  branch="false" />
			<line number="238"  hits="4"  branch="false" />
			<line number="241"  hits="1"  branch="true"  condition-coverage="50% (1/2)" />
			<line number="242"  hits="0"  branch="false" />
			<line number="244"  hits="1"  branch="false" />
			<line number="245"  hits="1"  branch="false" />
			<line number="246"  hits="1"  branch="false" />
			<line number="247"  hits="1"  branch="false" />
			<line number="248"  hits="1"  branch="false" />
			<line number="257"  hits="1"  branch="false" />
			<line number="258"  hits="1"  branch="true"  condition-coverage="75% (3/4)" />
			<line number="259"  hits="0"  branch="false" />
			<line number="261"  hits="1"  branch="false" />
			<line number="262"  hits="1"  branch="false" />
			<line number="263"  hits="1"  branch="false" />
			<line number="264"  hits="1"  branch="false" />
			<line number="265"  hits="4"  branch="false" />
			<line number="266"  hits="4"  branch="false" />
			<line number="267"  hits="4"  branch="false" />
			<line number="268"  hits="4"  branch="false" />
			<line number="269"  hits="4"  branch="false" />
			<line number="271"  hits="1"  branch="false" />
			<line number="272"  hits="1"  branch="false" />
			<line number="273"  hits="1"  branch="false" />
			<line number="274"  hits="1"  branch="false" />
			<line number="275"  hits="1"  branch="false" />
		</lines>
		</class>
		<class name="red-black-tree.js"  filename="src/data-structures/red-black-tree.js"  line-rate="0.8718"  branch-rate="0.8234999999999999" >
		<methods>
			<method name="(anonymous_1)"  hits="1"  signature="()V" >
				<lines><line number="31"  hits="1" /></lines>
			</method>
			<method name="Node"  hits="16"  signature="()V" >
				<lines><line number="55"  hits="16" /></lines>
			</method>
			<method name="(anonymous_3)"  hits="50"  signature="()V" >
				<lines><line number="70"  hits="50" /></lines>
			</method>
			<method name="(anonymous_4)"  hits="10"  signature="()V" >
				<lines><line number="80"  hits="10" /></lines>
			</method>
			<method name="(anonymous_5)"  hits="5"  signature="()V" >
				<lines><line number="94"  hits="5" /></lines>
			</method>
			<method name="(anonymous_6)"  hits="171"  signature="()V" >
				<lines><line number="96"  hits="171" /></lines>
			</method>
			<method name="(anonymous_7)"  hits="44"  signature="()V" >
				<lines><line number="99"  hits="44" /></lines>
			</method>
			<method name="(anonymous_8)"  hits="5"  signature="()V" >
				<lines><line number="112"  hits="5" /></lines>
			</method>
			<method name="(anonymous_9)"  hits="14"  signature="()V" >
				<lines><line number="125"  hits="14" /></lines>
			</method>
			<method name="(anonymous_10)"  hits="62"  signature="()V" >
				<lines><line number="139"  hits="62" /></lines>
			</method>
			<method name="(anonymous_11)"  hits="27"  signature="()V" >
				<lines><line number="156"  hits="27" /></lines>
			</method>
			<method name="(anonymous_12)"  hits="4"  signature="()V" >
				<lines><line number="188"  hits="4" /></lines>
			</method>
			<method name="(anonymous_13)"  hits="4"  signature="()V" >
				<lines><line number="202"  hits="4" /></lines>
			</method>
			<method name="(anonymous_14)"  hits="0"  signature="()V" >
				<lines><line number="223"  hits="0" /></lines>
			</method>
			<method name="(anonymous_15)"  hits="7"  signature="()V" >
				<lines><line number="243"  hits="7" /></lines>
			</method>
			<method name="(anonymous_16)"  hits="12"  signature="()V" >
				<lines><line number="255"  hits="12" /></lines>
			</method>
		</methods>
		<lines>
			<line number="31"  hits="1"  branch="false" />
			<line number="38"  hits="1"  branch="false" />
			<line number="42"  hits="1"  branch="false" />
			<line number="55"  hits="1"  branch="false" />
			<line number="56"  hits="16"  branch="false" />
			<line number="57"  hits="16"  branch="false" />
			<line number="58"  hits="16"  branch="false" />
			<line number="59"  hits="16"  branch="false" />
			<line number="60"  hits="16"  branch="false" />
			<line number="70"  hits="1"  branch="false" />
			<line number="71"  hits="50"  branch="false" />
			<line number="80"  hits="1"  branch="false" />
			<line number="81"  hits="10"  branch="true"  condition-coverage="100% (2/2)" />
			<line number="82"  hits="9"  branch="false" />
			<line number="84"  hits="1"  branch="false" />
			<line number="92"  hits="1"  branch="false" />
			<line number="95"  hits="5"  branch="false" />
			<line number="96"  hits="5"  branch="false" />
			<line number="97"  hits="171"  branch="false" />
			<line number="99"  hits="5"  branch="false" />
			<line number="100"  hits="44"  branch="false" />
			<line number="104"  hits="1"  branch="false" />
			<line number="112"  hits="1"  branch="false" />
			<line number="113"  hits="5"  branch="false" />
			<line number="125"  hits="1"  branch="false" />
			<line number="126"  hits="14"  branch="false" />
			<line number="127"  hits="14"  branch="false" />
			<line number="139"  hits="1"  branch="false" />
			<line number="140"  hits="62"  branch="true"  condition-coverage="100% (2/2)" />
			<line number="141"  hits="22"  branch="false" />
			<line number="143"  hits="40"  branch="false" />
			<line number="156"  hits="1"  branch="false" />
			<line number="157"  hits="27"  branch="false" />
			<line number="158"  hits="27"  branch="true"  condition-coverage="100% (2/2)" />
			<line number="159"  hits="13"  branch="false" />
			<line number="161"  hits="14"  branch="true"  condition-coverage="100% (2/2)" />
			<line number="162"  hits="1"  branch="false" />
			<line number="163"  hits="13"  branch="true"  condition-coverage="100% (2/2)" />
			<line number="164"  hits="12"  branch="false" />
			<line number="166"  hits="1"  branch="false" />
			<line number="168"  hits="14"  branch="true"  condition-coverage="100% (4/4)" />
			<line number="169"  hits="4"  branch="false" />
			<line number="171"  hits="14"  branch="true"  condition-coverage="75% (3/4)" />
			<line number="172"  hits="0"  branch="false" />
			<line number="174"  hits="14"  branch="true"  condition-coverage="100% (4/4)" />
			<line number="175"  hits="4"  branch="false" />
			<line number="177"  hits="14"  branch="false" />
			<line number="188"  hits="1"  branch="false" />
			<line number="189"  hits="4"  branch="false" />
			<line number="190"  hits="4"  branch="false" />
			<line number="202"  hits="1"  branch="false" />
			<line number="203"  hits="4"  branch="false" />
			<line number="204"  hits="4"  branch="true"  condition-coverage="50% (1/2)" />
			<line number="205"  hits="4"  branch="false" />
			<line number="206"  hits="4"  branch="false" />
			<line number="207"  hits="4"  branch="false" />
			<line number="208"  hits="4"  branch="false" />
			<line number="209"  hits="4"  branch="false" />
			<line number="211"  hits="4"  branch="false" />
			<line number="223"  hits="1"  branch="false" />
			<line number="224"  hits="0"  branch="false" />
			<line number="225"  hits="0"  branch="true"  condition-coverage="0% (0/2)" />
			<line number="226"  hits="0"  branch="false" />
			<line number="227"  hits="0"  branch="false" />
			<line number="228"  hits="0"  branch="false" />
			<line number="229"  hits="0"  branch="false" />
			<line number="230"  hits="0"  branch="false" />
			<line number="232"  hits="0"  branch="false" />
			<line number="243"  hits="1"  branch="false" />
			<line number="244"  hits="7"  branch="false" />
			<line number="255"  hits="1"  branch="false" />
			<line number="256"  hits="12"  branch="true"  condition-coverage="100% (2/2)" />
			<line number="257"  hits="2"  branch="false" />
			<line number="259"  hits="10"  branch="true"  condition-coverage="100% (2/2)" />
			<line number="260"  hits="5"  branch="false" />
			<line number="262"  hits="5"  branch="true"  condition-coverage="50% (1/2)" />
			<line number="263"  hits="0"  branch="false" />
			<line number="265"  hits="5"  branch="false" />
		</lines>
		</class>
		<class name="splay-tree.js"  filename="src/data-structures/splay-tree.js"  line-rate="0.6197"  branch-rate="0.4755" >
		<methods>
			<method name="(anonymous_1)"  hits="1"  signature="()V" >
				<lines><line number="22"  hits="1" /></lines>
			</method>
			<method name="(anonymous_2)"  hits="20"  signature="()V" >
				<lines><line number="35"  hits="20" /></lines>
			</method>
			<method name="(anonymous_3)"  hits="5"  signature="()V" >
				<lines><line number="51"  hits="5" /></lines>
			</method>
			<method name="(anonymous_4)"  hits="14"  signature="()V" >
				<lines><line number="63"  hits="14" /></lines>
			</method>
			<method name="(anonymous_5)"  hits="4"  signature="()V" >
				<lines><line number="93"  hits="4" /></lines>
			</method>
			<method name="(anonymous_6)"  hits="6"  signature="()V" >
				<lines><line number="143"  hits="6" /></lines>
			</method>
			<method name="(anonymous_7)"  hits="10"  signature="()V" >
				<lines><line number="193"  hits="10" /></lines>
			</method>
			<method name="(anonymous_8)"  hits="31"  signature="()V" >
				<lines><line number="225"  hits="31" /></lines>
			</method>
			<method name="(anonymous_9)"  hits="0"  signature="()V" >
				<lines><line number="253"  hits="0" /></lines>
			</method>
			<method name="(anonymous_10)"  hits="0"  signature="()V" >
				<lines><line number="272"  hits="0" /></lines>
			</method>
			<method name="(anonymous_11)"  hits="0"  signature="()V" >
				<lines><line number="284"  hits="0" /></lines>
			</method>
			<method name="(anonymous_12)"  hits="0"  signature="()V" >
				<lines><line number="302"  hits="0" /></lines>
			</method>
			<method name="(anonymous_13)"  hits="0"  signature="()V" >
				<lines><line number="314"  hits="0" /></lines>
			</method>
			<method name="(anonymous_14)"  hits="0"  signature="()V" >
				<lines><line number="332"  hits="0" /></lines>
			</method>
			<method name="(anonymous_15)"  hits="1"  signature="()V" >
				<lines><line number="343"  hits="1" /></lines>
			</method>
			<method name="(anonymous_16)"  hits="2"  signature="()V" >
				<lines><line number="355"  hits="2" /></lines>
			</method>
			<method name="(anonymous_17)"  hits="7"  signature="()V" >
				<lines><line number="367"  hits="7" /></lines>
			</method>
			<method name="(anonymous_18)"  hits="1"  signature="()V" >
				<lines><line number="394"  hits="1" /></lines>
			</method>
			<method name="(anonymous_19)"  hits="2"  signature="()V" >
				<lines><line number="420"  hits="2" /></lines>
			</method>
			<method name="(anonymous_20)"  hits="0"  signature="()V" >
				<lines><line number="457"  hits="0" /></lines>
			</method>
			<method name="(anonymous_21)"  hits="0"  signature="()V" >
				<lines><line number="470"  hits="0" /></lines>
			</method>
			<method name="(anonymous_22)"  hits="0"  signature="()V" >
				<lines><line number="486"  hits="0" /></lines>
			</method>
			<method name="(anonymous_23)"  hits="0"  signature="()V" >
				<lines><line number="496"  hits="0" /></lines>
			</method>
			<method name="(anonymous_24)"  hits="0"  signature="()V" >
				<lines><line number="497"  hits="0" /></lines>
			</method>
			<method name="(anonymous_25)"  hits="0"  signature="()V" >
				<lines><line number="515"  hits="0" /></lines>
			</method>
			<method name="(anonymous_26)"  hits="0"  signature="()V" >
				<lines><line number="526"  hits="0" /></lines>
			</method>
			<method name="(anonymous_27)"  hits="0"  signature="()V" >
				<lines><line number="541"  hits="0" /></lines>
			</method>
			<method name="(anonymous_28)"  hits="0"  signature="()V" >
				<lines><line number="557"  hits="0" /></lines>
			</method>
			<method name="(anonymous_29)"  hits="0"  signature="()V" >
				<lines><line number="584"  hits="0" /></lines>
			</method>
		</methods>
		<lines>
			<line number="22"  hits="1"  branch="false" />
			<line number="35"  hits="1"  branch="false" />
			<line number="39"  hits="20"  branch="false" />
			<line number="40"  hits="20"  branch="false" />
			<line number="41"  hits="20"  branch="false" />
			<line number="42"  hits="20"  branch="false" />
			<line number="51"  hits="1"  branch="false" />
			<line number="52"  hits="5"  branch="false" />
			<line number="63"  hits="1"  branch="false" />
			<line number="64"  hits="14"  branch="false" />
			<line number="65"  hits="20"  branch="false" />
			<line number="66"  hits="20"  branch="true"  condition-coverage="100% (2/2)" />
			<line number="67"  hits="20"  branch="true"  condition-coverage="100% (4/4)" />
			<line number="68"  hits="10"  branch="false" />
			<line number="69"  hits="10"  branch="false" />
			<line number="70"  hits="10"  branch="true"  condition-coverage="100% (2/2)" />
			<line number="74"  hits="4"  branch="false" />
			<line number="76"  hits="6"  branch="false" />
			<line number="79"  hits="10"  branch="false" />
			<line number="82"  hits="14"  branch="false" />
			<line number="93"  hits="1"  branch="false" />
			<line number="95"  hits="4"  branch="false" />
			<line number="96"  hits="4"  branch="false" />
			<line number="97"  hits="4"  branch="true"  condition-coverage="50% (1/2)" />
			<line number="100"  hits="4"  branch="true"  condition-coverage="100% (2/2)" />
			<line number="101"  hits="4"  branch="true"  condition-coverage="100% (2/2)" />
			<line number="102"  hits="4"  branch="true"  condition-coverage="50% (2/4)" />
			<line number="106"  hits="4"  branch="true"  condition-coverage="50% (1/2)" />
			<line number="107"  hits="4"  branch="false" />
			<line number="109"  hits="0"  branch="false" />
			<line number="111"  hits="4"  branch="false" />
			<line number="113"  hits="4"  branch="false" />
			<line number="114"  hits="4"  branch="true"  condition-coverage="100% (2/2)" />
			<line number="115"  hits="1"  branch="false" />
			<line number="118"  hits="4"  branch="false" />
			<line number="119"  hits="4"  branch="false" />
			<line number="120"  hits="4"  branch="true"  condition-coverage="50% (1/2)" />
			<line number="121"  hits="0"  branch="false" />
			<line number="123"  hits="4"  branch="false" />
			<line number="125"  hits="4"  branch="false" />
			<line number="126"  hits="4"  branch="true"  condition-coverage="50% (1/2)" />
			<line number="127"  hits="4"  branch="false" />
			<line number="128"  hits="0"  branch="true"  condition-coverage="0% (0/2)" />
			<line number="129"  hits="0"  branch="false" />
			<line number="132"  hits="4"  branch="false" />
			<line number="143"  hits="1"  branch="false" />
			<line number="145"  hits="6"  branch="false" />
			<line number="146"  hits="6"  branch="false" />
			<line number="147"  hits="6"  branch="true"  condition-coverage="50% (1/2)" />
			<line number="150"  hits="6"  branch="true"  condition-coverage="50% (1/2)" />
			<line number="151"  hits="6"  branch="true"  condition-coverage="50% (1/2)" />
			<line number="152"  hits="6"  branch="true"  condition-coverage="100% (4/4)" />
			<line number="156"  hits="6"  branch="true"  condition-coverage="50% (1/2)" />
			<line number="157"  hits="0"  branch="false" />
			<line number="159"  hits="6"  branch="false" />
			<line number="161"  hits="6"  branch="false" />
			<line number="163"  hits="6"  branch="false" />
			<line number="164"  hits="6"  branch="true"  condition-coverage="50% (1/2)" />
			<line number="165"  hits="0"  branch="false" />
			<line number="168"  hits="6"  branch="false" />
			<line number="169"  hits="6"  branch="true"  condition-coverage="50% (1/2)" />
			<line number="170"  hits="0"  branch="false" />
			<line number="172"  hits="6"  branch="false" />
			<line number="174"  hits="6"  branch="false" />
			<line number="175"  hits="6"  branch="false" />
			<line number="176"  hits="6"  branch="true"  condition-coverage="50% (1/2)" />
			<line number="177"  hits="0"  branch="false" />
			<line number="178"  hits="6"  branch="true"  condition-coverage="50% (1/2)" />
			<line number="179"  hits="6"  branch="false" />
			<line number="182"  hits="6"  branch="false" />
			<line number="193"  hits="1"  branch="false" />
			<line number="195"  hits="10"  branch="false" />
			<line number="196"  hits="10"  branch="true"  condition-coverage="100% (2/2)" />
			<line number="197"  hits="10"  branch="true"  condition-coverage="100% (2/2)" />
			<line number="199"  hits="10"  branch="true"  condition-coverage="50% (1/2)" />
			<line number="200"  hits="10"  branch="false" />
			<line number="203"  hits="10"  branch="false" />
			<line number="204"  hits="10"  branch="true"  condition-coverage="100% (2/2)" />
			<line number="205"  hits="6"  branch="false" />
			<line number="207"  hits="10"  branch="false" />
			<line number="209"  hits="10"  branch="false" />
			<line number="210"  hits="10"  branch="false" />
			<line number="212"  hits="10"  branch="false" />
			<line number="225"  hits="1"  branch="false" />
			<line number="226"  hits="31"  branch="true"  condition-coverage="100% (2/2)" />
			<line number="227"  hits="4"  branch="false" />
			<line number="228"  hits="4"  branch="false" />
			<line number="230"  hits="27"  branch="false" />
			<line number="231"  hits="27"  branch="true"  condition-coverage="100% (2/2)" />
			<line number="232"  hits="27"  branch="true"  condition-coverage="100% (2/2)" />
			<line number="233"  hits="12"  branch="false" />
			<line number="235"  hits="15"  branch="false" />
			<line number="237"  hits="27"  branch="true"  condition-coverage="100% (2/2)" />
			<line number="238"  hits="12"  branch="false" />
			<line number="239"  hits="12"  branch="false" />
			<line number="241"  hits="15"  branch="false" />
			<line number="253"  hits="1"  branch="false" />
			<line number="254"  hits="0"  branch="true"  condition-coverage="0% (0/2)" />
			<line number="255"  hits="0"  branch="false" />
			<line number="257"  hits="0"  branch="false" />
			<line number="258"  hits="0"  branch="true"  condition-coverage="0% (0/2)" />
			<line number="259"  hits="0"  branch="false" />
			<line number="261"  hits="0"  branch="false" />
			<line number="272"  hits="1"  branch="false" />
			<line number="273"  hits="0"  branch="false" />
			<line number="284"  hits="1"  branch="false" />
			<line number="285"  hits="0"  branch="true"  condition-coverage="0% (0/2)" />
			<line number="286"  hits="0"  branch="false" />
			<line number="288"  hits="0"  branch="true"  condition-coverage="0% (0/2)" />
			<line number="289"  hits="0"  branch="false" />
			<line number="291"  hits="0"  branch="false" />
			<line number="292"  hits="0"  branch="false" />
			<line number="302"  hits="1"  branch="false" />
			<line number="303"  hits="0"  branch="false" />
			<line number="314"  hits="1"  branch="false" />
			<line number="315"  hits="0"  branch="true"  condition-coverage="0% (0/2)" />
			<line number="316"  hits="0"  branch="false" />
			<line number="318"  hits="0"  branch="true"  condition-coverage="0% (0/2)" />
			<line number="319"  hits="0"  branch="false" />
			<line number="321"  hits="0"  branch="false" />
			<line number="322"  hits="0"  branch="false" />
			<line number="332"  hits="1"  branch="false" />
			<line number="333"  hits="0"  branch="false" />
			<line number="343"  hits="1"  branch="false" />
			<line number="344"  hits="1"  branch="false" />
			<line number="345"  hits="1"  branch="false" />
			<line number="355"  hits="1"  branch="false" />
			<line number="356"  hits="2"  branch="false" />
			<line number="367"  hits="1"  branch="false" />
			<line number="368"  hits="7"  branch="true"  condition-coverage="50% (1/2)" />
			<line number="369"  hits="0"  branch="false" />
			<line number="372"  hits="7"  branch="true"  condition-coverage="100% (2/2)" />
			<line number="373"  hits="3"  branch="false" />
			<line number="376"  hits="4"  branch="true"  condition-coverage="100% (2/2)" />
			<line number="377"  hits="3"  branch="false" />
			<line number="380"  hits="1"  branch="true"  condition-coverage="50% (1/2)" />
			<line number="381"  hits="1"  branch="false" />
			<line number="393"  hits="1"  branch="false" />
			<line number="395"  hits="1"  branch="true"  condition-coverage="50% (1/2)" />
			<line number="396"  hits="0"  branch="false" />
			<line number="397"  hits="0"  branch="false" />
			<line number="399"  hits="1"  branch="true"  condition-coverage="50% (1/2)" />
			<line number="400"  hits="0"  branch="false" />
			<line number="402"  hits="1"  branch="false" />
			<line number="405"  hits="1"  branch="true"  condition-coverage="50% (1/2)" />
			<line number="406"  hits="0"  branch="false" />
			<line number="420"  hits="1"  branch="false" />
			<line number="421"  hits="2"  branch="false" />
			<line number="422"  hits="2"  branch="true"  condition-coverage="50% (1/2)" />
			<line number="423"  hits="0"  branch="false" />
			<line number="425"  hits="2"  branch="true"  condition-coverage="50% (2/4)" />
			<line number="426"  hits="0"  branch="false" />
			<line number="427"  hits="0"  branch="false" />
			<line number="429"  hits="0"  branch="false" />
			<line number="430"  hits="0"  branch="false" />
			<line number="431"  hits="0"  branch="false" />
			<line number="433"  hits="2"  branch="true"  condition-coverage="100% (2/2)" />
			<line number="434"  hits="1"  branch="true"  condition-coverage="50% (1/2)" />
			<line number="435"  hits="0"  branch="false" />
			<line number="436"  hits="1"  branch="true"  condition-coverage="50% (1/2)" />
			<line number="437"  hits="0"  branch="false" />
			<line number="439"  hits="1"  branch="false" />
			<line number="441"  hits="1"  branch="false" />
			<line number="443"  hits="1"  branch="false" />
			<line number="445"  hits="2"  branch="false" />
			<line number="457"  hits="1"  branch="false" />
			<line number="458"  hits="0"  branch="true"  condition-coverage="0% (0/2)" />
			<line number="461"  hits="0"  branch="true"  condition-coverage="0% (0/2)" />
			<line number="462"  hits="0"  branch="false" />
			<line number="464"  hits="0"  branch="true"  condition-coverage="0% (0/2)" />
			<line number="465"  hits="0"  branch="false" />
			<line number="467"  hits="0"  branch="false" />
			<line number="470"  hits="1"  branch="false" />
			<line number="471"  hits="0"  branch="true"  condition-coverage="0% (0/2)" />
			<line number="472"  hits="0"  branch="false" />
			<line number="474"  hits="0"  branch="true"  condition-coverage="0% (0/3)" />
			<line number="486"  hits="1"  branch="false" />
			<line number="487"  hits="0"  branch="false" />
			<line number="496"  hits="1"  branch="false" />
			<line number="497"  hits="0"  branch="false" />
			<line number="498"  hits="0"  branch="true"  condition-coverage="0% (0/2)" />
			<line number="499"  hits="0"  branch="false" />
			<line number="501"  hits="0"  branch="false" />
			<line number="502"  hits="0"  branch="false" />
			<line number="503"  hits="0"  branch="false" />
			<line number="504"  hits="0"  branch="false" />
			<line number="506"  hits="0"  branch="false" />
			<line number="515"  hits="1"  branch="false" />
			<line number="516"  hits="0"  branch="false" />
			<line number="526"  hits="1"  branch="false" />
			<line number="527"  hits="0"  branch="true"  condition-coverage="0% (0/2)" />
			<line number="528"  hits="0"  branch="false" />
			<line number="530"  hits="0"  branch="false" />
			<line number="540"  hits="1"  branch="false" />
			<line number="542"  hits="0"  branch="false" />
			<line number="556"  hits="1"  branch="false" />
			<line number="558"  hits="0"  branch="false" />
			<line number="559"  hits="0"  branch="false" />
			<line number="560"  hits="0"  branch="false" />
			<line number="561"  hits="0"  branch="false" />
			<line number="562"  hits="0"  branch="true"  condition-coverage="0% (0/6)" />
			<line number="564"  hits="0"  branch="false" />
			<line number="566"  hits="0"  branch="true"  condition-coverage="0% (0/4)" />
			<line number="567"  hits="0"  branch="false" />
			<line number="569"  hits="0"  branch="true"  condition-coverage="0% (0/4)" />
			<line number="570"  hits="0"  branch="false" />
			<line number="573"  hits="0"  branch="false" />
			<line number="584"  hits="1"  branch="false" />
			<line number="585"  hits="0"  branch="true"  condition-coverage="0% (0/2)" />
			<line number="586"  hits="0"  branch="false" />
			<line number="588"  hits="0"  branch="true"  condition-coverage="0% (0/2)" />
			<line number="589"  hits="0"  branch="false" />
			<line number="591"  hits="0"  branch="true"  condition-coverage="0% (0/2)" />
		</lines>
		</class>
		<class name="vertex.js"  filename="src/data-structures/vertex.js"  line-rate="1"  branch-rate="0.5" >
		<methods>
			<method name="(anonymous_1)"  hits="1"  signature="()V" >
				<lines><line number="1"  hits="1" /></lines>
			</method>
			<method name="(anonymous_2)"  hits="4"  signature="()V" >
				<lines><line number="12"  hits="4" /></lines>
			</method>
		</methods>
		<lines>
			<line number="1"  hits="1"  branch="false" />
			<line number="12"  hits="1"  branch="false" />
			<line number="13"  hits="4"  branch="false" />
		</lines>
		</class>
	</classes>
	</package>
	<package name="graphs.others"  line-rate="1"  branch-rate="0.9" >
	<classes>
		<class name="topological-sort.js"  filename="src/graphs/others/topological-sort.js"  line-rate="1"  branch-rate="0.9" >
		<methods>
			<method name="(anonymous_1)"  hits="1"  signature="()V" >
				<lines><line number="1"  hits="1" /></lines>
			</method>
			<method name="(anonymous_2)"  hits="1"  signature="()V" >
				<lines><line number="4"  hits="1" /></lines>
			</method>
			<method name="topologicalSortHelper"  hits="11"  signature="()V" >
				<lines><line number="6"  hits="11" /></lines>
			</method>
			<method name="(anonymous_4)"  hits="5"  signature="()V" >
				<lines><line number="45"  hits="5" /></lines>
			</method>
		</methods>
		<lines>
			<line number="1"  hits="1"  branch="false" />
			<line number="4"  hits="1"  branch="false" />
			<line number="6"  hits="1"  branch="false" />
			<line number="7"  hits="11"  branch="false" />
			<line number="8"  hits="11"  branch="false" />
			<line number="9"  hits="11"  branch="false" />
			<line number="10"  hits="10"  branch="false" />
			<line number="11"  hits="10"  branch="true"  condition-coverage="100% (2/2)" />
			<line number="12"  hits="1"  branch="false" />
			<line number="14"  hits="9"  branch="true"  condition-coverage="100% (2/2)" />
			<line number="15"  hits="6"  branch="false" />
			<line number="18"  hits="9"  branch="false" />
			<line number="19"  hits="9"  branch="false" />
			<line number="20"  hits="9"  branch="false" />
			<line number="45"  hits="1"  branch="false" />
			<line number="46"  hits="5"  branch="false" />
			<line number="47"  hits="5"  branch="false" />
			<line number="48"  hits="5"  branch="false" />
			<line number="49"  hits="5"  branch="false" />
			<line number="50"  hits="10"  branch="true"  condition-coverage="100% (4/4)" />
			<line number="51"  hits="5"  branch="false" />
			<line number="54"  hits="4"  branch="false" />
			<line number="58"  hits="1"  branch="false" />
		</lines>
		</class>
	</classes>
	</package>
	<package name="graphs.searching"  line-rate="1"  branch-rate="0.8824" >
	<classes>
		<class name="bfs.js"  filename="src/graphs/searching/bfs.js"  line-rate="1"  branch-rate="0.8889" >
		<methods>
			<method name="(anonymous_1)"  hits="1"  signature="()V" >
				<lines><line number="1"  hits="1" /></lines>
			</method>
			<method name="(anonymous_2)"  hits="1"  signature="()V" >
				<lines><line number="4"  hits="1" /></lines>
			</method>
			<method name="buildPath"  hits="4"  signature="()V" >
				<lines><line number="6"  hits="4" /></lines>
			</method>
			<method name="(anonymous_4)"  hits="5"  signature="()V" >
				<lines><line number="37"  hits="5" /></lines>
			</method>
		</methods>
		<lines>
			<line number="1"  hits="1"  branch="false" />
			<line number="4"  hits="1"  branch="false" />
			<line number="6"  hits="1"  branch="false" />
			<line number="7"  hits="4"  branch="false" />
			<line number="8"  hits="4"  branch="false" />
			<line number="9"  hits="4"  branch="false" />
			<line number="10"  hits="4"  branch="false" />
			<line number="12"  hits="4"  branch="false" />
			<line number="37"  hits="1"  branch="false" />
			<line number="38"  hits="5"  branch="false" />
			<line number="39"  hits="5"  branch="false" />
			<line number="40"  hits="5"  branch="false" />
			<line number="41"  hits="5"  branch="false" />
			<line number="42"  hits="5"  branch="false" />
			<line number="43"  hits="5"  branch="false" />
			<line number="44"  hits="5"  branch="false" />
			<line number="45"  hits="5"  branch="false" />
			<line number="46"  hits="14"  branch="false" />
			<line number="47"  hits="14"  branch="true"  condition-coverage="100% (2/2)" />
			<line number="48"  hits="4"  branch="false" />
			<line number="50"  hits="10"  branch="false" />
			<line number="51"  hits="46"  branch="true"  condition-coverage="100% (5/5)" />
			<line number="52"  hits="9"  branch="false" />
			<line number="53"  hits="9"  branch="false" />
			<line number="54"  hits="9"  branch="false" />
			<line number="58"  hits="1"  branch="false" />
			<line number="62"  hits="1"  branch="false" />
		</lines>
		</class>
		<class name="dfs.js"  filename="src/graphs/searching/dfs.js"  line-rate="1"  branch-rate="0.875" >
		<methods>
			<method name="(anonymous_1)"  hits="1"  signature="()V" >
				<lines><line number="1"  hits="1" /></lines>
			</method>
			<method name="(anonymous_2)"  hits="1"  signature="()V" >
				<lines><line number="4"  hits="1" /></lines>
			</method>
			<method name="hasPath"  hits="8"  signature="()V" >
				<lines><line number="6"  hits="8" /></lines>
			</method>
			<method name="(anonymous_4)"  hits="8"  signature="()V" >
				<lines><line number="49"  hits="8" /></lines>
			</method>
		</methods>
		<lines>
			<line number="1"  hits="1"  branch="false" />
			<line number="4"  hits="1"  branch="false" />
			<line number="6"  hits="1"  branch="false" />
			<line number="7"  hits="8"  branch="false" />
			<line number="8"  hits="8"  branch="false" />
			<line number="9"  hits="8"  branch="false" />
			<line number="10"  hits="8"  branch="false" />
			<line number="11"  hits="8"  branch="false" />
			<line number="12"  hits="8"  branch="false" />
			<line number="13"  hits="13"  branch="false" />
			<line number="14"  hits="13"  branch="true"  condition-coverage="100% (2/2)" />
			<line number="15"  hits="6"  branch="false" />
			<line number="17"  hits="7"  branch="false" />
			<line number="18"  hits="17"  branch="true"  condition-coverage="100% (4/4)" />
			<line number="19"  hits="5"  branch="false" />
			<line number="20"  hits="5"  branch="false" />
			<line number="24"  hits="2"  branch="false" />
			<line number="49"  hits="1"  branch="false" />
			<line number="50"  hits="8"  branch="false" />
			<line number="54"  hits="1"  branch="false" />
		</lines>
		</class>
	</classes>
	</package>
	<package name="graphs.shortest-path"  line-rate="0.9854999999999999"  branch-rate="0.8695999999999999" >
	<classes>
		<class name="bellman-ford.js"  filename="src/graphs/shortest-path/bellman-ford.js"  line-rate="0.9565"  branch-rate="0.75" >
		<methods>
			<method name="(anonymous_1)"  hits="1"  signature="()V" >
				<lines><line number="40"  hits="1" /></lines>
			</method>
			<method name="(anonymous_2)"  hits="3"  signature="()V" >
				<lines><line number="59"  hits="3" /></lines>
			</method>
		</methods>
		<lines>
			<line number="40"  hits="1"  branch="false" />
			<line number="44"  hits="1"  branch="false" />
			<line number="45"  hits="1"  branch="false" />
			<line number="59"  hits="1"  branch="false" />
			<line number="60"  hits="3"  branch="false" />
			<line number="61"  hits="3"  branch="false" />
			<line number="62"  hits="3"  branch="false" />
			<line number="63"  hits="3"  branch="true"  condition-coverage="100% (2/2)" />
			<line number="64"  hits="2"  branch="false" />
			<line number="65"  hits="4"  branch="false" />
			<line number="66"  hits="4"  branch="false" />
			<line number="68"  hits="2"  branch="false" />
			<line number="69"  hits="2"  branch="false" />
			<line number="70"  hits="2"  branch="false" />
			<line number="71"  hits="6"  branch="false" />
			<line number="72"  hits="6"  branch="true"  condition-coverage="100% (2/2)" />
			<line number="73"  hits="3"  branch="false" />
			<line number="74"  hits="3"  branch="false" />
			<line number="79"  hits="2"  branch="false" />
			<line number="80"  hits="3"  branch="false" />
			<line number="81"  hits="3"  branch="true"  condition-coverage="50% (1/2)" />
			<line number="82"  hits="0"  branch="false" />
			<line number="87"  hits="3"  branch="false" />
		</lines>
		</class>
		<class name="dijkstra.js"  filename="src/graphs/shortest-path/dijkstra.js"  line-rate="1"  branch-rate="0.9333" >
		<methods>
			<method name="(anonymous_1)"  hits="1"  signature="()V" >
				<lines><line number="1"  hits="1" /></lines>
			</method>
			<method name="(anonymous_2)"  hits="1"  signature="()V" >
				<lines><line number="4"  hits="1" /></lines>
			</method>
			<method name="Node"  hits="6"  signature="()V" >
				<lines><line number="20"  hits="6" /></lines>
			</method>
			<method name="compareNodesDistance"  hits="7"  signature="()V" >
				<lines><line number="33"  hits="7" /></lines>
			</method>
			<method name="init"  hits="4"  signature="()V" >
				<lines><line number="44"  hits="4" /></lines>
			</method>
			<method name="(anonymous_6)"  hits="4"  signature="()V" >
				<lines><line number="94"  hits="4" /></lines>
			</method>
		</methods>
		<lines>
			<line number="1"  hits="1"  branch="false" />
			<line number="4"  hits="1"  branch="false" />
			<line number="6"  hits="1"  branch="false" />
			<line number="7"  hits="1"  branch="false" />
			<line number="8"  hits="1"  branch="false" />
			<line number="9"  hits="1"  branch="false" />
			<line number="10"  hits="1"  branch="false" />
			<line number="20"  hits="1"  branch="false" />
			<line number="21"  hits="6"  branch="false" />
			<line number="22"  hits="6"  branch="false" />
			<line number="33"  hits="1"  branch="false" />
			<line number="34"  hits="7"  branch="false" />
			<line number="44"  hits="1"  branch="false" />
			<line number="45"  hits="4"  branch="false" />
			<line number="46"  hits="4"  branch="false" />
			<line number="47"  hits="4"  branch="false" />
			<line number="48"  hits="4"  branch="false" />
			<line number="49"  hits="4"  branch="false" />
			<line number="50"  hits="4"  branch="false" />
			<line number="51"  hits="6"  branch="false" />
			<line number="52"  hits="6"  branch="true"  condition-coverage="100% (2/2)" />
			<line number="53"  hits="3"  branch="false" />
			<line number="55"  hits="3"  branch="false" />
			<line number="57"  hits="6"  branch="false" />
			<line number="58"  hits="6"  branch="false" />
			<line number="59"  hits="6"  branch="false" />
			<line number="60"  hits="6"  branch="false" />
			<line number="62"  hits="4"  branch="false" />
			<line number="63"  hits="4"  branch="false" />
			<line number="94"  hits="1"  branch="false" />
			<line number="95"  hits="4"  branch="false" />
			<line number="96"  hits="4"  branch="false" />
			<line number="97"  hits="4"  branch="true"  condition-coverage="100% (2/2)" />
			<line number="98"  hits="5"  branch="false" />
			<line number="99"  hits="13"  branch="true"  condition-coverage="100% (5/5)" />
			<line number="104"  hits="5"  branch="false" />
			<line number="105"  hits="5"  branch="true"  condition-coverage="100% (2/2)" />
			<line number="106"  hits="4"  branch="false" />
			<line number="107"  hits="4"  branch="false" />
			<line number="108"  hits="4"  branch="false" />
			<line number="112"  hits="5"  branch="false" />
			<line number="113"  hits="5"  branch="false" />
			<line number="115"  hits="4"  branch="true"  condition-coverage="100% (2/2)" />
			<line number="116"  hits="3"  branch="false" />
			<line number="118"  hits="1"  branch="false" />
			<line number="123"  hits="1"  branch="false" />
		</lines>
		</class>
	</classes>
	</package>
	<package name="others"  line-rate="1"  branch-rate="0.8095" >
	<classes>
		<class name="fibonacci.js"  filename="src/others/fibonacci.js"  line-rate="1"  branch-rate="0.75" >
		<methods>
			<method name="(anonymous_1)"  hits="1"  signature="()V" >
				<lines><line number="18"  hits="1" /></lines>
			</method>
			<method name="fibonacci"  hits="7"  signature="()V" >
				<lines><line number="21"  hits="7" /></lines>
			</method>
		</methods>
		<lines>
			<line number="18"  hits="1"  branch="false" />
			<line number="21"  hits="1"  branch="false" />
			<line number="22"  hits="7"  branch="true"  condition-coverage="100% (2/2)" />
			<line number="23"  hits="1"  branch="false" />
			<line number="25"  hits="6"  branch="false" />
			<line number="26"  hits="6"  branch="false" />
			<line number="27"  hits="6"  branch="false" />
			<line number="29"  hits="6"  branch="false" />
			<line number="30"  hits="112"  branch="false" />
			<line number="31"  hits="112"  branch="false" />
			<line number="32"  hits="112"  branch="false" />
			<line number="33"  hits="112"  branch="false" />
			<line number="36"  hits="6"  branch="false" />
			<line number="39"  hits="1"  branch="false" />
		</lines>
		</class>
		<class name="levenshtein-distance.js"  filename="src/others/levenshtein-distance.js"  line-rate="1"  branch-rate="0.75" >
		<methods>
			<method name="(anonymous_1)"  hits="1"  signature="()V" >
				<lines><line number="1"  hits="1" /></lines>
			</method>
			<method name="(anonymous_2)"  hits="1"  signature="()V" >
				<lines><line number="4"  hits="1" /></lines>
			</method>
			<method name="levenshteinDistance"  hits="12"  signature="()V" >
				<lines><line number="6"  hits="12" /></lines>
			</method>
			<method name="(anonymous_4)"  hits="12"  signature="()V" >
				<lines><line number="53"  hits="12" /></lines>
			</method>
		</methods>
		<lines>
			<line number="1"  hits="1"  branch="false" />
			<line number="4"  hits="1"  branch="false" />
			<line number="6"  hits="1"  branch="false" />
			<line number="7"  hits="12"  branch="false" />
			<line number="8"  hits="12"  branch="false" />
			<line number="9"  hits="12"  branch="false" />
			<line number="10"  hits="12"  branch="false" />
			<line number="12"  hits="12"  branch="false" />
			<line number="13"  hits="69"  branch="false" />
			<line number="16"  hits="12"  branch="false" />
			<line number="17"  hits="60"  branch="false" />
			<line number="19"  hits="60"  branch="false" />
			<line number="20"  hits="349"  branch="false" />
			<line number="27"  hits="60"  branch="false" />
			<line number="30"  hits="12"  branch="false" />
			<line number="53"  hits="1"  branch="false" />
			<line number="54"  hits="12"  branch="false" />
			<line number="58"  hits="1"  branch="false" />
		</lines>
		</class>
		<class name="min-coins-change.js"  filename="src/others/min-coins-change.js"  line-rate="1"  branch-rate="0.8462000000000001" >
		<methods>
			<method name="(anonymous_1)"  hits="1"  signature="()V" >
				<lines><line number="1"  hits="1" /></lines>
			</method>
			<method name="minCoinsChange"  hits="6"  signature="()V" >
				<lines><line number="25"  hits="6" /></lines>
			</method>
		</methods>
		<lines>
			<line number="1"  hits="1"  branch="false" />
			<line number="25"  hits="1"  branch="false" />
			<line number="26"  hits="6"  branch="false" />
			<line number="27"  hits="6"  branch="true"  condition-coverage="100% (2/2)" />
			<line number="28"  hits="1"  branch="false" />
			<line number="30"  hits="5"  branch="false" />
			<line number="31"  hits="15"  branch="false" />
			<line number="32"  hits="15"  branch="true"  condition-coverage="100% (2/2)" />
			<line number="33"  hits="38"  branch="false" />
			<line number="34"  hits="218"  branch="true"  condition-coverage="80% (4/5)" />
			<line number="36"  hits="34"  branch="false" />
			<line number="41"  hits="5"  branch="false" />
			<line number="42"  hits="5"  branch="true"  condition-coverage="100% (2/2)" />
			<line number="43"  hits="1"  branch="false" />
			<line number="45"  hits="4"  branch="false" />
			<line number="48"  hits="1"  branch="false" />
		</lines>
		</class>
	</classes>
	</package>
	<package name="primes"  line-rate="0.9821"  branch-rate="0.8571" >
	<classes>
		<class name="is-prime.js"  filename="src/primes/is-prime.js"  line-rate="0.9412"  branch-rate="0.8332999999999999" >
		<methods>
			<method name="(anonymous_1)"  hits="1"  signature="()V" >
				<lines><line number="1"  hits="1" /></lines>
			</method>
			<method name="(anonymous_2)"  hits="52373"  signature="()V" >
				<lines><line number="18"  hits="52373" /></lines>
			</method>
		</methods>
		<lines>
			<line number="1"  hits="1"  branch="false" />
			<line number="18"  hits="1"  branch="false" />
			<line number="20"  hits="52373"  branch="true"  condition-coverage="50% (1/2)" />
			<line number="21"  hits="0"  branch="false" />
			<line number="24"  hits="52373"  branch="true"  condition-coverage="100% (2/2)" />
			<line number="25"  hits="1"  branch="false" />
			<line number="28"  hits="52372"  branch="true"  condition-coverage="100% (2/2)" />
			<line number="29"  hits="17457"  branch="false" />
			<line number="32"  hits="34915"  branch="false" />
			<line number="33"  hits="34915"  branch="false" />
			<line number="35"  hits="34915"  branch="false" />
			<line number="37"  hits="477231"  branch="true"  condition-coverage="100% (2/2)" />
			<line number="38"  hits="14781"  branch="false" />
			<line number="41"  hits="462450"  branch="true"  condition-coverage="100% (2/2)" />
			<line number="42"  hits="10134"  branch="false" />
			<line number="44"  hits="452316"  branch="false" />
			<line number="46"  hits="10000"  branch="false" />
		</lines>
		</class>
		<class name="prime-factor-tree.js"  filename="src/primes/prime-factor-tree.js"  line-rate="1"  branch-rate="0.9" >
		<methods>
			<method name="(anonymous_1)"  hits="1"  signature="()V" >
				<lines><line number="1"  hits="1" /></lines>
			</method>
			<method name="(anonymous_2)"  hits="6"  signature="()V" >
				<lines><line number="20"  hits="6" /></lines>
			</method>
		</methods>
		<lines>
			<line number="1"  hits="1"  branch="false" />
			<line number="20"  hits="1"  branch="false" />
			<line number="21"  hits="6"  branch="false" />
			<line number="22"  hits="6"  branch="false" />
			<line number="23"  hits="6"  branch="true"  condition-coverage="100% (2/2)" />
			<line number="24"  hits="1"  branch="false" />
			<line number="25"  hits="1"  branch="false" />
			<line number="27"  hits="6"  branch="true"  condition-coverage="100% (2/2)" />
			<line number="28"  hits="2"  branch="false" />
			<line number="29"  hits="2"  branch="false" />
			<line number="31"  hits="6"  branch="false" />
			<line number="32"  hits="18600"  branch="false" />
			<line number="33"  hits="18600"  branch="false" />
			<line number="34"  hits="18600"  branch="true"  condition-coverage="100% (2/2)" />
			<line number="35"  hits="3"  branch="false" />
			<line number="36"  hits="3"  branch="false" />
			<line number="38"  hits="18600"  branch="true"  condition-coverage="100% (2/2)" />
			<line number="39"  hits="2"  branch="false" />
			<line number="40"  hits="2"  branch="false" />
			<line number="42"  hits="18600"  branch="false" />
			<line number="44"  hits="6"  branch="false" />
		</lines>
		</class>
		<class name="sieve-of-eratosthenes.js"  filename="src/primes/sieve-of-eratosthenes.js"  line-rate="1"  branch-rate="0.8332999999999999" >
		<methods>
			<method name="(anonymous_1)"  hits="1"  signature="()V" >
				<lines><line number="1"  hits="1" /></lines>
			</method>
			<method name="(anonymous_2)"  hits="5"  signature="()V" >
				<lines><line number="26"  hits="5" /></lines>
			</method>
			<method name="(anonymous_3)"  hits="2000015"  signature="()V" >
				<lines><line number="48"  hits="2000015" /></lines>
			</method>
		</methods>
		<lines>
			<line number="1"  hits="1"  branch="false" />
			<line number="26"  hits="1"  branch="false" />
			<line number="27"  hits="5"  branch="false" />
			<line number="28"  hits="5"  branch="false" />
			<line number="29"  hits="5"  branch="false" />
			<line number="30"  hits="5"  branch="false" />
			<line number="32"  hits="5"  branch="false" />
			<line number="34"  hits="5"  branch="false" />
			<line number="35"  hits="2000010"  branch="false" />
			<line number="38"  hits="5"  branch="false" />
			<line number="39"  hits="1415"  branch="true"  condition-coverage="100% (2/2)" />
			<line number="40"  hits="1190"  branch="false" />
			<line number="43"  hits="225"  branch="false" />
			<line number="44"  hits="4347785"  branch="false" />
			<line number="48"  hits="5"  branch="false" />
			<line number="49"  hits="2000015"  branch="true"  condition-coverage="100% (2/2)" />
			<line number="50"  hits="148938"  branch="false" />
			<line number="54"  hits="5"  branch="false" />
		</lines>
		</class>
	</classes>
	</package>
	<package name="searching"  line-rate="0.9784"  branch-rate="0.8941" >
	<classes>
		<class name="binarysearch.js"  filename="src/searching/binarysearch.js"  line-rate="1"  branch-rate="0.9" >
		<methods>
			<method name="(anonymous_1)"  hits="1"  signature="()V" >
				<lines><line number="1"  hits="1" /></lines>
			</method>
			<method name="id"  hits="18"  signature="()V" >
				<lines><line number="4"  hits="18" /></lines>
			</method>
			<method name="get"  hits="1"  signature="()V" >
				<lines><line number="5"  hits="1" /></lines>
			</method>
			<method name="(anonymous_4)"  hits="2"  signature="()V" >
				<lines><line number="5"  hits="2" /></lines>
			</method>
			<method name="binarySearch"  hits="8"  signature="()V" >
				<lines><line number="24"  hits="8" /></lines>
			</method>
		</methods>
		<lines>
			<line number="1"  hits="1"  branch="false" />
			<line number="4"  hits="18"  branch="false" />
			<line number="5"  hits="2"  branch="false" />
			<line number="24"  hits="1"  branch="false" />
			<line number="25"  hits="8"  branch="true"  condition-coverage="100% (4/4)" />
			<line number="26"  hits="8"  branch="false" />
			<line number="27"  hits="8"  branch="false" />
			<line number="28"  hits="8"  branch="false" />
			<line number="29"  hits="8"  branch="false" />
			<line number="30"  hits="8"  branch="false" />
			<line number="31"  hits="14"  branch="false" />
			<line number="32"  hits="14"  branch="true"  condition-coverage="100% (2/2)" />
			<line number="33"  hits="6"  branch="false" />
			<line number="34"  hits="8"  branch="true"  condition-coverage="100% (2/2)" />
			<line number="35"  hits="3"  branch="false" />
			<line number="37"  hits="5"  branch="false" />
			<line number="39"  hits="8"  branch="false" />
			<line number="41"  hits="2"  branch="false" />
			<line number="44"  hits="1"  branch="false" />
		</lines>
		</class>
		<class name="knuth-morris-pratt.js"  filename="src/searching/knuth-morris-pratt.js"  line-rate="0.9756"  branch-rate="0.92" >
		<methods>
			<method name="(anonymous_1)"  hits="1"  signature="()V" >
				<lines><line number="1"  hits="1" /></lines>
			</method>
			<method name="(anonymous_2)"  hits="1"  signature="()V" >
				<lines><line number="4"  hits="1" /></lines>
			</method>
			<method name="builtKMPTable"  hits="9"  signature="()V" >
				<lines><line number="5"  hits="9" /></lines>
			</method>
			<method name="indexOf"  hits="10"  signature="()V" >
				<lines><line number="48"  hits="10" /></lines>
			</method>
		</methods>
		<lines>
			<line number="1"  hits="1"  branch="false" />
			<line number="4"  hits="1"  branch="false" />
			<line number="5"  hits="1"  branch="false" />
			<line number="6"  hits="9"  branch="false" />
			<line number="7"  hits="9"  branch="false" />
			<line number="8"  hits="9"  branch="false" />
			<line number="9"  hits="9"  branch="false" />
			<line number="10"  hits="9"  branch="false" />
			<line number="11"  hits="9"  branch="false" />
			<line number="12"  hits="24"  branch="true"  condition-coverage="100% (2/2)" />
			<line number="13"  hits="24"  branch="true"  condition-coverage="100% (2/2)" />
			<line number="14"  hits="24"  branch="false" />
			<line number="15"  hits="24"  branch="false" />
			<line number="16"  hits="24"  branch="true"  condition-coverage="100% (3/3)" />
			<line number="17"  hits="16"  branch="true"  condition-coverage="100% (2/2)" />
			<line number="18"  hits="1"  branch="false" />
			<line number="19"  hits="1"  branch="false" />
			<line number="21"  hits="15"  branch="false" />
			<line number="22"  hits="15"  branch="false" />
			<line number="25"  hits="24"  branch="false" />
			<line number="27"  hits="9"  branch="false" />
			<line number="48"  hits="1"  branch="false" />
			<line number="49"  hits="10"  branch="true"  condition-coverage="100% (2/2)" />
			<line number="50"  hits="1"  branch="false" />
			<line number="52"  hits="9"  branch="false" />
			<line number="53"  hits="9"  branch="false" />
			<line number="54"  hits="9"  branch="false" />
			<line number="55"  hits="9"  branch="false" />
			<line number="56"  hits="25"  branch="true"  condition-coverage="100% (2/2)" />
			<line number="57"  hits="13"  branch="false" />
			<line number="58"  hits="13"  branch="false" />
			<line number="60"  hits="25"  branch="true"  condition-coverage="100% (2/2)" />
			<line number="61"  hits="6"  branch="false" />
			<line number="63"  hits="19"  branch="true"  condition-coverage="100% (4/4)" />
			<line number="64"  hits="12"  branch="true"  condition-coverage="75% (3/4)" />
			<line number="65"  hits="0"  branch="false" />
			<line number="67"  hits="12"  branch="false" />
[...]
			<line number="34"  hits="496"  branch="true"  condition-coverage="100% (2/2)" />
			<line number="35"  hits="496"  branch="false" />
			<line number="37"  hits="6"  branch="false" />
			<line number="38"  hits="13"  branch="false" />
			<line number="39"  hits="13"  branch="false" />
			<line number="40"  hits="13"  branch="false" />
			<line number="42"  hits="6"  branch="false" />
			<line number="43"  hits="13"  branch="false" />
			<line number="46"  hits="4"  branch="false" />
			<line number="49"  hits="1"  branch="false" />
		</lines>
		</class>
		<class name="mergesort.js"  filename="src/sorting/mergesort.js"  line-rate="1"  branch-rate="0.9091" >
		<methods>
			<method name="(anonymous_1)"  hits="1"  signature="()V" >
				<lines><line number="1"  hits="1" /></lines>
			</method>
			<method name="compare"  hits="542"  signature="()V" >
				<lines><line number="9"  hits="542" /></lines>
			</method>
			<method name="mergeSort"  hits="406"  signature="()V" >
				<lines><line number="30"  hits="406" /></lines>
			</method>
			<method name="(anonymous_4)"  hits="201"  signature="()V" >
				<lines><line number="65"  hits="201" /></lines>
			</method>
		</methods>
		<lines>
			<line number="1"  hits="1"  branch="false" />
			<line number="7"  hits="1"  branch="false" />
			<line number="9"  hits="1"  branch="false" />
			<line number="10"  hits="542"  branch="false" />
			<line number="30"  hits="1"  branch="false" />
			<line number="31"  hits="406"  branch="true"  condition-coverage="100% (2/2)" />
			<line number="32"  hits="406"  branch="true"  condition-coverage="100% (2/2)" />
			<line number="33"  hits="406"  branch="true"  condition-coverage="100% (2/2)" />
			<line number="34"  hits="406"  branch="true"  condition-coverage="100% (2/2)" />
			<line number="35"  hits="205"  branch="false" />
			<line number="37"  hits="201"  branch="false" />
			<line number="39"  hits="201"  branch="false" />
			<line number="40"  hits="201"  branch="false" />
			<line number="42"  hits="201"  branch="false" />
			<line number="65"  hits="1"  branch="false" />
			<line number="66"  hits="201"  branch="false" />
			<line number="67"  hits="201"  branch="false" />
			<line number="69"  hits="201"  branch="false" />
			<line number="70"  hits="201"  branch="false" />
			<line number="71"  hits="201"  branch="false" />
			<line number="72"  hits="201"  branch="false" />
			<line number="73"  hits="201"  branch="false" />
			<line number="75"  hits="201"  branch="false" />
			<line number="76"  hits="716"  branch="true"  condition-coverage="50% (1/2)" />
			<line number="77"  hits="716"  branch="false" />
			<line number="79"  hits="716"  branch="true"  condition-coverage="100% (2/2)" />
			<line number="80"  hits="636"  branch="false" />
			<line number="83"  hits="201"  branch="false" />
			<line number="84"  hits="201"  branch="false" />
			<line number="85"  hits="1352"  branch="true"  condition-coverage="100% (4/4)" />
			<line number="86"  hits="1090"  branch="true"  condition-coverage="100% (2/2)" />
			<line number="87"  hits="530"  branch="false" />
			<line number="89"  hits="560"  branch="false" />
			<line number="91"  hits="262"  branch="true"  condition-coverage="100% (2/2)" />
			<line number="92"  hits="156"  branch="false" />
			<line number="94"  hits="106"  branch="false" />
			<line number="96"  hits="1352"  branch="false" />
			<line number="98"  hits="201"  branch="false" />
			<line number="101"  hits="1"  branch="false" />
		</lines>
		</class>
		<class name="msd.js"  filename="src/sorting/msd.js"  line-rate="1"  branch-rate="0.9167000000000001" >
		<methods>
			<method name="(anonymous_1)"  hits="1"  signature="()V" >
				<lines><line number="1"  hits="1" /></lines>
			</method>
			<method name="charCodeAt"  hits="46"  signature="()V" >
				<lines><line number="4"  hits="46" /></lines>
			</method>
			<method name="sort"  hits="893"  signature="()V" >
				<lines><line number="8"  hits="893" /></lines>
			</method>
			<method name="msd"  hits="4"  signature="()V" >
				<lines><line number="57"  hits="4" /></lines>
			</method>
		</methods>
		<lines>
			<line number="1"  hits="1"  branch="false" />
			<line number="4"  hits="1"  branch="false" />
			<line number="5"  hits="46"  branch="true"  condition-coverage="100% (2/2)" />
			<line number="8"  hits="1"  branch="false" />
			<line number="9"  hits="893"  branch="false" />
			<line number="10"  hits="893"  branch="false" />
			<line number="11"  hits="893"  branch="false" />
			<line number="12"  hits="893"  branch="false" />
			<line number="15"  hits="893"  branch="false" />
			<line number="16"  hits="23"  branch="false" />
			<line number="17"  hits="23"  branch="true"  condition-coverage="100% (2/2)" />
			<line number="18"  hits="23"  branch="false" />
			<line number="20"  hits="893"  branch="false" />
			<line number="21"  hits="904"  branch="true"  condition-coverage="100% (2/2)" />
			<line number="22"  hits="904"  branch="true"  condition-coverage="100% (2/2)" />
			<line number="23"  hits="904"  branch="false" />
			<line number="25"  hits="893"  branch="false" />
			<line number="26"  hits="23"  branch="false" />
			<line number="27"  hits="23"  branch="false" />
			<line number="28"  hits="23"  branch="false" />
			<line number="30"  hits="893"  branch="false" />
			<line number="31"  hits="23"  branch="false" />
			<line number="33"  hits="893"  branch="false" />
			<line number="34"  hits="889"  branch="false" />
			<line number="57"  hits="1"  branch="false" />
			<line number="58"  hits="4"  branch="true"  condition-coverage="100% (2/2)" />
			<line number="59"  hits="4"  branch="false" />
			<line number="60"  hits="4"  branch="false" />
			<line number="63"  hits="1"  branch="false" />
		</lines>
		</class>
		<class name="oddeven-sort.js"  filename="src/sorting/oddeven-sort.js"  line-rate="1"  branch-rate="0.8332999999999999" >
		<methods>
			<method name="(anonymous_1)"  hits="1"  signature="()V" >
				<lines><line number="1"  hits="1" /></lines>
			</method>
			<method name="oddEvenSort"  hits="3"  signature="()V" >
				<lines><line number="18"  hits="3" /></lines>
			</method>
			<method name="swap"  hits="2"  signature="()V" >
				<lines><line number="19"  hits="2" /></lines>
			</method>
		</methods>
		<lines>
			<line number="1"  hits="1"  branch="false" />
			<line number="18"  hits="1"  branch="false" />
			<line number="19"  hits="1"  branch="false" />
			<line number="20"  hits="2"  branch="false" />
			<line number="21"  hits="2"  branch="false" />
			<line number="22"  hits="2"  branch="false" />
			<line number="25"  hits="3"  branch="false" />
			<line number="26"  hits="3"  branch="false" />
			<line number="27"  hits="5"  branch="false" />
			<line number="28"  hits="5"  branch="false" />
			<line number="29"  hits="4"  branch="true"  condition-coverage="100% (2/2)" />
			<line number="30"  hits="1"  branch="false" />
			<line number="31"  hits="1"  branch="false" />
			<line number="35"  hits="5"  branch="false" />
			<line number="36"  hits="4"  branch="true"  condition-coverage="100% (2/2)" />
			<line number="37"  hits="1"  branch="false" />
			<line number="38"  hits="1"  branch="false" />
			<line number="42"  hits="3"  branch="false" />
			<line number="45"  hits="1"  branch="false" />
		</lines>
		</class>
		<class name="quicksort-middle.js"  filename="src/sorting/quicksort-middle.js"  line-rate="1"  branch-rate="0.9" >
		<methods>
			<method name="(anonymous_1)"  hits="1"  signature="()V" >
				<lines><line number="1"  hits="1" /></lines>
			</method>
			<method name="compare"  hits="1020"  signature="()V" >
				<lines><line number="5"  hits="1020" /></lines>
			</method>
			<method name="(anonymous_3)"  hits="1"  signature="()V" >
				<lines><line number="16"  hits="1" /></lines>
			</method>
			<method name="partition"  hits="202"  signature="()V" >
				<lines><line number="29"  hits="202" /></lines>
			</method>
			<method name="quicksort"  hits="202"  signature="()V" >
				<lines><line number="59"  hits="202" /></lines>
			</method>
			<method name="(anonymous_6)"  hits="4"  signature="()V" >
				<lines><line number="88"  hits="4" /></lines>
			</method>
		</methods>
		<lines>
			<line number="1"  hits="1"  branch="false" />
			<line number="5"  hits="1"  branch="false" />
			<line number="6"  hits="1020"  branch="false" />
			<line number="16"  hits="1"  branch="false" />
			<line number="29"  hits="1"  branch="false" />
			<line number="30"  hits="202"  branch="false" />
			<line number="31"  hits="202"  branch="false" />
			<line number="32"  hits="202"  branch="false" />
			<line number="33"  hits="435"  branch="false" />
			<line number="34"  hits="515"  branch="false" />
			<line number="36"  hits="435"  branch="false" />
			<line number="37"  hits="554"  branch="false" />
			<line number="39"  hits="435"  branch="true"  condition-coverage="100% (2/2)" />
			<line number="40"  hits="378"  branch="false" />
			<line number="41"  hits="378"  branch="false" />
			<line number="42"  hits="378"  branch="false" />
			<line number="43"  hits="378"  branch="false" />
			<line number="44"  hits="378"  branch="false" />
			<line number="47"  hits="202"  branch="false" />
			<line number="59"  hits="1"  branch="false" />
			<line number="60"  hits="202"  branch="false" />
			<line number="61"  hits="202"  branch="true"  condition-coverage="100% (2/2)" />
			<line number="62"  hits="103"  branch="false" />
			<line number="64"  hits="202"  branch="true"  condition-coverage="100% (2/2)" />
			<line number="65"  hits="95"  branch="false" />
			<line number="88"  hits="1"  branch="false" />
			<line number="89"  hits="4"  branch="true"  condition-coverage="100% (2/2)" />
			<line number="90"  hits="4"  branch="false" />
			<line number="91"  hits="4"  branch="false" />
			<line number="96"  hits="1"  branch="false" />
		</lines>
		</class>
		<class name="quicksort.js"  filename="src/sorting/quicksort.js"  line-rate="1"  branch-rate="0.875" >
		<methods>
			<method name="(anonymous_1)"  hits="1"  signature="()V" >
				<lines><line number="1"  hits="1" /></lines>
			</method>
			<method name="(anonymous_2)"  hits="1"  signature="()V" >
				<lines><line number="10"  hits="1" /></lines>
			</method>
			<method name="compare"  hits="603"  signature="()V" >
				<lines><line number="12"  hits="603" /></lines>
			</method>
			<method name="swap"  hits="757"  signature="()V" >
				<lines><line number="25"  hits="757" /></lines>
			</method>
			<method name="partition"  hits="204"  signature="()V" >
				<lines><line number="40"  hits="204" /></lines>
			</method>
			<method name="quickSort"  hits="412"  signature="()V" >
				<lines><line number="63"  hits="412" /></lines>
			</method>
			<method name="(anonymous_7)"  hits="4"  signature="()V" >
				<lines><line number="79"  hits="4" /></lines>
			</method>
		</methods>
		<lines>
			<line number="1"  hits="1"  branch="false" />
			<line number="10"  hits="1"  branch="false" />
			<line number="12"  hits="1"  branch="false" />
			<line number="13"  hits="603"  branch="false" />
			<line number="25"  hits="1"  branch="false" />
			<line number="26"  hits="757"  branch="false" />
			<line number="27"  hits="757"  branch="false" />
			<line number="28"  hits="757"  branch="false" />
			<line number="29"  hits="757"  branch="false" />
			<line number="40"  hits="1"  branch="false" />
			<line number="41"  hits="204"  branch="false" />
			<line number="42"  hits="204"  branch="false" />
			<line number="43"  hits="204"  branch="false" />
			<line number="44"  hits="204"  branch="false" />
			<line number="45"  hits="1181"  branch="true"  condition-coverage="100% (2/2)" />
			<line number="46"  hits="553"  branch="false" />
			<line number="47"  hits="553"  branch="false" />
			<line number="50"  hits="204"  branch="false" />
			<line number="51"  hits="204"  branch="false" />
			<line number="63"  hits="1"  branch="false" />
			<line number="64"  hits="412"  branch="true"  condition-coverage="100% (2/2)" />
			<line number="65"  hits="204"  branch="false" />
			<line number="66"  hits="204"  branch="false" />
			<line number="67"  hits="204"  branch="false" />
			<line number="69"  hits="412"  branch="false" />
			<line number="79"  hits="1"  branch="false" />
			<line number="80"  hits="4"  branch="true"  condition-coverage="100% (2/2)" />
			<line number="81"  hits="4"  branch="false" />
			<line number="85"  hits="1"  branch="false" />
		</lines>
		</class>
		<class name="radixsort.js"  filename="src/sorting/radixsort.js"  line-rate="0.9737"  branch-rate="0.8571" >
		<methods>
			<method name="(anonymous_1)"  hits="1"  signature="()V" >
				<lines><line number="1"  hits="1" /></lines>
			</method>
			<method name="(anonymous_2)"  hits="1"  signature="()V" >
				<lines><line number="4"  hits="1" /></lines>
			</method>
			<method name="(anonymous_3)"  hits="18"  signature="()V" >
				<lines><line number="19"  hits="18" /></lines>
			</method>
			<method name="(anonymous_4)"  hits="3"  signature="()V" >
				<lines><line number="46"  hits="3" /></lines>
			</method>
		</methods>
		<lines>
			<line number="1"  hits="1"  branch="false" />
			<line number="4"  hits="1"  branch="false" />
			<line number="19"  hits="1"  branch="false" />
			<line number="20"  hits="18"  branch="false" />
			<line number="21"  hits="18"  branch="false" />
			<line number="23"  hits="18"  branch="true"  condition-coverage="100% (4/4)" />
			<line number="24"  hits="16"  branch="false" />
			<line number="27"  hits="18"  branch="false" />
			<line number="46"  hits="1"  branch="false" />
			<line number="47"  hits="3"  branch="false" />
			<line number="48"  hits="3"  branch="false" />
			<line number="49"  hits="3"  branch="false" />
			<line number="50"  hits="3"  branch="false" />
			<line number="51"  hits="3"  branch="false" />
			<line number="52"  hits="3"  branch="false" />
			<line number="55"  hits="3"  branch="true"  condition-coverage="100% (2/2)" />
			<line number="56"  hits="3"  branch="false" />
			<line number="57"  hits="4"  branch="false" />
			<line number="58"  hits="4"  branch="true"  condition-coverage="50% (1/2)" />
			<line number="59"  hits="0"  branch="false" />
			<line number="63"  hits="3"  branch="false" />
			<line number="65"  hits="3"  branch="false" />
			<line number="66"  hits="3"  branch="false" />
			<line number="67"  hits="30"  branch="false" />
			<line number="71"  hits="3"  branch="false" />
			<line number="72"  hits="9"  branch="true"  condition-coverage="100% (2/2)" />
			<line number="73"  hits="9"  branch="false" />
			<line number="77"  hits="3"  branch="false" />
			<line number="78"  hits="27"  branch="false" />
			<line number="82"  hits="3"  branch="false" />
			<line number="83"  hits="3"  branch="false" />
			<line number="84"  hits="9"  branch="true"  condition-coverage="100% (2/2)" />
			<line number="85"  hits="9"  branch="false" />
			<line number="86"  hits="9"  branch="false" />
			<line number="90"  hits="3"  branch="false" />
			<line number="91"  hits="9"  branch="false" />
			<line number="94"  hits="3"  branch="false" />
			<line number="98"  hits="1"  branch="false" />
		</lines>
		</class>
		<class name="recursive-insertionsort.js"  filename="src/sorting/recursive-insertionsort.js"  line-rate="1"  branch-rate="0.9" >
		<methods>
			<method name="(anonymous_1)"  hits="1"  signature="()V" >
				<lines><line number="1"  hits="1" /></lines>
			</method>
			<method name="compare"  hits="2738"  signature="()V" >
				<lines><line number="4"  hits="2738" /></lines>
			</method>
			<method name="recursiveInsertionSort"  hits="205"  signature="()V" >
				<lines><line number="28"  hits="205" /></lines>
			</method>
		</methods>
		<lines>
			<line number="1"  hits="1"  branch="false" />
			<line number="4"  hits="1"  branch="false" />
			<line number="5"  hits="2738"  branch="false" />
			<line number="28"  hits="1"  branch="false" />
			<line number="29"  hits="205"  branch="true"  condition-coverage="100% (2/2)" />
			<line number="30"  hits="205"  branch="true"  condition-coverage="100% (2/2)" />
			<line number="31"  hits="4"  branch="false" />
			<line number="33"  hits="205"  branch="true"  condition-coverage="100% (2/2)" />
			<line number="34"  hits="4"  branch="false" />
			<line number="36"  hits="201"  branch="false" />
			<line number="37"  hits="201"  branch="false" />
			<line number="39"  hits="5384"  branch="false" />
			<line number="41"  hits="201"  branch="false" />
			<line number="42"  hits="201"  branch="false" />
			<line number="45"  hits="1"  branch="false" />
		</lines>
		</class>
		<class name="selectionsort.js"  filename="src/sorting/selectionsort.js"  line-rate="1"  branch-rate="0.8332999999999999" >
		<methods>
			<method name="(anonymous_1)"  hits="1"  signature="()V" >
				<lines><line number="1"  hits="1" /></lines>
			</method>
			<method name="compare"  hits="4956"  signature="()V" >
				<lines><line number="4"  hits="4956" /></lines>
			</method>
			<method name="(anonymous_3)"  hits="4"  signature="()V" >
				<lines><line number="26"  hits="4" /></lines>
			</method>
		</methods>
		<lines>
			<line number="1"  hits="1"  branch="false" />
			<line number="4"  hits="1"  branch="false" />
			<line number="5"  hits="4956"  branch="false" />
			<line number="26"  hits="1"  branch="false" />
			<line number="27"  hits="4"  branch="true"  condition-coverage="100% (2/2)" />
			<line number="28"  hits="4"  branch="false" />
			<line number="29"  hits="4"  branch="false" />
			<line number="30"  hits="4"  branch="false" />
			<line number="31"  hits="4"  branch="false" />
			<line number="32"  hits="204"  branch="false" />
			<line number="33"  hits="204"  branch="false" />
			<line number="34"  hits="204"  branch="false" />
			<line number="35"  hits="9906"  branch="true"  condition-coverage="100% (2/2)" />
			<line number="36"  hits="693"  branch="false" />
			<line number="37"  hits="693"  branch="false" />
			<line number="40"  hits="204"  branch="false" />
			<line number="41"  hits="204"  branch="false" />
			<line number="42"  hits="204"  branch="false" />
			<line number="44"  hits="4"  branch="false" />
			<line number="47"  hits="1"  branch="false" />
		</lines>
		</class>
		<class name="shellsort.js"  filename="src/sorting/shellsort.js"  line-rate="1"  branch-rate="0.8332999999999999" >
		<methods>
			<method name="(anonymous_1)"  hits="1"  signature="()V" >
				<lines><line number="1"  hits="1" /></lines>
			</method>
			<method name="compare"  hits="2209"  signature="()V" >
				<lines><line number="4"  hits="2209" /></lines>
			</method>
			<method name="(anonymous_3)"  hits="1"  signature="()V" >
				<lines><line number="8"  hits="1" /></lines>
			</method>
			<method name="(anonymous_4)"  hits="4"  signature="()V" >
				<lines><line number="30"  hits="4" /></lines>
			</method>
		</methods>
		<lines>
			<line number="1"  hits="1"  branch="false" />
			<line number="4"  hits="1"  branch="false" />
			<line number="5"  hits="2209"  branch="false" />
			<line number="8"  hits="1"  branch="false" />
			<line number="10"  hits="1"  branch="false" />
			<line number="30"  hits="1"  branch="false" />
			<line number="31"  hits="4"  branch="true"  condition-coverage="100% (2/2)" />
			<line number="33"  hits="4"  branch="false" />
			<line number="34"  hits="4"  branch="false" />
			<line number="35"  hits="4"  branch="false" />
			<line number="36"  hits="32"  branch="false" />
			<line number="37"  hits="32"  branch="false" />
			<line number="38"  hits="277"  branch="false" />
			<line number="39"  hits="277"  branch="false" />
			<line number="41"  hits="4266"  branch="false" />
			<line number="43"  hits="277"  branch="false" />
			<line number="46"  hits="4"  branch="false" />
			<line number="51"  hits="1"  branch="false" />
		</lines>
		</class>
	</classes>
	</package>
</packages>
</coverage>
